[0.010s] Invoking command in '/home/enesisaoglu/rmis_ws/build/kinect2_bridge': AMENT_PREFIX_PATH=/home/enesisaoglu/rmis_ws/install/kinect2_registration:${AMENT_PREFIX_PATH} CMAKE_PREFIX_PATH=/home/enesisaoglu/rmis_ws/install/kinect2_registration:/opt/ros/humble LD_LIBRARY_PATH=/home/enesisaoglu/rmis_ws/install/kinect2_registration/lib:${LD_LIBRARY_PATH} /usr/bin/cmake --build /home/enesisaoglu/rmis_ws/build/kinect2_bridge -- -j22 -l22
[0.063s] [100%] Built target kinect2_bridge
[0.071s] Invoked command in '/home/enesisaoglu/rmis_ws/build/kinect2_bridge' returned '0': AMENT_PREFIX_PATH=/home/enesisaoglu/rmis_ws/install/kinect2_registration:${AMENT_PREFIX_PATH} CMAKE_PREFIX_PATH=/home/enesisaoglu/rmis_ws/install/kinect2_registration:/opt/ros/humble LD_LIBRARY_PATH=/home/enesisaoglu/rmis_ws/install/kinect2_registration/lib:${LD_LIBRARY_PATH} /usr/bin/cmake --build /home/enesisaoglu/rmis_ws/build/kinect2_bridge -- -j22 -l22
[0.073s] Invoking command in '/home/enesisaoglu/rmis_ws/build/kinect2_bridge': AMENT_PREFIX_PATH=/home/enesisaoglu/rmis_ws/install/kinect2_registration:${AMENT_PREFIX_PATH} CMAKE_PREFIX_PATH=/home/enesisaoglu/rmis_ws/install/kinect2_registration:/opt/ros/humble LD_LIBRARY_PATH=/home/enesisaoglu/rmis_ws/install/kinect2_registration/lib:${LD_LIBRARY_PATH} /usr/bin/cmake --install /home/enesisaoglu/rmis_ws/build/kinect2_bridge
[0.080s] -- Install configuration: ""
[0.081s] -- Up-to-date: /home/enesisaoglu/rmis_ws/install/kinect2_bridge/lib/kinect2_bridge/kinect2_bridge
[0.081s] -- Up-to-date: /home/enesisaoglu/rmis_ws/install/kinect2_bridge/include
[0.081s] -- Up-to-date: /home/enesisaoglu/rmis_ws/install/kinect2_bridge/include/kinect2_bridge
[0.081s] -- Up-to-date: /home/enesisaoglu/rmis_ws/install/kinect2_bridge/include/kinect2_bridge/kinect2_definitions.h
[0.081s] -- Up-to-date: /home/enesisaoglu/rmis_ws/install/kinect2_bridge/share/kinect2_bridge/launch
[0.081s] -- Installing: /home/enesisaoglu/rmis_ws/install/kinect2_bridge/share/kinect2_bridge/launch/kinect2_bridge.launch.py
[0.081s] -- Up-to-date: /home/enesisaoglu/rmis_ws/install/kinect2_bridge/share/ament_index/resource_index/package_run_dependencies/kinect2_bridge
[0.082s] -- Up-to-date: /home/enesisaoglu/rmis_ws/install/kinect2_bridge/share/ament_index/resource_index/parent_prefix_path/kinect2_bridge
[0.082s] -- Up-to-date: /home/enesisaoglu/rmis_ws/install/kinect2_bridge/share/kinect2_bridge/environment/ament_prefix_path.sh
[0.082s] -- Up-to-date: /home/enesisaoglu/rmis_ws/install/kinect2_bridge/share/kinect2_bridge/environment/ament_prefix_path.dsv
[0.082s] -- Up-to-date: /home/enesisaoglu/rmis_ws/install/kinect2_bridge/share/kinect2_bridge/environment/path.sh
[0.082s] -- Up-to-date: /home/enesisaoglu/rmis_ws/install/kinect2_bridge/share/kinect2_bridge/environment/path.dsv
[0.082s] -- Up-to-date: /home/enesisaoglu/rmis_ws/install/kinect2_bridge/share/kinect2_bridge/local_setup.bash
[0.082s] -- Up-to-date: /home/enesisaoglu/rmis_ws/install/kinect2_bridge/share/kinect2_bridge/local_setup.sh
[0.082s] -- Up-to-date: /home/enesisaoglu/rmis_ws/install/kinect2_bridge/share/kinect2_bridge/local_setup.zsh
[0.082s] -- Up-to-date: /home/enesisaoglu/rmis_ws/install/kinect2_bridge/share/kinect2_bridge/local_setup.dsv
[0.082s] -- Installing: /home/enesisaoglu/rmis_ws/install/kinect2_bridge/share/kinect2_bridge/package.dsv
[0.082s] -- Up-to-date: /home/enesisaoglu/rmis_ws/install/kinect2_bridge/share/ament_index/resource_index/packages/kinect2_bridge
[0.082s] -- Up-to-date: /home/enesisaoglu/rmis_ws/install/kinect2_bridge/share/kinect2_bridge/cmake/ament_cmake_export_include_directories-extras.cmake
[0.082s] -- Up-to-date: /home/enesisaoglu/rmis_ws/install/kinect2_bridge/share/kinect2_bridge/cmake/ament_cmake_export_dependencies-extras.cmake
[0.082s] -- Up-to-date: /home/enesisaoglu/rmis_ws/install/kinect2_bridge/share/kinect2_bridge/cmake/kinect2_bridgeConfig.cmake
[0.082s] -- Up-to-date: /home/enesisaoglu/rmis_ws/install/kinect2_bridge/share/kinect2_bridge/cmake/kinect2_bridgeConfig-version.cmake
[0.082s] -- Up-to-date: /home/enesisaoglu/rmis_ws/install/kinect2_bridge/share/kinect2_bridge/package.xml
[0.084s] Invoked command in '/home/enesisaoglu/rmis_ws/build/kinect2_bridge' returned '0': AMENT_PREFIX_PATH=/home/enesisaoglu/rmis_ws/install/kinect2_registration:${AMENT_PREFIX_PATH} CMAKE_PREFIX_PATH=/home/enesisaoglu/rmis_ws/install/kinect2_registration:/opt/ros/humble LD_LIBRARY_PATH=/home/enesisaoglu/rmis_ws/install/kinect2_registration/lib:${LD_LIBRARY_PATH} /usr/bin/cmake --install /home/enesisaoglu/rmis_ws/build/kinect2_bridge
