[0.008s] Invoking command in '/home/enesisaoglu/rmis_ws/build/rmis_description': CMAKE_PREFIX_PATH=${CMAKE_PREFIX_PATH}:/opt/ros/humble /usr/bin/cmake /home/enesisaoglu/rmis_ws/src/rmis_description -DCMAKE_INSTALL_PREFIX=/home/enesisaoglu/rmis_ws/install/rmis_description
[0.091s] -- The C compiler identification is GNU 11.4.0
[0.162s] -- The CXX compiler identification is GNU 11.4.0
[0.168s] -- Detecting C compiler ABI info
[0.221s] -- Detecting C compiler ABI info - done
[0.226s] -- Check for working C compiler: /usr/bin/cc - skipped
[0.226s] -- Detecting C compile features
[0.227s] -- Detecting C compile features - done
[0.229s] -- Detecting CXX compiler ABI info
[0.284s] -- Detecting CXX compiler ABI info - done
[0.287s] -- Check for working CXX compiler: /usr/bin/c++ - skipped
[0.287s] -- Detecting CXX compile features
[0.288s] -- Detecting CXX compile features - done
[0.289s] -- Found ament_cmake: 1.3.11 (/opt/ros/humble/share/ament_cmake/cmake)
[0.386s] -- Found Python3: /usr/bin/python3 (found version "3.10.12") found components: Interpreter 
[0.438s] -- Found ament_lint_auto: 0.12.11 (/opt/ros/humble/share/ament_lint_auto/cmake)
[0.480s] -- Added test 'flake8' to check Python code syntax and style conventions
[0.481s] -- Added test 'lint_cmake' to check CMake code style
[0.481s] -- Added test 'pep257' to check Python code against some of the docstring style conventions in PEP 257
[0.482s] -- Added test 'xmllint' to check XML markup files
[0.483s] -- Configuring done
[0.484s] -- Generating done
[0.485s] -- Build files have been written to: /home/enesisaoglu/rmis_ws/build/rmis_description
[0.488s] Invoked command in '/home/enesisaoglu/rmis_ws/build/rmis_description' returned '0': CMAKE_PREFIX_PATH=${CMAKE_PREFIX_PATH}:/opt/ros/humble /usr/bin/cmake /home/enesisaoglu/rmis_ws/src/rmis_description -DCMAKE_INSTALL_PREFIX=/home/enesisaoglu/rmis_ws/install/rmis_description
[0.491s] Invoking command in '/home/enesisaoglu/rmis_ws/build/rmis_description': CMAKE_PREFIX_PATH=${CMAKE_PREFIX_PATH}:/opt/ros/humble /usr/bin/cmake --build /home/enesisaoglu/rmis_ws/build/rmis_description -- -j22 -l22
[0.525s] Invoked command in '/home/enesisaoglu/rmis_ws/build/rmis_description' returned '0': CMAKE_PREFIX_PATH=${CMAKE_PREFIX_PATH}:/opt/ros/humble /usr/bin/cmake --build /home/enesisaoglu/rmis_ws/build/rmis_description -- -j22 -l22
[0.532s] Invoking command in '/home/enesisaoglu/rmis_ws/build/rmis_description': CMAKE_PREFIX_PATH=${CMAKE_PREFIX_PATH}:/opt/ros/humble /usr/bin/cmake --install /home/enesisaoglu/rmis_ws/build/rmis_description
[0.537s] -- Install configuration: ""
[0.537s] -- Installing: /home/enesisaoglu/rmis_ws/install/rmis_description/share/rmis_description/launch
[0.537s] -- Installing: /home/enesisaoglu/rmis_ws/install/rmis_description/share/rmis_description/launch/display.launch.py
[0.537s] -- Installing: /home/enesisaoglu/rmis_ws/install/rmis_description/share/rmis_description/urdf
[0.538s] -- Installing: /home/enesisaoglu/rmis_ws/install/rmis_description/share/rmis_description/urdf/rmis_robot.urdf
[0.538s] -- Installing: /home/enesisaoglu/rmis_ws/install/rmis_description/share/rmis_description/meshes
[0.538s] -- Installing: /home/enesisaoglu/rmis_ws/install/rmis_description/share/rmis_description/meshes/dae
[0.538s] -- Installing: /home/enesisaoglu/rmis_ws/install/rmis_description/share/rmis_description/meshes/dae/Hub_torque.020.dae
[0.542s] -- Installing: /home/enesisaoglu/rmis_ws/install/rmis_description/share/rmis_description/meshes/dae/Hub_torque.011.dae_history.log
[0.542s] -- Installing: /home/enesisaoglu/rmis_ws/install/rmis_description/share/rmis_description/meshes/dae/u_bracket.007.dae
[0.542s] -- Installing: /home/enesisaoglu/rmis_ws/install/rmis_description/share/rmis_description/meshes/dae/u_bracket.014.dae_history.log
[0.543s] -- Installing: /home/enesisaoglu/rmis_ws/install/rmis_description/share/rmis_description/meshes/dae/Cube.005.dae_history.log
[0.543s] -- Installing: /home/enesisaoglu/rmis_ws/install/rmis_description/share/rmis_description/meshes/dae/u_bracket.001.dae_history.log
[0.543s] -- Installing: /home/enesisaoglu/rmis_ws/install/rmis_description/share/rmis_description/meshes/dae/Cube.021.dae
[0.545s] -- Installing: /home/enesisaoglu/rmis_ws/install/rmis_description/share/rmis_description/meshes/dae/Hub_torque.010.dae_history.log
[0.545s] -- Installing: /home/enesisaoglu/rmis_ws/install/rmis_description/share/rmis_description/meshes/dae/u_bracket.007.dae_history.log
[0.545s] -- Installing: /home/enesisaoglu/rmis_ws/install/rmis_description/share/rmis_description/meshes/dae/Hub_torque.dae
[0.546s] -- Installing: /home/enesisaoglu/rmis_ws/install/rmis_description/share/rmis_description/meshes/dae/Cube.008.dae
[0.546s] -- Installing: /home/enesisaoglu/rmis_ws/install/rmis_description/share/rmis_description/meshes/dae/Cube.007.dae_history.log
[0.546s] -- Installing: /home/enesisaoglu/rmis_ws/install/rmis_description/share/rmis_description/meshes/dae/Cube.019.dae_history.log
[0.547s] -- Installing: /home/enesisaoglu/rmis_ws/install/rmis_description/share/rmis_description/meshes/dae/Hub_torque.035.dae
[0.547s] -- Installing: /home/enesisaoglu/rmis_ws/install/rmis_description/share/rmis_description/meshes/dae/u_bracket.005.dae
[0.547s] -- Installing: /home/enesisaoglu/rmis_ws/install/rmis_description/share/rmis_description/meshes/dae/u_bracket.003.dae_history.log
[0.547s] -- Installing: /home/enesisaoglu/rmis_ws/install/rmis_description/share/rmis_description/meshes/dae/u_bracket.004.dae_history.log
[0.547s] -- Installing: /home/enesisaoglu/rmis_ws/install/rmis_description/share/rmis_description/meshes/dae/Hub_torque.035.dae_history.log
[0.547s] -- Installing: /home/enesisaoglu/rmis_ws/install/rmis_description/share/rmis_description/meshes/dae/Cube.017.dae_history.log
[0.548s] -- Installing: /home/enesisaoglu/rmis_ws/install/rmis_description/share/rmis_description/meshes/dae/27-1a.001.dae
[0.548s] -- Installing: /home/enesisaoglu/rmis_ws/install/rmis_description/share/rmis_description/meshes/dae/offset_bracket.001.dae
[0.548s] -- Installing: /home/enesisaoglu/rmis_ws/install/rmis_description/share/rmis_description/meshes/dae/Hub_torque.010.dae
[0.549s] -- Installing: /home/enesisaoglu/rmis_ws/install/rmis_description/share/rmis_description/meshes/dae/Hub_torque.036.dae
[0.550s] -- Installing: /home/enesisaoglu/rmis_ws/install/rmis_description/share/rmis_description/meshes/dae/Cube.008.dae_history.log
[0.550s] -- Installing: /home/enesisaoglu/rmis_ws/install/rmis_description/share/rmis_description/meshes/dae/Cube.020.dae_history.log
[0.550s] -- Installing: /home/enesisaoglu/rmis_ws/install/rmis_description/share/rmis_description/meshes/dae/u_bracket.014.dae
[0.550s] -- Installing: /home/enesisaoglu/rmis_ws/install/rmis_description/share/rmis_description/meshes/dae/u_bracket.015.dae
[0.550s] -- Installing: /home/enesisaoglu/rmis_ws/install/rmis_description/share/rmis_description/meshes/dae/Cube.007.dae
[0.552s] -- Installing: /home/enesisaoglu/rmis_ws/install/rmis_description/share/rmis_description/meshes/dae/u_bracket.011.dae_history.log
[0.552s] -- Installing: /home/enesisaoglu/rmis_ws/install/rmis_description/share/rmis_description/meshes/dae/Cube.017.dae
[0.553s] -- Installing: /home/enesisaoglu/rmis_ws/install/rmis_description/share/rmis_description/meshes/dae/u_bracket.001.dae
[0.553s] -- Installing: /home/enesisaoglu/rmis_ws/install/rmis_description/share/rmis_description/meshes/dae/Hub_torque.036.dae_history.log
[0.553s] -- Installing: /home/enesisaoglu/rmis_ws/install/rmis_description/share/rmis_description/meshes/dae/Hub_torque.002.dae
[0.554s] -- Installing: /home/enesisaoglu/rmis_ws/install/rmis_description/share/rmis_description/meshes/dae/Cube.001.dae
[0.555s] -- Installing: /home/enesisaoglu/rmis_ws/install/rmis_description/share/rmis_description/meshes/dae/u_bracket.004.dae
[0.555s] -- Installing: /home/enesisaoglu/rmis_ws/install/rmis_description/share/rmis_description/meshes/dae/Cube.020.dae
[0.559s] -- Installing: /home/enesisaoglu/rmis_ws/install/rmis_description/share/rmis_description/meshes/dae/u_bracket.010.dae
[0.559s] -- Installing: /home/enesisaoglu/rmis_ws/install/rmis_description/share/rmis_description/meshes/dae/u_bracket.012.dae_history.log
[0.559s] -- Installing: /home/enesisaoglu/rmis_ws/install/rmis_description/share/rmis_description/meshes/dae/Cube.029.dae
[0.559s] -- Installing: /home/enesisaoglu/rmis_ws/install/rmis_description/share/rmis_description/meshes/dae/Hub_torque.020.dae_history.log
[0.559s] -- Installing: /home/enesisaoglu/rmis_ws/install/rmis_description/share/rmis_description/meshes/dae/u_bracket.011.dae
[0.559s] -- Installing: /home/enesisaoglu/rmis_ws/install/rmis_description/share/rmis_description/meshes/dae/u_bracket.015.dae_history.log
[0.560s] -- Installing: /home/enesisaoglu/rmis_ws/install/rmis_description/share/rmis_description/meshes/dae/u_bracket.012.dae
[0.560s] -- Installing: /home/enesisaoglu/rmis_ws/install/rmis_description/share/rmis_description/meshes/dae/27-1a.001.dae_history.log
[0.560s] -- Installing: /home/enesisaoglu/rmis_ws/install/rmis_description/share/rmis_description/meshes/dae/Hub_torque.dae_history.log
[0.560s] -- Installing: /home/enesisaoglu/rmis_ws/install/rmis_description/share/rmis_description/meshes/dae/offset_bracket.003.dae
[0.560s] -- Installing: /home/enesisaoglu/rmis_ws/install/rmis_description/share/rmis_description/meshes/dae/Cube.029.dae_history.log
[0.560s] -- Installing: /home/enesisaoglu/rmis_ws/install/rmis_description/share/rmis_description/meshes/dae/offset_bracket.001.dae_history.log
[0.561s] -- Installing: /home/enesisaoglu/rmis_ws/install/rmis_description/share/rmis_description/meshes/dae/Hub_torque.011.dae
[0.561s] -- Installing: /home/enesisaoglu/rmis_ws/install/rmis_description/share/rmis_description/meshes/dae/Hub_torque.002.dae_history.log
[0.561s] -- Installing: /home/enesisaoglu/rmis_ws/install/rmis_description/share/rmis_description/meshes/dae/u_bracket.005.dae_history.log
[0.562s] -- Installing: /home/enesisaoglu/rmis_ws/install/rmis_description/share/rmis_description/meshes/dae/Cube.023.dae_history.log
[0.562s] -- Installing: /home/enesisaoglu/rmis_ws/install/rmis_description/share/rmis_description/meshes/dae/Hub_torque.008.dae
[0.563s] -- Installing: /home/enesisaoglu/rmis_ws/install/rmis_description/share/rmis_description/meshes/dae/Cube.019.dae
[0.564s] -- Installing: /home/enesisaoglu/rmis_ws/install/rmis_description/share/rmis_description/meshes/dae/Hub_torque.008.dae_history.log
[0.564s] -- Installing: /home/enesisaoglu/rmis_ws/install/rmis_description/share/rmis_description/meshes/dae/u_bracket.003.dae
[0.565s] -- Installing: /home/enesisaoglu/rmis_ws/install/rmis_description/share/rmis_description/meshes/dae/Cube.021.dae_history.log
[0.565s] -- Installing: /home/enesisaoglu/rmis_ws/install/rmis_description/share/rmis_description/meshes/dae/Cube.001.dae_history.log
[0.565s] -- Installing: /home/enesisaoglu/rmis_ws/install/rmis_description/share/rmis_description/meshes/dae/Cube.005.dae
[0.565s] -- Installing: /home/enesisaoglu/rmis_ws/install/rmis_description/share/rmis_description/meshes/dae/u_bracket.010.dae_history.log
[0.566s] -- Installing: /home/enesisaoglu/rmis_ws/install/rmis_description/share/rmis_description/meshes/dae/Cube.023.dae
[0.566s] -- Installing: /home/enesisaoglu/rmis_ws/install/rmis_description/share/rmis_description/meshes/dae/offset_bracket.003.dae_history.log
[0.566s] -- Installing: /home/enesisaoglu/rmis_ws/install/rmis_description/share/ament_index/resource_index/package_run_dependencies/rmis_description
[0.566s] -- Installing: /home/enesisaoglu/rmis_ws/install/rmis_description/share/ament_index/resource_index/parent_prefix_path/rmis_description
[0.566s] -- Installing: /home/enesisaoglu/rmis_ws/install/rmis_description/share/rmis_description/environment/ament_prefix_path.sh
[0.566s] -- Installing: /home/enesisaoglu/rmis_ws/install/rmis_description/share/rmis_description/environment/ament_prefix_path.dsv
[0.566s] -- Installing: /home/enesisaoglu/rmis_ws/install/rmis_description/share/rmis_description/environment/path.sh
[0.567s] -- Installing: /home/enesisaoglu/rmis_ws/install/rmis_description/share/rmis_description/environment/path.dsv
[0.567s] -- Installing: /home/enesisaoglu/rmis_ws/install/rmis_description/share/rmis_description/local_setup.bash
[0.567s] -- Installing: /home/enesisaoglu/rmis_ws/install/rmis_description/share/rmis_description/local_setup.sh
[0.567s] -- Installing: /home/enesisaoglu/rmis_ws/install/rmis_description/share/rmis_description/local_setup.zsh
[0.567s] -- Installing: /home/enesisaoglu/rmis_ws/install/rmis_description/share/rmis_description/local_setup.dsv
[0.567s] -- Installing: /home/enesisaoglu/rmis_ws/install/rmis_description/share/rmis_description/package.dsv
[0.567s] -- Installing: /home/enesisaoglu/rmis_ws/install/rmis_description/share/ament_index/resource_index/packages/rmis_description
[0.567s] -- Installing: /home/enesisaoglu/rmis_ws/install/rmis_description/share/rmis_description/cmake/rmis_descriptionConfig.cmake
[0.567s] -- Installing: /home/enesisaoglu/rmis_ws/install/rmis_description/share/rmis_description/cmake/rmis_descriptionConfig-version.cmake
[0.567s] -- Installing: /home/enesisaoglu/rmis_ws/install/rmis_description/share/rmis_description/package.xml
[0.568s] Invoked command in '/home/enesisaoglu/rmis_ws/build/rmis_description' returned '0': CMAKE_PREFIX_PATH=${CMAKE_PREFIX_PATH}:/opt/ros/humble /usr/bin/cmake --install /home/enesisaoglu/rmis_ws/build/rmis_description
