[0.000000] (-) TimerEvent: {}
[0.000336] (kinect2_registration) JobQueued: {'identifier': 'kinect2_registration', 'dependencies': OrderedDict()}
[0.000352] (rmis_description) JobQueued: {'identifier': 'rmis_description', 'dependencies': OrderedDict()}
[0.000361] (kinect2_bridge) JobQueued: {'identifier': 'kinect2_bridge', 'dependencies': OrderedDict([('kinect2_registration', '/home/enesisaoglu/rmis_ws/install/kinect2_registration')])}
[0.001049] (kinect2_registration) JobStarted: {'identifier': 'kinect2_registration'}
[0.006205] (rmis_description) JobStarted: {'identifier': 'rmis_description'}
[0.009393] (kinect2_registration) JobProgress: {'identifier': 'kinect2_registration', 'progress': 'cmake'}
[0.009651] (kinect2_registration) JobProgress: {'identifier': 'kinect2_registration', 'progress': 'build'}
[0.010071] (kinect2_registration) Command: {'cmd': ['/usr/bin/cmake', '--build', '/home/enesisaoglu/rmis_ws/build/kinect2_registration', '--', '-j22', '-l22'], 'cwd': '/home/enesisaoglu/rmis_ws/build/kinect2_registration', 'env': OrderedDict([('GJS_DEBUG_TOPICS', 'JS ERROR;JS LOG'), ('LESSOPEN', '| /usr/bin/lesspipe %s'), ('USER', 'enesisaoglu'), ('LC_TIME', 'tr_TR.UTF-8'), ('XDG_SESSION_TYPE', 'wayland'), ('SHLVL', '1'), ('LD_LIBRARY_PATH', '/opt/ros/humble/opt/rviz_ogre_vendor/lib:/opt/ros/humble/lib/x86_64-linux-gnu:/opt/ros/humble/lib'), ('HOME', '/home/enesisaoglu'), ('OLDPWD', '/home/enesisaoglu'), ('DESKTOP_SESSION', 'ubuntu'), ('GIO_LAUNCHED_DESKTOP_FILE', '/usr/share/applications/terminator.desktop'), ('ROS_PYTHON_VERSION', '3'), ('GNOME_SHELL_SESSION_MODE', 'ubuntu'), ('GTK_MODULES', 'gail:atk-bridge'), ('LC_MONETARY', 'tr_TR.UTF-8'), ('MANAGERPID', '1860'), ('SYSTEMD_EXEC_PID', '2045'), ('DBUS_SESSION_BUS_ADDRESS', 'unix:path=/run/user/1000/bus'), ('COLORTERM', 'truecolor'), ('TERMINATOR_DBUS_NAME', 'net.tenshu.Terminator25ef4b219e3b005583550f2b0f9f990c3'), ('GIO_LAUNCHED_DESKTOP_FILE_PID', '4283'), ('IM_CONFIG_PHASE', '1'), ('WAYLAND_DISPLAY', 'wayland-0'), ('ROS_DISTRO', 'humble'), ('LOGNAME', 'enesisaoglu'), ('JOURNAL_STREAM', '8:3698'), ('_', '/usr/bin/colcon'), ('ROS_VERSION', '2'), ('XDG_SESSION_CLASS', 'user'), ('USERNAME', 'enesisaoglu'), ('TERM', 'xterm-256color'), ('GNOME_DESKTOP_SESSION_ID', 'this-is-deprecated'), ('ROS_LOCALHOST_ONLY', '0'), ('PATH', '/opt/ros/humble/bin:/home/enesisaoglu/.local/bin:/usr/local/sbin:/usr/local/bin:/usr/sbin:/usr/bin:/sbin:/bin:/usr/games:/usr/local/games:/snap/bin:/snap/bin'), ('SESSION_MANAGER', 'local/enesisaoglu-Stealth-16-AI-Studio-A1VGG:@/tmp/.ICE-unix/2016,unix/enesisaoglu-Stealth-16-AI-Studio-A1VGG:/tmp/.ICE-unix/2016'), ('INVOCATION_ID', '4c2109d650d54d49aba5bca122939b3a'), ('XDG_MENU_PREFIX', 'gnome-'), ('LC_ADDRESS', 'tr_TR.UTF-8'), ('GNOME_SETUP_DISPLAY', ':1'), ('XDG_RUNTIME_DIR', '/run/user/1000'), ('DISPLAY', ':0'), ('TERMINATOR_DBUS_PATH', '/net/tenshu/Terminator2'), ('LANG', 'en_US.UTF-8'), ('XDG_CURRENT_DESKTOP', 'ubuntu:GNOME'), ('IBUS_DISABLE_SNOOPER', '1'), ('LC_TELEPHONE', 'tr_TR.UTF-8'), ('XMODIFIERS', '@im=ibus'), ('XDG_SESSION_DESKTOP', 'ubuntu'), ('XAUTHORITY', '/run/user/1000/.mutter-Xwaylandauth.AKHB42'), ('SSH_AGENT_LAUNCHER', 'gnome-keyring'), ('SSH_AUTH_SOCK', '/run/user/1000/keyring/ssh'), ('AMENT_PREFIX_PATH', '/opt/ros/humble'), ('SHELL', '/bin/bash'), ('LC_NAME', 'tr_TR.UTF-8'), ('TERMINATOR_UUID', 'urn:uuid:32ffa0ce-3242-4118-82cf-2dcdb1ee36e5'), ('QT_ACCESSIBILITY', '1'), ('GDMSESSION', 'ubuntu'), ('LESSCLOSE', '/usr/bin/lesspipe %s %s'), ('LC_MEASUREMENT', 'tr_TR.UTF-8'), ('GJS_DEBUG_OUTPUT', 'stderr'), ('LC_IDENTIFICATION', 'tr_TR.UTF-8'), ('QT_IM_MODULE', 'ibus'), ('PWD', '/home/enesisaoglu/rmis_ws/build/kinect2_registration'), ('LC_ALL', 'en_US.UTF-8'), ('XDG_CONFIG_DIRS', '/etc/xdg/xdg-ubuntu:/etc/xdg'), ('XDG_DATA_DIRS', '/usr/share/ubuntu:/home/enesisaoglu/.local/share/flatpak/exports/share:/var/lib/flatpak/exports/share:/usr/local/share/:/usr/share/:/var/lib/snapd/desktop'), ('PYTHONPATH', '/opt/ros/humble/lib/python3.10/site-packages:/opt/ros/humble/local/lib/python3.10/dist-packages'), ('LC_NUMERIC', 'tr_TR.UTF-8'), ('LC_PAPER', 'tr_TR.UTF-8'), ('COLCON', '1'), ('VTE_VERSION', '6800'), ('CMAKE_PREFIX_PATH', '/opt/ros/humble')]), 'shell': False}
[0.012818] (rmis_description) JobProgress: {'identifier': 'rmis_description', 'progress': 'cmake'}
[0.013506] (rmis_description) JobProgress: {'identifier': 'rmis_description', 'progress': 'build'}
[0.013536] (rmis_description) Command: {'cmd': ['/usr/bin/cmake', '--build', '/home/enesisaoglu/rmis_ws/build/rmis_description', '--', '-j22', '-l22'], 'cwd': '/home/enesisaoglu/rmis_ws/build/rmis_description', 'env': OrderedDict([('GJS_DEBUG_TOPICS', 'JS ERROR;JS LOG'), ('LESSOPEN', '| /usr/bin/lesspipe %s'), ('USER', 'enesisaoglu'), ('LC_TIME', 'tr_TR.UTF-8'), ('XDG_SESSION_TYPE', 'wayland'), ('SHLVL', '1'), ('LD_LIBRARY_PATH', '/opt/ros/humble/opt/rviz_ogre_vendor/lib:/opt/ros/humble/lib/x86_64-linux-gnu:/opt/ros/humble/lib'), ('HOME', '/home/enesisaoglu'), ('OLDPWD', '/home/enesisaoglu'), ('DESKTOP_SESSION', 'ubuntu'), ('GIO_LAUNCHED_DESKTOP_FILE', '/usr/share/applications/terminator.desktop'), ('ROS_PYTHON_VERSION', '3'), ('GNOME_SHELL_SESSION_MODE', 'ubuntu'), ('GTK_MODULES', 'gail:atk-bridge'), ('LC_MONETARY', 'tr_TR.UTF-8'), ('MANAGERPID', '1860'), ('SYSTEMD_EXEC_PID', '2045'), ('DBUS_SESSION_BUS_ADDRESS', 'unix:path=/run/user/1000/bus'), ('COLORTERM', 'truecolor'), ('TERMINATOR_DBUS_NAME', 'net.tenshu.Terminator25ef4b219e3b005583550f2b0f9f990c3'), ('GIO_LAUNCHED_DESKTOP_FILE_PID', '4283'), ('IM_CONFIG_PHASE', '1'), ('WAYLAND_DISPLAY', 'wayland-0'), ('ROS_DISTRO', 'humble'), ('LOGNAME', 'enesisaoglu'), ('JOURNAL_STREAM', '8:3698'), ('_', '/usr/bin/colcon'), ('ROS_VERSION', '2'), ('XDG_SESSION_CLASS', 'user'), ('USERNAME', 'enesisaoglu'), ('TERM', 'xterm-256color'), ('GNOME_DESKTOP_SESSION_ID', 'this-is-deprecated'), ('ROS_LOCALHOST_ONLY', '0'), ('PATH', '/opt/ros/humble/bin:/home/enesisaoglu/.local/bin:/usr/local/sbin:/usr/local/bin:/usr/sbin:/usr/bin:/sbin:/bin:/usr/games:/usr/local/games:/snap/bin:/snap/bin'), ('SESSION_MANAGER', 'local/enesisaoglu-Stealth-16-AI-Studio-A1VGG:@/tmp/.ICE-unix/2016,unix/enesisaoglu-Stealth-16-AI-Studio-A1VGG:/tmp/.ICE-unix/2016'), ('INVOCATION_ID', '4c2109d650d54d49aba5bca122939b3a'), ('XDG_MENU_PREFIX', 'gnome-'), ('LC_ADDRESS', 'tr_TR.UTF-8'), ('GNOME_SETUP_DISPLAY', ':1'), ('XDG_RUNTIME_DIR', '/run/user/1000'), ('DISPLAY', ':0'), ('TERMINATOR_DBUS_PATH', '/net/tenshu/Terminator2'), ('LANG', 'en_US.UTF-8'), ('XDG_CURRENT_DESKTOP', 'ubuntu:GNOME'), ('IBUS_DISABLE_SNOOPER', '1'), ('LC_TELEPHONE', 'tr_TR.UTF-8'), ('XMODIFIERS', '@im=ibus'), ('XDG_SESSION_DESKTOP', 'ubuntu'), ('XAUTHORITY', '/run/user/1000/.mutter-Xwaylandauth.AKHB42'), ('SSH_AGENT_LAUNCHER', 'gnome-keyring'), ('SSH_AUTH_SOCK', '/run/user/1000/keyring/ssh'), ('AMENT_PREFIX_PATH', '/opt/ros/humble'), ('SHELL', '/bin/bash'), ('LC_NAME', 'tr_TR.UTF-8'), ('TERMINATOR_UUID', 'urn:uuid:32ffa0ce-3242-4118-82cf-2dcdb1ee36e5'), ('QT_ACCESSIBILITY', '1'), ('GDMSESSION', 'ubuntu'), ('LESSCLOSE', '/usr/bin/lesspipe %s %s'), ('LC_MEASUREMENT', 'tr_TR.UTF-8'), ('GJS_DEBUG_OUTPUT', 'stderr'), ('LC_IDENTIFICATION', 'tr_TR.UTF-8'), ('QT_IM_MODULE', 'ibus'), ('PWD', '/home/enesisaoglu/rmis_ws/build/rmis_description'), ('LC_ALL', 'en_US.UTF-8'), ('XDG_CONFIG_DIRS', '/etc/xdg/xdg-ubuntu:/etc/xdg'), ('XDG_DATA_DIRS', '/usr/share/ubuntu:/home/enesisaoglu/.local/share/flatpak/exports/share:/var/lib/flatpak/exports/share:/usr/local/share/:/usr/share/:/var/lib/snapd/desktop'), ('PYTHONPATH', '/opt/ros/humble/lib/python3.10/site-packages:/opt/ros/humble/local/lib/python3.10/dist-packages'), ('LC_NUMERIC', 'tr_TR.UTF-8'), ('LC_PAPER', 'tr_TR.UTF-8'), ('COLCON', '1'), ('VTE_VERSION', '6800'), ('CMAKE_PREFIX_PATH', '/opt/ros/humble')]), 'shell': False}
[0.045889] (rmis_description) CommandEnded: {'returncode': 0}
[0.046322] (rmis_description) JobProgress: {'identifier': 'rmis_description', 'progress': 'install'}
[0.050676] (rmis_description) Command: {'cmd': ['/usr/bin/cmake', '--install', '/home/enesisaoglu/rmis_ws/build/rmis_description'], 'cwd': '/home/enesisaoglu/rmis_ws/build/rmis_description', 'env': OrderedDict([('GJS_DEBUG_TOPICS', 'JS ERROR;JS LOG'), ('LESSOPEN', '| /usr/bin/lesspipe %s'), ('USER', 'enesisaoglu'), ('LC_TIME', 'tr_TR.UTF-8'), ('XDG_SESSION_TYPE', 'wayland'), ('SHLVL', '1'), ('LD_LIBRARY_PATH', '/opt/ros/humble/opt/rviz_ogre_vendor/lib:/opt/ros/humble/lib/x86_64-linux-gnu:/opt/ros/humble/lib'), ('HOME', '/home/enesisaoglu'), ('OLDPWD', '/home/enesisaoglu'), ('DESKTOP_SESSION', 'ubuntu'), ('GIO_LAUNCHED_DESKTOP_FILE', '/usr/share/applications/terminator.desktop'), ('ROS_PYTHON_VERSION', '3'), ('GNOME_SHELL_SESSION_MODE', 'ubuntu'), ('GTK_MODULES', 'gail:atk-bridge'), ('LC_MONETARY', 'tr_TR.UTF-8'), ('MANAGERPID', '1860'), ('SYSTEMD_EXEC_PID', '2045'), ('DBUS_SESSION_BUS_ADDRESS', 'unix:path=/run/user/1000/bus'), ('COLORTERM', 'truecolor'), ('TERMINATOR_DBUS_NAME', 'net.tenshu.Terminator25ef4b219e3b005583550f2b0f9f990c3'), ('GIO_LAUNCHED_DESKTOP_FILE_PID', '4283'), ('IM_CONFIG_PHASE', '1'), ('WAYLAND_DISPLAY', 'wayland-0'), ('ROS_DISTRO', 'humble'), ('LOGNAME', 'enesisaoglu'), ('JOURNAL_STREAM', '8:3698'), ('_', '/usr/bin/colcon'), ('ROS_VERSION', '2'), ('XDG_SESSION_CLASS', 'user'), ('USERNAME', 'enesisaoglu'), ('TERM', 'xterm-256color'), ('GNOME_DESKTOP_SESSION_ID', 'this-is-deprecated'), ('ROS_LOCALHOST_ONLY', '0'), ('PATH', '/opt/ros/humble/bin:/home/enesisaoglu/.local/bin:/usr/local/sbin:/usr/local/bin:/usr/sbin:/usr/bin:/sbin:/bin:/usr/games:/usr/local/games:/snap/bin:/snap/bin'), ('SESSION_MANAGER', 'local/enesisaoglu-Stealth-16-AI-Studio-A1VGG:@/tmp/.ICE-unix/2016,unix/enesisaoglu-Stealth-16-AI-Studio-A1VGG:/tmp/.ICE-unix/2016'), ('INVOCATION_ID', '4c2109d650d54d49aba5bca122939b3a'), ('XDG_MENU_PREFIX', 'gnome-'), ('LC_ADDRESS', 'tr_TR.UTF-8'), ('GNOME_SETUP_DISPLAY', ':1'), ('XDG_RUNTIME_DIR', '/run/user/1000'), ('DISPLAY', ':0'), ('TERMINATOR_DBUS_PATH', '/net/tenshu/Terminator2'), ('LANG', 'en_US.UTF-8'), ('XDG_CURRENT_DESKTOP', 'ubuntu:GNOME'), ('IBUS_DISABLE_SNOOPER', '1'), ('LC_TELEPHONE', 'tr_TR.UTF-8'), ('XMODIFIERS', '@im=ibus'), ('XDG_SESSION_DESKTOP', 'ubuntu'), ('XAUTHORITY', '/run/user/1000/.mutter-Xwaylandauth.AKHB42'), ('SSH_AGENT_LAUNCHER', 'gnome-keyring'), ('SSH_AUTH_SOCK', '/run/user/1000/keyring/ssh'), ('AMENT_PREFIX_PATH', '/opt/ros/humble'), ('SHELL', '/bin/bash'), ('LC_NAME', 'tr_TR.UTF-8'), ('TERMINATOR_UUID', 'urn:uuid:32ffa0ce-3242-4118-82cf-2dcdb1ee36e5'), ('QT_ACCESSIBILITY', '1'), ('GDMSESSION', 'ubuntu'), ('LESSCLOSE', '/usr/bin/lesspipe %s %s'), ('LC_MEASUREMENT', 'tr_TR.UTF-8'), ('GJS_DEBUG_OUTPUT', 'stderr'), ('LC_IDENTIFICATION', 'tr_TR.UTF-8'), ('QT_IM_MODULE', 'ibus'), ('PWD', '/home/enesisaoglu/rmis_ws/build/rmis_description'), ('LC_ALL', 'en_US.UTF-8'), ('XDG_CONFIG_DIRS', '/etc/xdg/xdg-ubuntu:/etc/xdg'), ('XDG_DATA_DIRS', '/usr/share/ubuntu:/home/enesisaoglu/.local/share/flatpak/exports/share:/var/lib/flatpak/exports/share:/usr/local/share/:/usr/share/:/var/lib/snapd/desktop'), ('PYTHONPATH', '/opt/ros/humble/lib/python3.10/site-packages:/opt/ros/humble/local/lib/python3.10/dist-packages'), ('LC_NUMERIC', 'tr_TR.UTF-8'), ('LC_PAPER', 'tr_TR.UTF-8'), ('COLCON', '1'), ('VTE_VERSION', '6800'), ('CMAKE_PREFIX_PATH', '/opt/ros/humble')]), 'shell': False}
[0.055403] (rmis_description) StdoutLine: {'line': b'-- Install configuration: ""\n'}
[0.055488] (rmis_description) StdoutLine: {'line': b'-- Up-to-date: /home/enesisaoglu/rmis_ws/install/rmis_description/share/rmis_description/launch\n'}
[0.055525] (rmis_description) StdoutLine: {'line': b'-- Up-to-date: /home/enesisaoglu/rmis_ws/install/rmis_description/share/rmis_description/launch/display.launch.py\n'}
[0.055557] (rmis_description) StdoutLine: {'line': b'-- Up-to-date: /home/enesisaoglu/rmis_ws/install/rmis_description/share/rmis_description/urdf\n'}
[0.055591] (rmis_description) StdoutLine: {'line': b'-- Up-to-date: /home/enesisaoglu/rmis_ws/install/rmis_description/share/rmis_description/urdf/rmis_robot.urdf\n'}
[0.055623] (rmis_description) StdoutLine: {'line': b'-- Up-to-date: /home/enesisaoglu/rmis_ws/install/rmis_description/share/rmis_description/meshes\n'}
[0.055652] (rmis_description) StdoutLine: {'line': b'-- Up-to-date: /home/enesisaoglu/rmis_ws/install/rmis_description/share/rmis_description/meshes/dae\n'}
[0.055696] (rmis_description) StdoutLine: {'line': b'-- Up-to-date: /home/enesisaoglu/rmis_ws/install/rmis_description/share/rmis_description/meshes/dae/Hub_torque.020.dae\n'}
[0.055788] (rmis_description) StdoutLine: {'line': b'-- Up-to-date: /home/enesisaoglu/rmis_ws/install/rmis_description/share/rmis_description/meshes/dae/Hub_torque.011.dae_history.log\n'}
[0.055827] (rmis_description) StdoutLine: {'line': b'-- Up-to-date: /home/enesisaoglu/rmis_ws/install/rmis_description/share/rmis_description/meshes/dae/u_bracket.007.dae\n'}
[0.055854] (rmis_description) StdoutLine: {'line': b'-- Up-to-date: /home/enesisaoglu/rmis_ws/install/rmis_description/share/rmis_description/meshes/dae/u_bracket.014.dae_history.log\n'}
[0.055883] (rmis_description) StdoutLine: {'line': b'-- Up-to-date: /home/enesisaoglu/rmis_ws/install/rmis_description/share/rmis_description/meshes/dae/Cube.005.dae_history.log\n'}
[0.055958] (rmis_description) StdoutLine: {'line': b'-- Up-to-date: /home/enesisaoglu/rmis_ws/install/rmis_description/share/rmis_description/meshes/dae/u_bracket.001.dae_history.log\n'}
[0.055989] (rmis_description) StdoutLine: {'line': b'-- Up-to-date: /home/enesisaoglu/rmis_ws/install/rmis_description/share/rmis_description/meshes/dae/Cube.021.dae\n'}
[0.056019] (rmis_description) StdoutLine: {'line': b'-- Up-to-date: /home/enesisaoglu/rmis_ws/install/rmis_description/share/rmis_description/meshes/dae/Hub_torque.010.dae_history.log\n'}
[0.056047] (rmis_description) StdoutLine: {'line': b'-- Up-to-date: /home/enesisaoglu/rmis_ws/install/rmis_description/share/rmis_description/meshes/dae/u_bracket.007.dae_history.log\n'}
[0.056075] (rmis_description) StdoutLine: {'line': b'-- Up-to-date: /home/enesisaoglu/rmis_ws/install/rmis_description/share/rmis_description/meshes/dae/Hub_torque.dae\n'}
[0.056112] (rmis_description) StdoutLine: {'line': b'-- Up-to-date: /home/enesisaoglu/rmis_ws/install/rmis_description/share/rmis_description/meshes/dae/Cube.008.dae\n'}
[0.056141] (rmis_description) StdoutLine: {'line': b'-- Up-to-date: /home/enesisaoglu/rmis_ws/install/rmis_description/share/rmis_description/meshes/dae/Cube.007.dae_history.log\n'}
[0.056169] (rmis_description) StdoutLine: {'line': b'-- Up-to-date: /home/enesisaoglu/rmis_ws/install/rmis_description/share/rmis_description/meshes/dae/Cube.019.dae_history.log\n'}
[0.056222] (rmis_description) StdoutLine: {'line': b'-- Up-to-date: /home/enesisaoglu/rmis_ws/install/rmis_description/share/rmis_description/meshes/dae/Hub_torque.035.dae\n'}
[0.056248] (rmis_description) StdoutLine: {'line': b'-- Up-to-date: /home/enesisaoglu/rmis_ws/install/rmis_description/share/rmis_description/meshes/dae/u_bracket.005.dae\n'}
[0.056282] (rmis_description) StdoutLine: {'line': b'-- Up-to-date: /home/enesisaoglu/rmis_ws/install/rmis_description/share/rmis_description/meshes/dae/u_bracket.003.dae_history.log\n'}
[0.056350] (rmis_description) StdoutLine: {'line': b'-- Up-to-date: /home/enesisaoglu/rmis_ws/install/rmis_description/share/rmis_description/meshes/dae/u_bracket.004.dae_history.log\n'}
[0.056377] (rmis_description) StdoutLine: {'line': b'-- Up-to-date: /home/enesisaoglu/rmis_ws/install/rmis_description/share/rmis_description/meshes/dae/Hub_torque.035.dae_history.log\n'}
[0.056401] (rmis_description) StdoutLine: {'line': b'-- Up-to-date: /home/enesisaoglu/rmis_ws/install/rmis_description/share/rmis_description/meshes/dae/Cube.017.dae_history.log\n'}
[0.056425] (rmis_description) StdoutLine: {'line': b'-- Up-to-date: /home/enesisaoglu/rmis_ws/install/rmis_description/share/rmis_description/meshes/dae/27-1a.001.dae\n'}
[0.056451] (rmis_description) StdoutLine: {'line': b'-- Up-to-date: /home/enesisaoglu/rmis_ws/install/rmis_description/share/rmis_description/meshes/dae/offset_bracket.001.dae\n'}
[0.056477] (rmis_description) StdoutLine: {'line': b'-- Up-to-date: /home/enesisaoglu/rmis_ws/install/rmis_description/share/rmis_description/meshes/dae/Hub_torque.010.dae\n'}
[0.056516] (rmis_description) StdoutLine: {'line': b'-- Up-to-date: /home/enesisaoglu/rmis_ws/install/rmis_description/share/rmis_description/meshes/dae/Hub_torque.036.dae\n'}
[0.056549] (rmis_description) StdoutLine: {'line': b'-- Up-to-date: /home/enesisaoglu/rmis_ws/install/rmis_description/share/rmis_description/meshes/dae/Cube.008.dae_history.log\n'}
[0.056571] (rmis_description) StdoutLine: {'line': b'-- Up-to-date: /home/enesisaoglu/rmis_ws/install/rmis_description/share/rmis_description/meshes/dae/Cube.020.dae_history.log\n'}
[0.056592] (rmis_description) StdoutLine: {'line': b'-- Up-to-date: /home/enesisaoglu/rmis_ws/install/rmis_description/share/rmis_description/meshes/dae/u_bracket.014.dae\n'}
[0.056612] (rmis_description) StdoutLine: {'line': b'-- Up-to-date: /home/enesisaoglu/rmis_ws/install/rmis_description/share/rmis_description/meshes/dae/u_bracket.015.dae\n'}
[0.056631] (rmis_description) StdoutLine: {'line': b'-- Up-to-date: /home/enesisaoglu/rmis_ws/install/rmis_description/share/rmis_description/meshes/dae/Cube.007.dae\n'}
[0.056652] (rmis_description) StdoutLine: {'line': b'-- Up-to-date: /home/enesisaoglu/rmis_ws/install/rmis_description/share/rmis_description/meshes/dae/u_bracket.011.dae_history.log\n'}
[0.056675] (rmis_description) StdoutLine: {'line': b'-- Up-to-date: /home/enesisaoglu/rmis_ws/install/rmis_description/share/rmis_description/meshes/dae/Cube.017.dae\n'}
[0.056696] (rmis_description) StdoutLine: {'line': b'-- Up-to-date: /home/enesisaoglu/rmis_ws/install/rmis_description/share/rmis_description/meshes/dae/u_bracket.001.dae\n'}
[0.056717] (rmis_description) StdoutLine: {'line': b'-- Up-to-date: /home/enesisaoglu/rmis_ws/install/rmis_description/share/rmis_description/meshes/dae/Hub_torque.036.dae_history.log\n'}
[0.056737] (rmis_description) StdoutLine: {'line': b'-- Up-to-date: /home/enesisaoglu/rmis_ws/install/rmis_description/share/rmis_description/meshes/dae/Hub_torque.002.dae\n'}
[0.056757] (rmis_description) StdoutLine: {'line': b'-- Up-to-date: /home/enesisaoglu/rmis_ws/install/rmis_description/share/rmis_description/meshes/dae/Cube.001.dae\n'}
[0.056777] (rmis_description) StdoutLine: {'line': b'-- Up-to-date: /home/enesisaoglu/rmis_ws/install/rmis_description/share/rmis_description/meshes/dae/u_bracket.004.dae\n'}
[0.056798] (rmis_description) StdoutLine: {'line': b'-- Up-to-date: /home/enesisaoglu/rmis_ws/install/rmis_description/share/rmis_description/meshes/dae/Cube.020.dae\n'}
[0.056817] (rmis_description) StdoutLine: {'line': b'-- Up-to-date: /home/enesisaoglu/rmis_ws/install/rmis_description/share/rmis_description/meshes/dae/u_bracket.010.dae\n'}
[0.056836] (rmis_description) StdoutLine: {'line': b'-- Up-to-date: /home/enesisaoglu/rmis_ws/install/rmis_description/share/rmis_description/meshes/dae/u_bracket.012.dae_history.log\n'}
[0.056856] (rmis_description) StdoutLine: {'line': b'-- Up-to-date: /home/enesisaoglu/rmis_ws/install/rmis_description/share/rmis_description/meshes/dae/Cube.029.dae\n'}
[0.056879] (rmis_description) StdoutLine: {'line': b'-- Up-to-date: /home/enesisaoglu/rmis_ws/install/rmis_description/share/rmis_description/meshes/dae/Hub_torque.020.dae_history.log\n'}
[0.056911] (rmis_description) StdoutLine: {'line': b'-- Up-to-date: /home/enesisaoglu/rmis_ws/install/rmis_description/share/rmis_description/meshes/dae/u_bracket.011.dae\n'}
[0.056939] (rmis_description) StdoutLine: {'line': b'-- Up-to-date: /home/enesisaoglu/rmis_ws/install/rmis_description/share/rmis_description/meshes/dae/u_bracket.015.dae_history.log\n'}
[0.056965] (rmis_description) StdoutLine: {'line': b'-- Up-to-date: /home/enesisaoglu/rmis_ws/install/rmis_description/share/rmis_description/meshes/dae/u_bracket.012.dae\n'}
[0.056988] (rmis_description) StdoutLine: {'line': b'-- Up-to-date: /home/enesisaoglu/rmis_ws/install/rmis_description/share/rmis_description/meshes/dae/27-1a.001.dae_history.log\n'}
[0.057014] (rmis_description) StdoutLine: {'line': b'-- Up-to-date: /home/enesisaoglu/rmis_ws/install/rmis_description/share/rmis_description/meshes/dae/Hub_torque.dae_history.log\n'}
[0.057055] (rmis_description) StdoutLine: {'line': b'-- Up-to-date: /home/enesisaoglu/rmis_ws/install/rmis_description/share/rmis_description/meshes/dae/offset_bracket.003.dae\n'}
[0.057139] (rmis_description) StdoutLine: {'line': b'-- Up-to-date: /home/enesisaoglu/rmis_ws/install/rmis_description/share/rmis_description/meshes/dae/Cube.029.dae_history.log\n'}
[0.057175] (rmis_description) StdoutLine: {'line': b'-- Up-to-date: /home/enesisaoglu/rmis_ws/install/rmis_description/share/rmis_description/meshes/dae/offset_bracket.001.dae_history.log\n'}
[0.057245] (rmis_description) StdoutLine: {'line': b'-- Up-to-date: /home/enesisaoglu/rmis_ws/install/rmis_description/share/rmis_description/meshes/dae/Hub_torque.011.dae\n'}
[0.057271] (rmis_description) StdoutLine: {'line': b'-- Up-to-date: /home/enesisaoglu/rmis_ws/install/rmis_description/share/rmis_description/meshes/dae/Hub_torque.002.dae_history.log\n'}
[0.057294] (rmis_description) StdoutLine: {'line': b'-- Up-to-date: /home/enesisaoglu/rmis_ws/install/rmis_description/share/rmis_description/meshes/dae/u_bracket.005.dae_history.log\n'}
[0.057318] (rmis_description) StdoutLine: {'line': b'-- Up-to-date: /home/enesisaoglu/rmis_ws/install/rmis_description/share/rmis_description/meshes/dae/Cube.023.dae_history.log\n'}
[0.057342] (rmis_description) StdoutLine: {'line': b'-- Up-to-date: /home/enesisaoglu/rmis_ws/install/rmis_description/share/rmis_description/meshes/dae/Hub_torque.008.dae\n'}
[0.057397] (rmis_description) StdoutLine: {'line': b'-- Up-to-date: /home/enesisaoglu/rmis_ws/install/rmis_description/share/rmis_description/meshes/dae/Cube.019.dae\n'}
[0.057423] (rmis_description) StdoutLine: {'line': b'-- Up-to-date: /home/enesisaoglu/rmis_ws/install/rmis_description/share/rmis_description/meshes/dae/Hub_torque.008.dae_history.log\n'}
[0.057452] (rmis_description) StdoutLine: {'line': b'-- Up-to-date: /home/enesisaoglu/rmis_ws/install/rmis_description/share/rmis_description/meshes/dae/u_bracket.003.dae\n'}
[0.057478] (rmis_description) StdoutLine: {'line': b'-- Up-to-date: /home/enesisaoglu/rmis_ws/install/rmis_description/share/rmis_description/meshes/dae/Cube.021.dae_history.log\n'}
[0.057501] (rmis_description) StdoutLine: {'line': b'-- Up-to-date: /home/enesisaoglu/rmis_ws/install/rmis_description/share/rmis_description/meshes/dae/Cube.001.dae_history.log\n'}
[0.057574] (rmis_description) StdoutLine: {'line': b'-- Up-to-date: /home/enesisaoglu/rmis_ws/install/rmis_description/share/rmis_description/meshes/dae/Cube.005.dae\n'}
[0.057633] (rmis_description) StdoutLine: {'line': b'-- Up-to-date: /home/enesisaoglu/rmis_ws/install/rmis_description/share/rmis_description/meshes/dae/u_bracket.010.dae_history.log\n'}
[0.057667] (rmis_description) StdoutLine: {'line': b'-- Up-to-date: /home/enesisaoglu/rmis_ws/install/rmis_description/share/rmis_description/meshes/dae/Cube.023.dae\n'}
[0.057697] (rmis_description) StdoutLine: {'line': b'-- Up-to-date: /home/enesisaoglu/rmis_ws/install/rmis_description/share/rmis_description/meshes/dae/offset_bracket.003.dae_history.log\n'}
[0.057822] (rmis_description) StdoutLine: {'line': b'-- Up-to-date: /home/enesisaoglu/rmis_ws/install/rmis_description/share/ament_index/resource_index/package_run_dependencies/rmis_description\n'}
[0.057853] (rmis_description) StdoutLine: {'line': b'-- Up-to-date: /home/enesisaoglu/rmis_ws/install/rmis_description/share/ament_index/resource_index/parent_prefix_path/rmis_description\n'}
[0.057881] (rmis_description) StdoutLine: {'line': b'-- Up-to-date: /home/enesisaoglu/rmis_ws/install/rmis_description/share/rmis_description/environment/ament_prefix_path.sh\n'}
[0.057931] (rmis_description) StdoutLine: {'line': b'-- Up-to-date: /home/enesisaoglu/rmis_ws/install/rmis_description/share/rmis_description/environment/ament_prefix_path.dsv\n'}
[0.057962] (rmis_description) StdoutLine: {'line': b'-- Up-to-date: /home/enesisaoglu/rmis_ws/install/rmis_description/share/rmis_description/environment/path.sh\n'}
[0.057990] (rmis_description) StdoutLine: {'line': b'-- Up-to-date: /home/enesisaoglu/rmis_ws/install/rmis_description/share/rmis_description/environment/path.dsv\n'}
[0.058019] (rmis_description) StdoutLine: {'line': b'-- Up-to-date: /home/enesisaoglu/rmis_ws/install/rmis_description/share/rmis_description/local_setup.bash\n'}
[0.058046] (rmis_description) StdoutLine: {'line': b'-- Up-to-date: /home/enesisaoglu/rmis_ws/install/rmis_description/share/rmis_description/local_setup.sh\n'}
[0.058157] (rmis_description) StdoutLine: {'line': b'-- Up-to-date: /home/enesisaoglu/rmis_ws/install/rmis_description/share/rmis_description/local_setup.zsh\n'}
[0.058186] (rmis_description) StdoutLine: {'line': b'-- Up-to-date: /home/enesisaoglu/rmis_ws/install/rmis_description/share/rmis_description/local_setup.dsv\n'}
[0.058213] (kinect2_registration) StdoutLine: {'line': b'[100%] Built target kinect2_registration\n'}
[0.058377] (rmis_description) StdoutLine: {'line': b'-- Installing: /home/enesisaoglu/rmis_ws/install/rmis_description/share/rmis_description/package.dsv\n'}
[0.058407] (rmis_description) StdoutLine: {'line': b'-- Up-to-date: /home/enesisaoglu/rmis_ws/install/rmis_description/share/ament_index/resource_index/packages/rmis_description\n'}
[0.058434] (rmis_description) StdoutLine: {'line': b'-- Up-to-date: /home/enesisaoglu/rmis_ws/install/rmis_description/share/rmis_description/cmake/rmis_descriptionConfig.cmake\n'}
[0.058462] (rmis_description) StdoutLine: {'line': b'-- Up-to-date: /home/enesisaoglu/rmis_ws/install/rmis_description/share/rmis_description/cmake/rmis_descriptionConfig-version.cmake\n'}
[0.058489] (rmis_description) StdoutLine: {'line': b'-- Up-to-date: /home/enesisaoglu/rmis_ws/install/rmis_description/share/rmis_description/package.xml\n'}
[0.058516] (rmis_description) CommandEnded: {'returncode': 0}
[0.066162] (rmis_description) JobEnded: {'identifier': 'rmis_description', 'rc': 0}
[0.066674] (kinect2_registration) CommandEnded: {'returncode': 0}
[0.066947] (kinect2_registration) JobProgress: {'identifier': 'kinect2_registration', 'progress': 'install'}
[0.067159] (kinect2_registration) Command: {'cmd': ['/usr/bin/cmake', '--install', '/home/enesisaoglu/rmis_ws/build/kinect2_registration'], 'cwd': '/home/enesisaoglu/rmis_ws/build/kinect2_registration', 'env': OrderedDict([('GJS_DEBUG_TOPICS', 'JS ERROR;JS LOG'), ('LESSOPEN', '| /usr/bin/lesspipe %s'), ('USER', 'enesisaoglu'), ('LC_TIME', 'tr_TR.UTF-8'), ('XDG_SESSION_TYPE', 'wayland'), ('SHLVL', '1'), ('LD_LIBRARY_PATH', '/opt/ros/humble/opt/rviz_ogre_vendor/lib:/opt/ros/humble/lib/x86_64-linux-gnu:/opt/ros/humble/lib'), ('HOME', '/home/enesisaoglu'), ('OLDPWD', '/home/enesisaoglu'), ('DESKTOP_SESSION', 'ubuntu'), ('GIO_LAUNCHED_DESKTOP_FILE', '/usr/share/applications/terminator.desktop'), ('ROS_PYTHON_VERSION', '3'), ('GNOME_SHELL_SESSION_MODE', 'ubuntu'), ('GTK_MODULES', 'gail:atk-bridge'), ('LC_MONETARY', 'tr_TR.UTF-8'), ('MANAGERPID', '1860'), ('SYSTEMD_EXEC_PID', '2045'), ('DBUS_SESSION_BUS_ADDRESS', 'unix:path=/run/user/1000/bus'), ('COLORTERM', 'truecolor'), ('TERMINATOR_DBUS_NAME', 'net.tenshu.Terminator25ef4b219e3b005583550f2b0f9f990c3'), ('GIO_LAUNCHED_DESKTOP_FILE_PID', '4283'), ('IM_CONFIG_PHASE', '1'), ('WAYLAND_DISPLAY', 'wayland-0'), ('ROS_DISTRO', 'humble'), ('LOGNAME', 'enesisaoglu'), ('JOURNAL_STREAM', '8:3698'), ('_', '/usr/bin/colcon'), ('ROS_VERSION', '2'), ('XDG_SESSION_CLASS', 'user'), ('USERNAME', 'enesisaoglu'), ('TERM', 'xterm-256color'), ('GNOME_DESKTOP_SESSION_ID', 'this-is-deprecated'), ('ROS_LOCALHOST_ONLY', '0'), ('PATH', '/opt/ros/humble/bin:/home/enesisaoglu/.local/bin:/usr/local/sbin:/usr/local/bin:/usr/sbin:/usr/bin:/sbin:/bin:/usr/games:/usr/local/games:/snap/bin:/snap/bin'), ('SESSION_MANAGER', 'local/enesisaoglu-Stealth-16-AI-Studio-A1VGG:@/tmp/.ICE-unix/2016,unix/enesisaoglu-Stealth-16-AI-Studio-A1VGG:/tmp/.ICE-unix/2016'), ('INVOCATION_ID', '4c2109d650d54d49aba5bca122939b3a'), ('XDG_MENU_PREFIX', 'gnome-'), ('LC_ADDRESS', 'tr_TR.UTF-8'), ('GNOME_SETUP_DISPLAY', ':1'), ('XDG_RUNTIME_DIR', '/run/user/1000'), ('DISPLAY', ':0'), ('TERMINATOR_DBUS_PATH', '/net/tenshu/Terminator2'), ('LANG', 'en_US.UTF-8'), ('XDG_CURRENT_DESKTOP', 'ubuntu:GNOME'), ('IBUS_DISABLE_SNOOPER', '1'), ('LC_TELEPHONE', 'tr_TR.UTF-8'), ('XMODIFIERS', '@im=ibus'), ('XDG_SESSION_DESKTOP', 'ubuntu'), ('XAUTHORITY', '/run/user/1000/.mutter-Xwaylandauth.AKHB42'), ('SSH_AGENT_LAUNCHER', 'gnome-keyring'), ('SSH_AUTH_SOCK', '/run/user/1000/keyring/ssh'), ('AMENT_PREFIX_PATH', '/opt/ros/humble'), ('SHELL', '/bin/bash'), ('LC_NAME', 'tr_TR.UTF-8'), ('TERMINATOR_UUID', 'urn:uuid:32ffa0ce-3242-4118-82cf-2dcdb1ee36e5'), ('QT_ACCESSIBILITY', '1'), ('GDMSESSION', 'ubuntu'), ('LESSCLOSE', '/usr/bin/lesspipe %s %s'), ('LC_MEASUREMENT', 'tr_TR.UTF-8'), ('GJS_DEBUG_OUTPUT', 'stderr'), ('LC_IDENTIFICATION', 'tr_TR.UTF-8'), ('QT_IM_MODULE', 'ibus'), ('PWD', '/home/enesisaoglu/rmis_ws/build/kinect2_registration'), ('LC_ALL', 'en_US.UTF-8'), ('XDG_CONFIG_DIRS', '/etc/xdg/xdg-ubuntu:/etc/xdg'), ('XDG_DATA_DIRS', '/usr/share/ubuntu:/home/enesisaoglu/.local/share/flatpak/exports/share:/var/lib/flatpak/exports/share:/usr/local/share/:/usr/share/:/var/lib/snapd/desktop'), ('PYTHONPATH', '/opt/ros/humble/lib/python3.10/site-packages:/opt/ros/humble/local/lib/python3.10/dist-packages'), ('LC_NUMERIC', 'tr_TR.UTF-8'), ('LC_PAPER', 'tr_TR.UTF-8'), ('COLCON', '1'), ('VTE_VERSION', '6800'), ('CMAKE_PREFIX_PATH', '/opt/ros/humble')]), 'shell': False}
[0.071062] (kinect2_registration) StdoutLine: {'line': b'-- Install configuration: ""\n'}
[0.071143] (kinect2_registration) StdoutLine: {'line': b'-- Up-to-date: /home/enesisaoglu/rmis_ws/install/kinect2_registration/lib/libkinect2_registration.so\n'}
[0.071210] (kinect2_registration) StdoutLine: {'line': b'-- Up-to-date: /home/enesisaoglu/rmis_ws/install/kinect2_registration/include\n'}
[0.071249] (kinect2_registration) StdoutLine: {'line': b'-- Up-to-date: /home/enesisaoglu/rmis_ws/install/kinect2_registration/include/kinect2_registration\n'}
[0.071282] (kinect2_registration) StdoutLine: {'line': b'-- Up-to-date: /home/enesisaoglu/rmis_ws/install/kinect2_registration/include/kinect2_registration/kinect2_console.h\n'}
[0.071318] (kinect2_registration) StdoutLine: {'line': b'-- Up-to-date: /home/enesisaoglu/rmis_ws/install/kinect2_registration/include/kinect2_registration/kinect2_registration.h\n'}
[0.071377] (kinect2_registration) StdoutLine: {'line': b'-- Up-to-date: /home/enesisaoglu/rmis_ws/install/kinect2_registration/include/internal\n'}
[0.071409] (kinect2_registration) StdoutLine: {'line': b'-- Up-to-date: /home/enesisaoglu/rmis_ws/install/kinect2_registration/include/internal/CL\n'}
[0.071436] (kinect2_registration) StdoutLine: {'line': b'-- Up-to-date: /home/enesisaoglu/rmis_ws/install/kinect2_registration/include/internal/CL/cl.hpp\n'}
[0.071463] (kinect2_registration) StdoutLine: {'line': b'-- Up-to-date: /home/enesisaoglu/rmis_ws/install/kinect2_registration/share/kinect2_registration/environment/library_path.sh\n'}
[0.071490] (kinect2_registration) StdoutLine: {'line': b'-- Up-to-date: /home/enesisaoglu/rmis_ws/install/kinect2_registration/share/kinect2_registration/environment/library_path.dsv\n'}
[0.071517] (kinect2_registration) StdoutLine: {'line': b'-- Up-to-date: /home/enesisaoglu/rmis_ws/install/kinect2_registration/share/ament_index/resource_index/package_run_dependencies/kinect2_registration\n'}
[0.071563] (kinect2_registration) StdoutLine: {'line': b'-- Up-to-date: /home/enesisaoglu/rmis_ws/install/kinect2_registration/share/ament_index/resource_index/parent_prefix_path/kinect2_registration\n'}
[0.071591] (kinect2_registration) StdoutLine: {'line': b'-- Up-to-date: /home/enesisaoglu/rmis_ws/install/kinect2_registration/share/kinect2_registration/environment/ament_prefix_path.sh\n'}
[0.071634] (kinect2_registration) StdoutLine: {'line': b'-- Up-to-date: /home/enesisaoglu/rmis_ws/install/kinect2_registration/share/kinect2_registration/environment/ament_prefix_path.dsv\n'}
[0.071661] (kinect2_registration) StdoutLine: {'line': b'-- Up-to-date: /home/enesisaoglu/rmis_ws/install/kinect2_registration/share/kinect2_registration/environment/path.sh\n'}
[0.071688] (kinect2_registration) StdoutLine: {'line': b'-- Up-to-date: /home/enesisaoglu/rmis_ws/install/kinect2_registration/share/kinect2_registration/environment/path.dsv\n'}
[0.071727] (kinect2_registration) StdoutLine: {'line': b'-- Up-to-date: /home/enesisaoglu/rmis_ws/install/kinect2_registration/share/kinect2_registration/local_setup.bash\n'}
[0.071750] (kinect2_registration) StdoutLine: {'line': b'-- Up-to-date: /home/enesisaoglu/rmis_ws/install/kinect2_registration/share/kinect2_registration/local_setup.sh\n'}
[0.071778] (kinect2_registration) StdoutLine: {'line': b'-- Up-to-date: /home/enesisaoglu/rmis_ws/install/kinect2_registration/share/kinect2_registration/local_setup.zsh\n'}
[0.071801] (kinect2_registration) StdoutLine: {'line': b'-- Up-to-date: /home/enesisaoglu/rmis_ws/install/kinect2_registration/share/kinect2_registration/local_setup.dsv\n'}
[0.071824] (kinect2_registration) StdoutLine: {'line': b'-- Installing: /home/enesisaoglu/rmis_ws/install/kinect2_registration/share/kinect2_registration/package.dsv\n'}
[0.071847] (kinect2_registration) StdoutLine: {'line': b'-- Up-to-date: /home/enesisaoglu/rmis_ws/install/kinect2_registration/share/ament_index/resource_index/packages/kinect2_registration\n'}
[0.071872] (kinect2_registration) StdoutLine: {'line': b'-- Up-to-date: /home/enesisaoglu/rmis_ws/install/kinect2_registration/share/kinect2_registration/cmake/kinect2_registration.cmake\n'}
[0.071899] (kinect2_registration) StdoutLine: {'line': b'-- Up-to-date: /home/enesisaoglu/rmis_ws/install/kinect2_registration/share/kinect2_registration/cmake/ament_cmake_export_include_directories-extras.cmake\n'}
[0.071927] (kinect2_registration) StdoutLine: {'line': b'-- Up-to-date: /home/enesisaoglu/rmis_ws/install/kinect2_registration/share/kinect2_registration/cmake/ament_cmake_export_libraries-extras.cmake\n'}
[0.071951] (kinect2_registration) StdoutLine: {'line': b'-- Up-to-date: /home/enesisaoglu/rmis_ws/install/kinect2_registration/share/kinect2_registration/cmake/kinect2_registrationConfig.cmake\n'}
[0.071974] (kinect2_registration) StdoutLine: {'line': b'-- Up-to-date: /home/enesisaoglu/rmis_ws/install/kinect2_registration/share/kinect2_registration/cmake/kinect2_registrationConfig-version.cmake\n'}
[0.072001] (kinect2_registration) StdoutLine: {'line': b'-- Up-to-date: /home/enesisaoglu/rmis_ws/install/kinect2_registration/share/kinect2_registration/package.xml\n'}
[0.072367] (kinect2_registration) CommandEnded: {'returncode': 0}
[0.079455] (kinect2_registration) JobEnded: {'identifier': 'kinect2_registration', 'rc': 0}
[0.079748] (kinect2_bridge) JobStarted: {'identifier': 'kinect2_bridge'}
[0.084846] (kinect2_bridge) JobProgress: {'identifier': 'kinect2_bridge', 'progress': 'cmake'}
[0.085117] (kinect2_bridge) JobProgress: {'identifier': 'kinect2_bridge', 'progress': 'build'}
[0.085526] (kinect2_bridge) Command: {'cmd': ['/usr/bin/cmake', '--build', '/home/enesisaoglu/rmis_ws/build/kinect2_bridge', '--', '-j22', '-l22'], 'cwd': '/home/enesisaoglu/rmis_ws/build/kinect2_bridge', 'env': OrderedDict([('GJS_DEBUG_TOPICS', 'JS ERROR;JS LOG'), ('LESSOPEN', '| /usr/bin/lesspipe %s'), ('USER', 'enesisaoglu'), ('LC_TIME', 'tr_TR.UTF-8'), ('XDG_SESSION_TYPE', 'wayland'), ('SHLVL', '1'), ('LD_LIBRARY_PATH', '/home/enesisaoglu/rmis_ws/install/kinect2_registration/lib:/opt/ros/humble/opt/rviz_ogre_vendor/lib:/opt/ros/humble/lib/x86_64-linux-gnu:/opt/ros/humble/lib'), ('HOME', '/home/enesisaoglu'), ('OLDPWD', '/home/enesisaoglu'), ('DESKTOP_SESSION', 'ubuntu'), ('GIO_LAUNCHED_DESKTOP_FILE', '/usr/share/applications/terminator.desktop'), ('ROS_PYTHON_VERSION', '3'), ('GNOME_SHELL_SESSION_MODE', 'ubuntu'), ('GTK_MODULES', 'gail:atk-bridge'), ('LC_MONETARY', 'tr_TR.UTF-8'), ('MANAGERPID', '1860'), ('SYSTEMD_EXEC_PID', '2045'), ('DBUS_SESSION_BUS_ADDRESS', 'unix:path=/run/user/1000/bus'), ('COLORTERM', 'truecolor'), ('TERMINATOR_DBUS_NAME', 'net.tenshu.Terminator25ef4b219e3b005583550f2b0f9f990c3'), ('GIO_LAUNCHED_DESKTOP_FILE_PID', '4283'), ('IM_CONFIG_PHASE', '1'), ('WAYLAND_DISPLAY', 'wayland-0'), ('ROS_DISTRO', 'humble'), ('LOGNAME', 'enesisaoglu'), ('JOURNAL_STREAM', '8:3698'), ('_', '/usr/bin/colcon'), ('ROS_VERSION', '2'), ('XDG_SESSION_CLASS', 'user'), ('USERNAME', 'enesisaoglu'), ('TERM', 'xterm-256color'), ('GNOME_DESKTOP_SESSION_ID', 'this-is-deprecated'), ('ROS_LOCALHOST_ONLY', '0'), ('PATH', '/opt/ros/humble/bin:/home/enesisaoglu/.local/bin:/usr/local/sbin:/usr/local/bin:/usr/sbin:/usr/bin:/sbin:/bin:/usr/games:/usr/local/games:/snap/bin:/snap/bin'), ('SESSION_MANAGER', 'local/enesisaoglu-Stealth-16-AI-Studio-A1VGG:@/tmp/.ICE-unix/2016,unix/enesisaoglu-Stealth-16-AI-Studio-A1VGG:/tmp/.ICE-unix/2016'), ('INVOCATION_ID', '4c2109d650d54d49aba5bca122939b3a'), ('XDG_MENU_PREFIX', 'gnome-'), ('LC_ADDRESS', 'tr_TR.UTF-8'), ('GNOME_SETUP_DISPLAY', ':1'), ('XDG_RUNTIME_DIR', '/run/user/1000'), ('DISPLAY', ':0'), ('TERMINATOR_DBUS_PATH', '/net/tenshu/Terminator2'), ('LANG', 'en_US.UTF-8'), ('XDG_CURRENT_DESKTOP', 'ubuntu:GNOME'), ('IBUS_DISABLE_SNOOPER', '1'), ('LC_TELEPHONE', 'tr_TR.UTF-8'), ('XMODIFIERS', '@im=ibus'), ('XDG_SESSION_DESKTOP', 'ubuntu'), ('XAUTHORITY', '/run/user/1000/.mutter-Xwaylandauth.AKHB42'), ('SSH_AGENT_LAUNCHER', 'gnome-keyring'), ('SSH_AUTH_SOCK', '/run/user/1000/keyring/ssh'), ('AMENT_PREFIX_PATH', '/home/enesisaoglu/rmis_ws/install/kinect2_registration:/opt/ros/humble'), ('SHELL', '/bin/bash'), ('LC_NAME', 'tr_TR.UTF-8'), ('TERMINATOR_UUID', 'urn:uuid:32ffa0ce-3242-4118-82cf-2dcdb1ee36e5'), ('QT_ACCESSIBILITY', '1'), ('GDMSESSION', 'ubuntu'), ('LESSCLOSE', '/usr/bin/lesspipe %s %s'), ('LC_MEASUREMENT', 'tr_TR.UTF-8'), ('GJS_DEBUG_OUTPUT', 'stderr'), ('LC_IDENTIFICATION', 'tr_TR.UTF-8'), ('QT_IM_MODULE', 'ibus'), ('PWD', '/home/enesisaoglu/rmis_ws/build/kinect2_bridge'), ('LC_ALL', 'en_US.UTF-8'), ('XDG_CONFIG_DIRS', '/etc/xdg/xdg-ubuntu:/etc/xdg'), ('XDG_DATA_DIRS', '/usr/share/ubuntu:/home/enesisaoglu/.local/share/flatpak/exports/share:/var/lib/flatpak/exports/share:/usr/local/share/:/usr/share/:/var/lib/snapd/desktop'), ('PYTHONPATH', '/opt/ros/humble/lib/python3.10/site-packages:/opt/ros/humble/local/lib/python3.10/dist-packages'), ('LC_NUMERIC', 'tr_TR.UTF-8'), ('LC_PAPER', 'tr_TR.UTF-8'), ('COLCON', '1'), ('VTE_VERSION', '6800'), ('CMAKE_PREFIX_PATH', '/home/enesisaoglu/rmis_ws/install/kinect2_registration:/opt/ros/humble')]), 'shell': False}
[0.099942] (-) TimerEvent: {}
[0.124888] (kinect2_bridge) StdoutLine: {'line': b'[100%] Built target kinect2_bridge\n'}
[0.131511] (kinect2_bridge) CommandEnded: {'returncode': 0}
[0.132107] (kinect2_bridge) JobProgress: {'identifier': 'kinect2_bridge', 'progress': 'install'}
[0.132350] (kinect2_bridge) Command: {'cmd': ['/usr/bin/cmake', '--install', '/home/enesisaoglu/rmis_ws/build/kinect2_bridge'], 'cwd': '/home/enesisaoglu/rmis_ws/build/kinect2_bridge', 'env': OrderedDict([('GJS_DEBUG_TOPICS', 'JS ERROR;JS LOG'), ('LESSOPEN', '| /usr/bin/lesspipe %s'), ('USER', 'enesisaoglu'), ('LC_TIME', 'tr_TR.UTF-8'), ('XDG_SESSION_TYPE', 'wayland'), ('SHLVL', '1'), ('LD_LIBRARY_PATH', '/home/enesisaoglu/rmis_ws/install/kinect2_registration/lib:/opt/ros/humble/opt/rviz_ogre_vendor/lib:/opt/ros/humble/lib/x86_64-linux-gnu:/opt/ros/humble/lib'), ('HOME', '/home/enesisaoglu'), ('OLDPWD', '/home/enesisaoglu'), ('DESKTOP_SESSION', 'ubuntu'), ('GIO_LAUNCHED_DESKTOP_FILE', '/usr/share/applications/terminator.desktop'), ('ROS_PYTHON_VERSION', '3'), ('GNOME_SHELL_SESSION_MODE', 'ubuntu'), ('GTK_MODULES', 'gail:atk-bridge'), ('LC_MONETARY', 'tr_TR.UTF-8'), ('MANAGERPID', '1860'), ('SYSTEMD_EXEC_PID', '2045'), ('DBUS_SESSION_BUS_ADDRESS', 'unix:path=/run/user/1000/bus'), ('COLORTERM', 'truecolor'), ('TERMINATOR_DBUS_NAME', 'net.tenshu.Terminator25ef4b219e3b005583550f2b0f9f990c3'), ('GIO_LAUNCHED_DESKTOP_FILE_PID', '4283'), ('IM_CONFIG_PHASE', '1'), ('WAYLAND_DISPLAY', 'wayland-0'), ('ROS_DISTRO', 'humble'), ('LOGNAME', 'enesisaoglu'), ('JOURNAL_STREAM', '8:3698'), ('_', '/usr/bin/colcon'), ('ROS_VERSION', '2'), ('XDG_SESSION_CLASS', 'user'), ('USERNAME', 'enesisaoglu'), ('TERM', 'xterm-256color'), ('GNOME_DESKTOP_SESSION_ID', 'this-is-deprecated'), ('ROS_LOCALHOST_ONLY', '0'), ('PATH', '/opt/ros/humble/bin:/home/enesisaoglu/.local/bin:/usr/local/sbin:/usr/local/bin:/usr/sbin:/usr/bin:/sbin:/bin:/usr/games:/usr/local/games:/snap/bin:/snap/bin'), ('SESSION_MANAGER', 'local/enesisaoglu-Stealth-16-AI-Studio-A1VGG:@/tmp/.ICE-unix/2016,unix/enesisaoglu-Stealth-16-AI-Studio-A1VGG:/tmp/.ICE-unix/2016'), ('INVOCATION_ID', '4c2109d650d54d49aba5bca122939b3a'), ('XDG_MENU_PREFIX', 'gnome-'), ('LC_ADDRESS', 'tr_TR.UTF-8'), ('GNOME_SETUP_DISPLAY', ':1'), ('XDG_RUNTIME_DIR', '/run/user/1000'), ('DISPLAY', ':0'), ('TERMINATOR_DBUS_PATH', '/net/tenshu/Terminator2'), ('LANG', 'en_US.UTF-8'), ('XDG_CURRENT_DESKTOP', 'ubuntu:GNOME'), ('IBUS_DISABLE_SNOOPER', '1'), ('LC_TELEPHONE', 'tr_TR.UTF-8'), ('XMODIFIERS', '@im=ibus'), ('XDG_SESSION_DESKTOP', 'ubuntu'), ('XAUTHORITY', '/run/user/1000/.mutter-Xwaylandauth.AKHB42'), ('SSH_AGENT_LAUNCHER', 'gnome-keyring'), ('SSH_AUTH_SOCK', '/run/user/1000/keyring/ssh'), ('AMENT_PREFIX_PATH', '/home/enesisaoglu/rmis_ws/install/kinect2_registration:/opt/ros/humble'), ('SHELL', '/bin/bash'), ('LC_NAME', 'tr_TR.UTF-8'), ('TERMINATOR_UUID', 'urn:uuid:32ffa0ce-3242-4118-82cf-2dcdb1ee36e5'), ('QT_ACCESSIBILITY', '1'), ('GDMSESSION', 'ubuntu'), ('LESSCLOSE', '/usr/bin/lesspipe %s %s'), ('LC_MEASUREMENT', 'tr_TR.UTF-8'), ('GJS_DEBUG_OUTPUT', 'stderr'), ('LC_IDENTIFICATION', 'tr_TR.UTF-8'), ('QT_IM_MODULE', 'ibus'), ('PWD', '/home/enesisaoglu/rmis_ws/build/kinect2_bridge'), ('LC_ALL', 'en_US.UTF-8'), ('XDG_CONFIG_DIRS', '/etc/xdg/xdg-ubuntu:/etc/xdg'), ('XDG_DATA_DIRS', '/usr/share/ubuntu:/home/enesisaoglu/.local/share/flatpak/exports/share:/var/lib/flatpak/exports/share:/usr/local/share/:/usr/share/:/var/lib/snapd/desktop'), ('PYTHONPATH', '/opt/ros/humble/lib/python3.10/site-packages:/opt/ros/humble/local/lib/python3.10/dist-packages'), ('LC_NUMERIC', 'tr_TR.UTF-8'), ('LC_PAPER', 'tr_TR.UTF-8'), ('COLCON', '1'), ('VTE_VERSION', '6800'), ('CMAKE_PREFIX_PATH', '/home/enesisaoglu/rmis_ws/install/kinect2_registration:/opt/ros/humble')]), 'shell': False}
[0.138068] (kinect2_bridge) StdoutLine: {'line': b'-- Install configuration: ""\n'}
[0.138170] (kinect2_bridge) StdoutLine: {'line': b'-- Up-to-date: /home/enesisaoglu/rmis_ws/install/kinect2_bridge/lib/kinect2_bridge/kinect2_bridge\n'}
[0.138242] (kinect2_bridge) StdoutLine: {'line': b'-- Up-to-date: /home/enesisaoglu/rmis_ws/install/kinect2_bridge/include\n'}
[0.138299] (kinect2_bridge) StdoutLine: {'line': b'-- Up-to-date: /home/enesisaoglu/rmis_ws/install/kinect2_bridge/include/kinect2_bridge\n'}
[0.138327] (kinect2_bridge) StdoutLine: {'line': b'-- Up-to-date: /home/enesisaoglu/rmis_ws/install/kinect2_bridge/include/kinect2_bridge/kinect2_definitions.h\n'}
[0.138354] (kinect2_bridge) StdoutLine: {'line': b'-- Up-to-date: /home/enesisaoglu/rmis_ws/install/kinect2_bridge/share/kinect2_bridge/launch\n'}
[0.138381] (kinect2_bridge) StdoutLine: {'line': b'-- Up-to-date: /home/enesisaoglu/rmis_ws/install/kinect2_bridge/share/kinect2_bridge/launch/kinect2_bridge.launch.py\n'}
[0.138432] (kinect2_bridge) StdoutLine: {'line': b'-- Up-to-date: /home/enesisaoglu/rmis_ws/install/kinect2_bridge/share/ament_index/resource_index/package_run_dependencies/kinect2_bridge\n'}
[0.138460] (kinect2_bridge) StdoutLine: {'line': b'-- Up-to-date: /home/enesisaoglu/rmis_ws/install/kinect2_bridge/share/ament_index/resource_index/parent_prefix_path/kinect2_bridge\n'}
[0.138486] (kinect2_bridge) StdoutLine: {'line': b'-- Up-to-date: /home/enesisaoglu/rmis_ws/install/kinect2_bridge/share/kinect2_bridge/environment/ament_prefix_path.sh\n'}
[0.138525] (kinect2_bridge) StdoutLine: {'line': b'-- Up-to-date: /home/enesisaoglu/rmis_ws/install/kinect2_bridge/share/kinect2_bridge/environment/ament_prefix_path.dsv\n'}
[0.138548] (kinect2_bridge) StdoutLine: {'line': b'-- Up-to-date: /home/enesisaoglu/rmis_ws/install/kinect2_bridge/share/kinect2_bridge/environment/path.sh\n'}
[0.138571] (kinect2_bridge) StdoutLine: {'line': b'-- Up-to-date: /home/enesisaoglu/rmis_ws/install/kinect2_bridge/share/kinect2_bridge/environment/path.dsv\n'}
[0.138596] (kinect2_bridge) StdoutLine: {'line': b'-- Up-to-date: /home/enesisaoglu/rmis_ws/install/kinect2_bridge/share/kinect2_bridge/local_setup.bash\n'}
[0.138621] (kinect2_bridge) StdoutLine: {'line': b'-- Up-to-date: /home/enesisaoglu/rmis_ws/install/kinect2_bridge/share/kinect2_bridge/local_setup.sh\n'}
[0.138670] (kinect2_bridge) StdoutLine: {'line': b'-- Up-to-date: /home/enesisaoglu/rmis_ws/install/kinect2_bridge/share/kinect2_bridge/local_setup.zsh\n'}
[0.138693] (kinect2_bridge) StdoutLine: {'line': b'-- Up-to-date: /home/enesisaoglu/rmis_ws/install/kinect2_bridge/share/kinect2_bridge/local_setup.dsv\n'}
[0.138715] (kinect2_bridge) StdoutLine: {'line': b'-- Installing: /home/enesisaoglu/rmis_ws/install/kinect2_bridge/share/kinect2_bridge/package.dsv\n'}
[0.138739] (kinect2_bridge) StdoutLine: {'line': b'-- Up-to-date: /home/enesisaoglu/rmis_ws/install/kinect2_bridge/share/ament_index/resource_index/packages/kinect2_bridge\n'}
[0.138760] (kinect2_bridge) StdoutLine: {'line': b'-- Up-to-date: /home/enesisaoglu/rmis_ws/install/kinect2_bridge/share/kinect2_bridge/cmake/ament_cmake_export_include_directories-extras.cmake\n'}
[0.138783] (kinect2_bridge) StdoutLine: {'line': b'-- Up-to-date: /home/enesisaoglu/rmis_ws/install/kinect2_bridge/share/kinect2_bridge/cmake/ament_cmake_export_dependencies-extras.cmake\n'}
[0.138805] (kinect2_bridge) StdoutLine: {'line': b'-- Up-to-date: /home/enesisaoglu/rmis_ws/install/kinect2_bridge/share/kinect2_bridge/cmake/kinect2_bridgeConfig.cmake\n'}
[0.138827] (kinect2_bridge) StdoutLine: {'line': b'-- Up-to-date: /home/enesisaoglu/rmis_ws/install/kinect2_bridge/share/kinect2_bridge/cmake/kinect2_bridgeConfig-version.cmake\n'}
[0.138848] (kinect2_bridge) StdoutLine: {'line': b'-- Up-to-date: /home/enesisaoglu/rmis_ws/install/kinect2_bridge/share/kinect2_bridge/package.xml\n'}
[0.139443] (kinect2_bridge) CommandEnded: {'returncode': 0}
[0.145583] (kinect2_bridge) JobEnded: {'identifier': 'kinect2_bridge', 'rc': 0}
[0.145845] (-) EventReactorShutdown: {}
