-- Install configuration: ""
-- Up-to-date: /home/enesisaoglu/rmis_ws/install/rmis_description/share/rmis_description/launch
-- Up-to-date: /home/enesisaoglu/rmis_ws/install/rmis_description/share/rmis_description/launch/display.launch.py
-- Up-to-date: /home/enesisaoglu/rmis_ws/install/rmis_description/share/rmis_description/urdf
-- Up-to-date: /home/enesisaoglu/rmis_ws/install/rmis_description/share/rmis_description/urdf/rmis_robot.urdf
-- Up-to-date: /home/enesisaoglu/rmis_ws/install/rmis_description/share/rmis_description/meshes
-- Up-to-date: /home/enesisaoglu/rmis_ws/install/rmis_description/share/rmis_description/meshes/dae
-- Up-to-date: /home/enesisaoglu/rmis_ws/install/rmis_description/share/rmis_description/meshes/dae/Hub_torque.020.dae
-- Up-to-date: /home/enesisaoglu/rmis_ws/install/rmis_description/share/rmis_description/meshes/dae/Hub_torque.011.dae_history.log
-- Up-to-date: /home/enesisaoglu/rmis_ws/install/rmis_description/share/rmis_description/meshes/dae/u_bracket.007.dae
-- Up-to-date: /home/enesisaoglu/rmis_ws/install/rmis_description/share/rmis_description/meshes/dae/u_bracket.014.dae_history.log
-- Up-to-date: /home/enesisaoglu/rmis_ws/install/rmis_description/share/rmis_description/meshes/dae/Cube.005.dae_history.log
-- Up-to-date: /home/enesisaoglu/rmis_ws/install/rmis_description/share/rmis_description/meshes/dae/u_bracket.001.dae_history.log
-- Up-to-date: /home/enesisaoglu/rmis_ws/install/rmis_description/share/rmis_description/meshes/dae/Cube.021.dae
-- Up-to-date: /home/enesisaoglu/rmis_ws/install/rmis_description/share/rmis_description/meshes/dae/Hub_torque.010.dae_history.log
-- Up-to-date: /home/enesisaoglu/rmis_ws/install/rmis_description/share/rmis_description/meshes/dae/u_bracket.007.dae_history.log
-- Up-to-date: /home/enesisaoglu/rmis_ws/install/rmis_description/share/rmis_description/meshes/dae/Hub_torque.dae
-- Up-to-date: /home/enesisaoglu/rmis_ws/install/rmis_description/share/rmis_description/meshes/dae/Cube.008.dae
-- Up-to-date: /home/enesisaoglu/rmis_ws/install/rmis_description/share/rmis_description/meshes/dae/Cube.007.dae_history.log
-- Up-to-date: /home/enesisaoglu/rmis_ws/install/rmis_description/share/rmis_description/meshes/dae/Cube.019.dae_history.log
-- Up-to-date: /home/enesisaoglu/rmis_ws/install/rmis_description/share/rmis_description/meshes/dae/Hub_torque.035.dae
-- Up-to-date: /home/enesisaoglu/rmis_ws/install/rmis_description/share/rmis_description/meshes/dae/u_bracket.005.dae
-- Up-to-date: /home/enesisaoglu/rmis_ws/install/rmis_description/share/rmis_description/meshes/dae/u_bracket.003.dae_history.log
-- Up-to-date: /home/enesisaoglu/rmis_ws/install/rmis_description/share/rmis_description/meshes/dae/u_bracket.004.dae_history.log
-- Up-to-date: /home/enesisaoglu/rmis_ws/install/rmis_description/share/rmis_description/meshes/dae/Hub_torque.035.dae_history.log
-- Up-to-date: /home/enesisaoglu/rmis_ws/install/rmis_description/share/rmis_description/meshes/dae/Cube.017.dae_history.log
-- Up-to-date: /home/enesisaoglu/rmis_ws/install/rmis_description/share/rmis_description/meshes/dae/27-1a.001.dae
-- Up-to-date: /home/enesisaoglu/rmis_ws/install/rmis_description/share/rmis_description/meshes/dae/offset_bracket.001.dae
-- Up-to-date: /home/enesisaoglu/rmis_ws/install/rmis_description/share/rmis_description/meshes/dae/Hub_torque.010.dae
-- Up-to-date: /home/enesisaoglu/rmis_ws/install/rmis_description/share/rmis_description/meshes/dae/Hub_torque.036.dae
-- Up-to-date: /home/enesisaoglu/rmis_ws/install/rmis_description/share/rmis_description/meshes/dae/Cube.008.dae_history.log
-- Up-to-date: /home/enesisaoglu/rmis_ws/install/rmis_description/share/rmis_description/meshes/dae/Cube.020.dae_history.log
-- Up-to-date: /home/enesisaoglu/rmis_ws/install/rmis_description/share/rmis_description/meshes/dae/u_bracket.014.dae
-- Up-to-date: /home/enesisaoglu/rmis_ws/install/rmis_description/share/rmis_description/meshes/dae/u_bracket.015.dae
-- Up-to-date: /home/enesisaoglu/rmis_ws/install/rmis_description/share/rmis_description/meshes/dae/Cube.007.dae
-- Up-to-date: /home/enesisaoglu/rmis_ws/install/rmis_description/share/rmis_description/meshes/dae/u_bracket.011.dae_history.log
-- Up-to-date: /home/enesisaoglu/rmis_ws/install/rmis_description/share/rmis_description/meshes/dae/Cube.017.dae
-- Up-to-date: /home/enesisaoglu/rmis_ws/install/rmis_description/share/rmis_description/meshes/dae/u_bracket.001.dae
-- Up-to-date: /home/enesisaoglu/rmis_ws/install/rmis_description/share/rmis_description/meshes/dae/Hub_torque.036.dae_history.log
-- Up-to-date: /home/enesisaoglu/rmis_ws/install/rmis_description/share/rmis_description/meshes/dae/Hub_torque.002.dae
-- Up-to-date: /home/enesisaoglu/rmis_ws/install/rmis_description/share/rmis_description/meshes/dae/Cube.001.dae
-- Up-to-date: /home/enesisaoglu/rmis_ws/install/rmis_description/share/rmis_description/meshes/dae/u_bracket.004.dae
-- Up-to-date: /home/enesisaoglu/rmis_ws/install/rmis_description/share/rmis_description/meshes/dae/Cube.020.dae
-- Up-to-date: /home/enesisaoglu/rmis_ws/install/rmis_description/share/rmis_description/meshes/dae/u_bracket.010.dae
-- Up-to-date: /home/enesisaoglu/rmis_ws/install/rmis_description/share/rmis_description/meshes/dae/u_bracket.012.dae_history.log
-- Up-to-date: /home/enesisaoglu/rmis_ws/install/rmis_description/share/rmis_description/meshes/dae/Cube.029.dae
-- Up-to-date: /home/enesisaoglu/rmis_ws/install/rmis_description/share/rmis_description/meshes/dae/Hub_torque.020.dae_history.log
-- Up-to-date: /home/enesisaoglu/rmis_ws/install/rmis_description/share/rmis_description/meshes/dae/u_bracket.011.dae
-- Up-to-date: /home/enesisaoglu/rmis_ws/install/rmis_description/share/rmis_description/meshes/dae/u_bracket.015.dae_history.log
-- Up-to-date: /home/enesisaoglu/rmis_ws/install/rmis_description/share/rmis_description/meshes/dae/u_bracket.012.dae
-- Up-to-date: /home/enesisaoglu/rmis_ws/install/rmis_description/share/rmis_description/meshes/dae/27-1a.001.dae_history.log
-- Up-to-date: /home/enesisaoglu/rmis_ws/install/rmis_description/share/rmis_description/meshes/dae/Hub_torque.dae_history.log
-- Up-to-date: /home/enesisaoglu/rmis_ws/install/rmis_description/share/rmis_description/meshes/dae/offset_bracket.003.dae
-- Up-to-date: /home/enesisaoglu/rmis_ws/install/rmis_description/share/rmis_description/meshes/dae/Cube.029.dae_history.log
-- Up-to-date: /home/enesisaoglu/rmis_ws/install/rmis_description/share/rmis_description/meshes/dae/offset_bracket.001.dae_history.log
-- Up-to-date: /home/enesisaoglu/rmis_ws/install/rmis_description/share/rmis_description/meshes/dae/Hub_torque.011.dae
-- Up-to-date: /home/enesisaoglu/rmis_ws/install/rmis_description/share/rmis_description/meshes/dae/Hub_torque.002.dae_history.log
-- Up-to-date: /home/enesisaoglu/rmis_ws/install/rmis_description/share/rmis_description/meshes/dae/u_bracket.005.dae_history.log
-- Up-to-date: /home/enesisaoglu/rmis_ws/install/rmis_description/share/rmis_description/meshes/dae/Cube.023.dae_history.log
-- Up-to-date: /home/enesisaoglu/rmis_ws/install/rmis_description/share/rmis_description/meshes/dae/Hub_torque.008.dae
-- Up-to-date: /home/enesisaoglu/rmis_ws/install/rmis_description/share/rmis_description/meshes/dae/Cube.019.dae
-- Up-to-date: /home/enesisaoglu/rmis_ws/install/rmis_description/share/rmis_description/meshes/dae/Hub_torque.008.dae_history.log
-- Up-to-date: /home/enesisaoglu/rmis_ws/install/rmis_description/share/rmis_description/meshes/dae/u_bracket.003.dae
-- Up-to-date: /home/enesisaoglu/rmis_ws/install/rmis_description/share/rmis_description/meshes/dae/Cube.021.dae_history.log
-- Up-to-date: /home/enesisaoglu/rmis_ws/install/rmis_description/share/rmis_description/meshes/dae/Cube.001.dae_history.log
-- Up-to-date: /home/enesisaoglu/rmis_ws/install/rmis_description/share/rmis_description/meshes/dae/Cube.005.dae
-- Up-to-date: /home/enesisaoglu/rmis_ws/install/rmis_description/share/rmis_description/meshes/dae/u_bracket.010.dae_history.log
-- Up-to-date: /home/enesisaoglu/rmis_ws/install/rmis_description/share/rmis_description/meshes/dae/Cube.023.dae
-- Up-to-date: /home/enesisaoglu/rmis_ws/install/rmis_description/share/rmis_description/meshes/dae/offset_bracket.003.dae_history.log
-- Up-to-date: /home/enesisaoglu/rmis_ws/install/rmis_description/share/ament_index/resource_index/package_run_dependencies/rmis_description
-- Up-to-date: /home/enesisaoglu/rmis_ws/install/rmis_description/share/ament_index/resource_index/parent_prefix_path/rmis_description
-- Up-to-date: /home/enesisaoglu/rmis_ws/install/rmis_description/share/rmis_description/environment/ament_prefix_path.sh
-- Up-to-date: /home/enesisaoglu/rmis_ws/install/rmis_description/share/rmis_description/environment/ament_prefix_path.dsv
-- Up-to-date: /home/enesisaoglu/rmis_ws/install/rmis_description/share/rmis_description/environment/path.sh
-- Up-to-date: /home/enesisaoglu/rmis_ws/install/rmis_description/share/rmis_description/environment/path.dsv
-- Up-to-date: /home/enesisaoglu/rmis_ws/install/rmis_description/share/rmis_description/local_setup.bash
-- Up-to-date: /home/enesisaoglu/rmis_ws/install/rmis_description/share/rmis_description/local_setup.sh
-- Up-to-date: /home/enesisaoglu/rmis_ws/install/rmis_description/share/rmis_description/local_setup.zsh
-- Up-to-date: /home/enesisaoglu/rmis_ws/install/rmis_description/share/rmis_description/local_setup.dsv
-- Up-to-date: /home/enesisaoglu/rmis_ws/install/rmis_description/share/rmis_description/package.dsv
-- Up-to-date: /home/enesisaoglu/rmis_ws/install/rmis_description/share/ament_index/resource_index/packages/rmis_description
-- Up-to-date: /home/enesisaoglu/rmis_ws/install/rmis_description/share/rmis_description/cmake/rmis_descriptionConfig.cmake
-- Up-to-date: /home/enesisaoglu/rmis_ws/install/rmis_description/share/rmis_description/cmake/rmis_descriptionConfig-version.cmake
-- Up-to-date: /home/enesisaoglu/rmis_ws/install/rmis_description/share/rmis_description/package.xml
