[0.053s] DEBUG:colcon:Command line arguments: ['/usr/bin/colcon', 'build']
[0.054s] DEBUG:colcon:Parsed command line arguments: Namespace(log_base=None, log_level=None, verb_name='build', build_base='build', install_base='install', merge_install=False, symlink_install=False, test_result_base=None, continue_on_error=False, executor='parallel', parallel_workers=22, event_handlers=None, ignore_user_meta=False, metas=['./colcon.meta'], base_paths=['.'], packages_ignore=None, packages_ignore_regex=None, paths=None, packages_up_to=None, packages_up_to_regex=None, packages_above=None, packages_above_and_dependencies=None, packages_above_depth=None, packages_select_by_dep=None, packages_skip_by_dep=None, packages_skip_up_to=None, packages_select_build_failed=False, packages_skip_build_finished=False, packages_select_test_failures=False, packages_skip_test_passed=False, packages_select=None, packages_skip=None, packages_select_regex=None, packages_skip_regex=None, packages_start=None, packages_end=None, allow_overriding=[], cmake_args=None, cmake_target=None, cmake_target_skip_unavailable=False, cmake_clean_cache=False, cmake_clean_first=False, cmake_force_configure=False, ament_cmake_args=None, catkin_cmake_args=None, catkin_skip_building_tests=False, mixin_files=None, mixin=None, verb_parser=<colcon_mixin.mixin.mixin_argument.MixinArgumentDecorator object at 0x7c9d48b560e0>, verb_extension=<colcon_core.verb.build.BuildVerb object at 0x7c9d48b55960>, main=<bound method BuildVerb.main of <colcon_core.verb.build.BuildVerb object at 0x7c9d48b55960>>, mixin_verb=('build',))
[0.136s] Level 1:colcon.colcon_core.package_discovery:discover_packages(colcon_meta) check parameters
[0.136s] Level 1:colcon.colcon_core.package_discovery:discover_packages(recursive) check parameters
[0.136s] Level 1:colcon.colcon_core.package_discovery:discover_packages(ignore) check parameters
[0.136s] Level 1:colcon.colcon_core.package_discovery:discover_packages(path) check parameters
[0.136s] Level 1:colcon.colcon_core.package_discovery:discover_packages(colcon_meta) discover
[0.136s] Level 1:colcon.colcon_core.package_discovery:discover_packages(recursive) discover
[0.136s] INFO:colcon.colcon_core.package_discovery:Crawling recursively for packages in '/home/enesisaoglu/rmis_ws'
[0.136s] Level 1:colcon.colcon_core.package_identification:_identify(.) by extensions ['ignore', 'ignore_ament_install']
[0.136s] Level 1:colcon.colcon_core.package_identification:_identify(.) by extension 'ignore'
[0.136s] Level 1:colcon.colcon_core.package_identification:_identify(.) by extension 'ignore_ament_install'
[0.136s] Level 1:colcon.colcon_core.package_identification:_identify(.) by extensions ['colcon_pkg']
[0.136s] Level 1:colcon.colcon_core.package_identification:_identify(.) by extension 'colcon_pkg'
[0.136s] Level 1:colcon.colcon_core.package_identification:_identify(.) by extensions ['colcon_meta']
[0.136s] Level 1:colcon.colcon_core.package_identification:_identify(.) by extension 'colcon_meta'
[0.136s] Level 1:colcon.colcon_core.package_identification:_identify(.) by extensions ['ros']
[0.136s] Level 1:colcon.colcon_core.package_identification:_identify(.) by extension 'ros'
[0.142s] Level 1:colcon.colcon_core.package_identification:_identify(.) by extensions ['cmake', 'python']
[0.142s] Level 1:colcon.colcon_core.package_identification:_identify(.) by extension 'cmake'
[0.142s] Level 1:colcon.colcon_core.package_identification:_identify(.) by extension 'python'
[0.142s] Level 1:colcon.colcon_core.package_identification:_identify(.) by extensions ['python_setup_py']
[0.142s] Level 1:colcon.colcon_core.package_identification:_identify(.) by extension 'python_setup_py'
[0.142s] Level 1:colcon.colcon_core.package_identification:_identify(build) by extensions ['ignore', 'ignore_ament_install']
[0.142s] Level 1:colcon.colcon_core.package_identification:_identify(build) by extension 'ignore'
[0.142s] Level 1:colcon.colcon_core.package_identification:_identify(build) ignored
[0.142s] Level 1:colcon.colcon_core.package_identification:_identify(install) by extensions ['ignore', 'ignore_ament_install']
[0.142s] Level 1:colcon.colcon_core.package_identification:_identify(install) by extension 'ignore'
[0.142s] Level 1:colcon.colcon_core.package_identification:_identify(install) ignored
[0.142s] Level 1:colcon.colcon_core.package_identification:_identify(log) by extensions ['ignore', 'ignore_ament_install']
[0.142s] Level 1:colcon.colcon_core.package_identification:_identify(log) by extension 'ignore'
[0.142s] Level 1:colcon.colcon_core.package_identification:_identify(log) ignored
[0.142s] Level 1:colcon.colcon_core.package_identification:_identify(src) by extensions ['ignore', 'ignore_ament_install']
[0.143s] Level 1:colcon.colcon_core.package_identification:_identify(src) by extension 'ignore'
[0.143s] Level 1:colcon.colcon_core.package_identification:_identify(src) by extension 'ignore_ament_install'
[0.143s] Level 1:colcon.colcon_core.package_identification:_identify(src) by extensions ['colcon_pkg']
[0.143s] Level 1:colcon.colcon_core.package_identification:_identify(src) by extension 'colcon_pkg'
[0.143s] Level 1:colcon.colcon_core.package_identification:_identify(src) by extensions ['colcon_meta']
[0.143s] Level 1:colcon.colcon_core.package_identification:_identify(src) by extension 'colcon_meta'
[0.143s] Level 1:colcon.colcon_core.package_identification:_identify(src) by extensions ['ros']
[0.143s] Level 1:colcon.colcon_core.package_identification:_identify(src) by extension 'ros'
[0.143s] Level 1:colcon.colcon_core.package_identification:_identify(src) by extensions ['cmake', 'python']
[0.143s] Level 1:colcon.colcon_core.package_identification:_identify(src) by extension 'cmake'
[0.143s] Level 1:colcon.colcon_core.package_identification:_identify(src) by extension 'python'
[0.143s] Level 1:colcon.colcon_core.package_identification:_identify(src) by extensions ['python_setup_py']
[0.143s] Level 1:colcon.colcon_core.package_identification:_identify(src) by extension 'python_setup_py'
[0.143s] Level 1:colcon.colcon_core.package_identification:_identify(src/rmis_data_publisher) by extensions ['ignore', 'ignore_ament_install']
[0.143s] Level 1:colcon.colcon_core.package_identification:_identify(src/rmis_data_publisher) by extension 'ignore'
[0.143s] Level 1:colcon.colcon_core.package_identification:_identify(src/rmis_data_publisher) by extension 'ignore_ament_install'
[0.143s] Level 1:colcon.colcon_core.package_identification:_identify(src/rmis_data_publisher) by extensions ['colcon_pkg']
[0.143s] Level 1:colcon.colcon_core.package_identification:_identify(src/rmis_data_publisher) by extension 'colcon_pkg'
[0.143s] Level 1:colcon.colcon_core.package_identification:_identify(src/rmis_data_publisher) by extensions ['colcon_meta']
[0.143s] Level 1:colcon.colcon_core.package_identification:_identify(src/rmis_data_publisher) by extension 'colcon_meta'
[0.143s] Level 1:colcon.colcon_core.package_identification:_identify(src/rmis_data_publisher) by extensions ['ros']
[0.143s] Level 1:colcon.colcon_core.package_identification:_identify(src/rmis_data_publisher) by extension 'ros'
[0.144s] DEBUG:colcon.colcon_core.package_identification:Package 'src/rmis_data_publisher' with type 'ros.ament_python' and name 'rmis_data_publisher'
[0.144s] Level 1:colcon.colcon_core.package_identification:_identify(src/rmis_description) by extensions ['ignore', 'ignore_ament_install']
[0.144s] Level 1:colcon.colcon_core.package_identification:_identify(src/rmis_description) by extension 'ignore'
[0.144s] Level 1:colcon.colcon_core.package_identification:_identify(src/rmis_description) by extension 'ignore_ament_install'
[0.145s] Level 1:colcon.colcon_core.package_identification:_identify(src/rmis_description) by extensions ['colcon_pkg']
[0.145s] Level 1:colcon.colcon_core.package_identification:_identify(src/rmis_description) by extension 'colcon_pkg'
[0.145s] Level 1:colcon.colcon_core.package_identification:_identify(src/rmis_description) by extensions ['colcon_meta']
[0.145s] Level 1:colcon.colcon_core.package_identification:_identify(src/rmis_description) by extension 'colcon_meta'
[0.145s] Level 1:colcon.colcon_core.package_identification:_identify(src/rmis_description) by extensions ['ros']
[0.145s] Level 1:colcon.colcon_core.package_identification:_identify(src/rmis_description) by extension 'ros'
[0.145s] DEBUG:colcon.colcon_core.package_identification:Package 'src/rmis_description' with type 'ros.ament_cmake' and name 'rmis_description'
[0.145s] Level 1:colcon.colcon_core.package_discovery:discover_packages(recursive) using defaults
[0.145s] Level 1:colcon.colcon_core.package_discovery:discover_packages(ignore) discover
[0.145s] Level 1:colcon.colcon_core.package_discovery:discover_packages(ignore) using defaults
[0.145s] Level 1:colcon.colcon_core.package_discovery:discover_packages(path) discover
[0.145s] Level 1:colcon.colcon_core.package_discovery:discover_packages(path) using defaults
[0.160s] Level 1:colcon.colcon_core.package_discovery:discover_packages(prefix_path) check parameters
[0.160s] Level 1:colcon.colcon_core.package_discovery:discover_packages(prefix_path) discover
[0.161s] WARNING:colcon.colcon_ros.prefix_path.ament:The path '/home/enesisaoglu/rmis_ws/install/rmis_control' in the environment variable AMENT_PREFIX_PATH doesn't exist
[0.161s] DEBUG:colcon.colcon_installed_package_information.package_discovery:Found 2 installed packages in /home/enesisaoglu/rmis_ws/install
[0.162s] DEBUG:colcon.colcon_installed_package_information.package_discovery:Found 335 installed packages in /opt/ros/humble
[0.163s] Level 1:colcon.colcon_core.package_discovery:discover_packages(prefix_path) using defaults
[0.183s] Level 5:colcon.colcon_core.verb:set package 'rmis_data_publisher' build argument 'cmake_args' from command line to 'None'
[0.183s] Level 5:colcon.colcon_core.verb:set package 'rmis_data_publisher' build argument 'cmake_target' from command line to 'None'
[0.183s] Level 5:colcon.colcon_core.verb:set package 'rmis_data_publisher' build argument 'cmake_target_skip_unavailable' from command line to 'False'
[0.183s] Level 5:colcon.colcon_core.verb:set package 'rmis_data_publisher' build argument 'cmake_clean_cache' from command line to 'False'
[0.183s] Level 5:colcon.colcon_core.verb:set package 'rmis_data_publisher' build argument 'cmake_clean_first' from command line to 'False'
[0.183s] Level 5:colcon.colcon_core.verb:set package 'rmis_data_publisher' build argument 'cmake_force_configure' from command line to 'False'
[0.183s] Level 5:colcon.colcon_core.verb:set package 'rmis_data_publisher' build argument 'ament_cmake_args' from command line to 'None'
[0.183s] Level 5:colcon.colcon_core.verb:set package 'rmis_data_publisher' build argument 'catkin_cmake_args' from command line to 'None'
[0.183s] Level 5:colcon.colcon_core.verb:set package 'rmis_data_publisher' build argument 'catkin_skip_building_tests' from command line to 'False'
[0.183s] DEBUG:colcon.colcon_core.verb:Building package 'rmis_data_publisher' with the following arguments: {'ament_cmake_args': None, 'build_base': '/home/enesisaoglu/rmis_ws/build/rmis_data_publisher', 'catkin_cmake_args': None, 'catkin_skip_building_tests': False, 'cmake_args': None, 'cmake_clean_cache': False, 'cmake_clean_first': False, 'cmake_force_configure': False, 'cmake_target': None, 'cmake_target_skip_unavailable': False, 'install_base': '/home/enesisaoglu/rmis_ws/install/rmis_data_publisher', 'merge_install': False, 'path': '/home/enesisaoglu/rmis_ws/src/rmis_data_publisher', 'symlink_install': False, 'test_result_base': None}
[0.184s] Level 5:colcon.colcon_core.verb:set package 'rmis_description' build argument 'cmake_args' from command line to 'None'
[0.184s] Level 5:colcon.colcon_core.verb:set package 'rmis_description' build argument 'cmake_target' from command line to 'None'
[0.184s] Level 5:colcon.colcon_core.verb:set package 'rmis_description' build argument 'cmake_target_skip_unavailable' from command line to 'False'
[0.184s] Level 5:colcon.colcon_core.verb:set package 'rmis_description' build argument 'cmake_clean_cache' from command line to 'False'
[0.184s] Level 5:colcon.colcon_core.verb:set package 'rmis_description' build argument 'cmake_clean_first' from command line to 'False'
[0.184s] Level 5:colcon.colcon_core.verb:set package 'rmis_description' build argument 'cmake_force_configure' from command line to 'False'
[0.184s] Level 5:colcon.colcon_core.verb:set package 'rmis_description' build argument 'ament_cmake_args' from command line to 'None'
[0.184s] Level 5:colcon.colcon_core.verb:set package 'rmis_description' build argument 'catkin_cmake_args' from command line to 'None'
[0.184s] Level 5:colcon.colcon_core.verb:set package 'rmis_description' build argument 'catkin_skip_building_tests' from command line to 'False'
[0.184s] DEBUG:colcon.colcon_core.verb:Building package 'rmis_description' with the following arguments: {'ament_cmake_args': None, 'build_base': '/home/enesisaoglu/rmis_ws/build/rmis_description', 'catkin_cmake_args': None, 'catkin_skip_building_tests': False, 'cmake_args': None, 'cmake_clean_cache': False, 'cmake_clean_first': False, 'cmake_force_configure': False, 'cmake_target': None, 'cmake_target_skip_unavailable': False, 'install_base': '/home/enesisaoglu/rmis_ws/install/rmis_description', 'merge_install': False, 'path': '/home/enesisaoglu/rmis_ws/src/rmis_description', 'symlink_install': False, 'test_result_base': None}
[0.184s] INFO:colcon.colcon_core.executor:Executing jobs using 'parallel' executor
[0.185s] DEBUG:colcon.colcon_parallel_executor.executor.parallel:run_until_complete
[0.185s] INFO:colcon.colcon_ros.task.ament_python.build:Building ROS package in '/home/enesisaoglu/rmis_ws/src/rmis_data_publisher' with build type 'ament_python'
[0.185s] Level 1:colcon.colcon_core.shell:create_environment_hook('rmis_data_publisher', 'ament_prefix_path')
[0.186s] INFO:colcon.colcon_core.plugin_system:Skipping extension 'colcon_core.shell.bat': Not used on non-Windows systems
[0.187s] INFO:colcon.colcon_core.shell:Creating environment hook '/home/enesisaoglu/rmis_ws/install/rmis_data_publisher/share/rmis_data_publisher/hook/ament_prefix_path.ps1'
[0.187s] INFO:colcon.colcon_core.shell:Creating environment descriptor '/home/enesisaoglu/rmis_ws/install/rmis_data_publisher/share/rmis_data_publisher/hook/ament_prefix_path.dsv'
[0.187s] INFO:colcon.colcon_core.shell:Creating environment hook '/home/enesisaoglu/rmis_ws/install/rmis_data_publisher/share/rmis_data_publisher/hook/ament_prefix_path.sh'
[0.188s] INFO:colcon.colcon_core.shell:Skip shell extension 'powershell' for command environment: Not usable outside of PowerShell
[0.188s] DEBUG:colcon.colcon_core.shell:Skip shell extension 'dsv' for command environment
[0.190s] INFO:colcon.colcon_ros.task.ament_cmake.build:Building ROS package in '/home/enesisaoglu/rmis_ws/src/rmis_description' with build type 'ament_cmake'
[0.190s] INFO:colcon.colcon_cmake.task.cmake.build:Building CMake package in '/home/enesisaoglu/rmis_ws/src/rmis_description'
[0.190s] INFO:colcon.colcon_core.shell:Skip shell extension 'powershell' for command environment: Not usable outside of PowerShell
[0.190s] DEBUG:colcon.colcon_core.shell:Skip shell extension 'dsv' for command environment
[0.329s] INFO:colcon.colcon_core.task.python.build:Building Python package in '/home/enesisaoglu/rmis_ws/src/rmis_data_publisher'
[0.330s] INFO:colcon.colcon_core.shell:Skip shell extension 'powershell' for command environment: Not usable outside of PowerShell
[0.330s] DEBUG:colcon.colcon_core.shell:Skip shell extension 'dsv' for command environment
[0.336s] DEBUG:colcon.colcon_core.event_handler.log_command:Invoking command in '/home/enesisaoglu/rmis_ws/build/rmis_description': CMAKE_PREFIX_PATH=${CMAKE_PREFIX_PATH}:/home/enesisaoglu/rmis_ws/install/rmis_data_publisher:/home/enesisaoglu/rmis_ws/install/rmis_control:/opt/ros/humble /usr/bin/cmake --build /home/enesisaoglu/rmis_ws/build/rmis_description -- -j22 -l22
[0.367s] DEBUG:colcon.colcon_core.event_handler.log_command:Invoked command in '/home/enesisaoglu/rmis_ws/build/rmis_description' returned '0': CMAKE_PREFIX_PATH=${CMAKE_PREFIX_PATH}:/home/enesisaoglu/rmis_ws/install/rmis_data_publisher:/home/enesisaoglu/rmis_ws/install/rmis_control:/opt/ros/humble /usr/bin/cmake --build /home/enesisaoglu/rmis_ws/build/rmis_description -- -j22 -l22
[0.372s] DEBUG:colcon.colcon_core.event_handler.log_command:Invoking command in '/home/enesisaoglu/rmis_ws/build/rmis_description': CMAKE_PREFIX_PATH=${CMAKE_PREFIX_PATH}:/home/enesisaoglu/rmis_ws/install/rmis_data_publisher:/home/enesisaoglu/rmis_ws/install/rmis_control:/opt/ros/humble /usr/bin/cmake --install /home/enesisaoglu/rmis_ws/build/rmis_description
[0.382s] Level 1:colcon.colcon_core.environment:create_environment_scripts_only(rmis_description)
[0.385s] DEBUG:colcon.colcon_core.event_handler.log_command:Invoked command in '/home/enesisaoglu/rmis_ws/build/rmis_description' returned '0': CMAKE_PREFIX_PATH=${CMAKE_PREFIX_PATH}:/home/enesisaoglu/rmis_ws/install/rmis_data_publisher:/home/enesisaoglu/rmis_ws/install/rmis_control:/opt/ros/humble /usr/bin/cmake --install /home/enesisaoglu/rmis_ws/build/rmis_description
[0.386s] Level 1:colcon.colcon_core.environment:checking '/home/enesisaoglu/rmis_ws/install/rmis_description' for CMake module files
[0.386s] Level 1:colcon.colcon_core.environment:checking '/home/enesisaoglu/rmis_ws/install/rmis_description' for CMake config files
[0.386s] Level 1:colcon.colcon_core.shell:create_environment_hook('rmis_description', 'cmake_prefix_path')
[0.386s] INFO:colcon.colcon_core.shell:Creating environment hook '/home/enesisaoglu/rmis_ws/install/rmis_description/share/rmis_description/hook/cmake_prefix_path.ps1'
[0.387s] INFO:colcon.colcon_core.shell:Creating environment descriptor '/home/enesisaoglu/rmis_ws/install/rmis_description/share/rmis_description/hook/cmake_prefix_path.dsv'
[0.387s] INFO:colcon.colcon_core.shell:Creating environment hook '/home/enesisaoglu/rmis_ws/install/rmis_description/share/rmis_description/hook/cmake_prefix_path.sh'
[0.387s] Level 1:colcon.colcon_core.environment:checking '/home/enesisaoglu/rmis_ws/install/rmis_description/bin'
[0.387s] Level 1:colcon.colcon_core.environment:checking '/home/enesisaoglu/rmis_ws/install/rmis_description/lib/pkgconfig/rmis_description.pc'
[0.387s] Level 1:colcon.colcon_core.environment:checking '/home/enesisaoglu/rmis_ws/install/rmis_description/lib/python3.10/site-packages'
[0.387s] Level 1:colcon.colcon_core.environment:checking '/home/enesisaoglu/rmis_ws/install/rmis_description/bin'
[0.388s] INFO:colcon.colcon_core.shell:Creating package script '/home/enesisaoglu/rmis_ws/install/rmis_description/share/rmis_description/package.ps1'
[0.388s] INFO:colcon.colcon_core.shell:Creating package descriptor '/home/enesisaoglu/rmis_ws/install/rmis_description/share/rmis_description/package.dsv'
[0.388s] INFO:colcon.colcon_core.shell:Creating package script '/home/enesisaoglu/rmis_ws/install/rmis_description/share/rmis_description/package.sh'
[0.388s] INFO:colcon.colcon_core.shell:Creating package script '/home/enesisaoglu/rmis_ws/install/rmis_description/share/rmis_description/package.bash'
[0.389s] INFO:colcon.colcon_core.shell:Creating package script '/home/enesisaoglu/rmis_ws/install/rmis_description/share/rmis_description/package.zsh'
[0.389s] Level 1:colcon.colcon_core.environment:create_file_with_runtime_dependencies(/home/enesisaoglu/rmis_ws/install/rmis_description/share/colcon-core/packages/rmis_description)
[0.389s] Level 1:colcon.colcon_core.environment:create_environment_scripts_only(rmis_description)
[0.389s] Level 1:colcon.colcon_core.environment:checking '/home/enesisaoglu/rmis_ws/install/rmis_description' for CMake module files
[0.390s] Level 1:colcon.colcon_core.environment:checking '/home/enesisaoglu/rmis_ws/install/rmis_description' for CMake config files
[0.390s] Level 1:colcon.colcon_core.shell:create_environment_hook('rmis_description', 'cmake_prefix_path')
[0.390s] INFO:colcon.colcon_core.shell:Creating environment hook '/home/enesisaoglu/rmis_ws/install/rmis_description/share/rmis_description/hook/cmake_prefix_path.ps1'
[0.390s] INFO:colcon.colcon_core.shell:Creating environment descriptor '/home/enesisaoglu/rmis_ws/install/rmis_description/share/rmis_description/hook/cmake_prefix_path.dsv'
[0.390s] INFO:colcon.colcon_core.shell:Creating environment hook '/home/enesisaoglu/rmis_ws/install/rmis_description/share/rmis_description/hook/cmake_prefix_path.sh'
[0.390s] Level 1:colcon.colcon_core.environment:checking '/home/enesisaoglu/rmis_ws/install/rmis_description/bin'
[0.390s] Level 1:colcon.colcon_core.environment:checking '/home/enesisaoglu/rmis_ws/install/rmis_description/lib/pkgconfig/rmis_description.pc'
[0.391s] Level 1:colcon.colcon_core.environment:checking '/home/enesisaoglu/rmis_ws/install/rmis_description/lib/python3.10/site-packages'
[0.391s] Level 1:colcon.colcon_core.environment:checking '/home/enesisaoglu/rmis_ws/install/rmis_description/bin'
[0.391s] INFO:colcon.colcon_core.shell:Creating package script '/home/enesisaoglu/rmis_ws/install/rmis_description/share/rmis_description/package.ps1'
[0.391s] INFO:colcon.colcon_core.shell:Creating package descriptor '/home/enesisaoglu/rmis_ws/install/rmis_description/share/rmis_description/package.dsv'
[0.391s] INFO:colcon.colcon_core.shell:Creating package script '/home/enesisaoglu/rmis_ws/install/rmis_description/share/rmis_description/package.sh'
[0.391s] INFO:colcon.colcon_core.shell:Creating package script '/home/enesisaoglu/rmis_ws/install/rmis_description/share/rmis_description/package.bash'
[0.392s] INFO:colcon.colcon_core.shell:Creating package script '/home/enesisaoglu/rmis_ws/install/rmis_description/share/rmis_description/package.zsh'
[0.392s] Level 1:colcon.colcon_core.environment:create_file_with_runtime_dependencies(/home/enesisaoglu/rmis_ws/install/rmis_description/share/colcon-core/packages/rmis_description)
[0.524s] DEBUG:colcon.colcon_core.event_handler.log_command:Invoking command in '/home/enesisaoglu/rmis_ws/src/rmis_data_publisher': PYTHONPATH=/home/enesisaoglu/rmis_ws/build/rmis_data_publisher/prefix_override:/usr/lib/python3/dist-packages/colcon_core/task/python/colcon_distutils_commands:/home/enesisaoglu/rmis_ws/install/rmis_data_publisher/lib/python3.10/site-packages:${PYTHONPATH} /usr/bin/python3 -W ignore:setup.py install is deprecated -W ignore:easy_install command is deprecated setup.py egg_info --egg-base ../../build/rmis_data_publisher build --build-base /home/enesisaoglu/rmis_ws/build/rmis_data_publisher/build install --record /home/enesisaoglu/rmis_ws/build/rmis_data_publisher/install.log --single-version-externally-managed install_data
[0.673s] Level 1:colcon.colcon_core.environment:checking '/home/enesisaoglu/rmis_ws/install/rmis_data_publisher' for CMake module files
[0.673s] DEBUG:colcon.colcon_core.event_handler.log_command:Invoked command in '/home/enesisaoglu/rmis_ws/src/rmis_data_publisher' returned '0': PYTHONPATH=/home/enesisaoglu/rmis_ws/build/rmis_data_publisher/prefix_override:/usr/lib/python3/dist-packages/colcon_core/task/python/colcon_distutils_commands:/home/enesisaoglu/rmis_ws/install/rmis_data_publisher/lib/python3.10/site-packages:${PYTHONPATH} /usr/bin/python3 -W ignore:setup.py install is deprecated -W ignore:easy_install command is deprecated setup.py egg_info --egg-base ../../build/rmis_data_publisher build --build-base /home/enesisaoglu/rmis_ws/build/rmis_data_publisher/build install --record /home/enesisaoglu/rmis_ws/build/rmis_data_publisher/install.log --single-version-externally-managed install_data
[0.674s] Level 1:colcon.colcon_core.environment:checking '/home/enesisaoglu/rmis_ws/install/rmis_data_publisher' for CMake config files
[0.674s] Level 1:colcon.colcon_core.environment:checking '/home/enesisaoglu/rmis_ws/install/rmis_data_publisher/lib'
[0.675s] Level 1:colcon.colcon_core.environment:checking '/home/enesisaoglu/rmis_ws/install/rmis_data_publisher/bin'
[0.675s] Level 1:colcon.colcon_core.environment:checking '/home/enesisaoglu/rmis_ws/install/rmis_data_publisher/lib/pkgconfig/rmis_data_publisher.pc'
[0.675s] Level 1:colcon.colcon_core.environment:checking '/home/enesisaoglu/rmis_ws/install/rmis_data_publisher/lib/python3.10/site-packages'
[0.675s] Level 1:colcon.colcon_core.shell:create_environment_hook('rmis_data_publisher', 'pythonpath')
[0.676s] INFO:colcon.colcon_core.shell:Creating environment hook '/home/enesisaoglu/rmis_ws/install/rmis_data_publisher/share/rmis_data_publisher/hook/pythonpath.ps1'
[0.676s] INFO:colcon.colcon_core.shell:Creating environment descriptor '/home/enesisaoglu/rmis_ws/install/rmis_data_publisher/share/rmis_data_publisher/hook/pythonpath.dsv'
[0.676s] INFO:colcon.colcon_core.shell:Creating environment hook '/home/enesisaoglu/rmis_ws/install/rmis_data_publisher/share/rmis_data_publisher/hook/pythonpath.sh'
[0.677s] Level 1:colcon.colcon_core.environment:checking '/home/enesisaoglu/rmis_ws/install/rmis_data_publisher/bin'
[0.677s] Level 1:colcon.colcon_core.environment:create_environment_scripts_only(rmis_data_publisher)
[0.677s] INFO:colcon.colcon_core.shell:Creating package script '/home/enesisaoglu/rmis_ws/install/rmis_data_publisher/share/rmis_data_publisher/package.ps1'
[0.678s] INFO:colcon.colcon_core.shell:Creating package descriptor '/home/enesisaoglu/rmis_ws/install/rmis_data_publisher/share/rmis_data_publisher/package.dsv'
[0.678s] INFO:colcon.colcon_core.shell:Creating package script '/home/enesisaoglu/rmis_ws/install/rmis_data_publisher/share/rmis_data_publisher/package.sh'
[0.678s] INFO:colcon.colcon_core.shell:Creating package script '/home/enesisaoglu/rmis_ws/install/rmis_data_publisher/share/rmis_data_publisher/package.bash'
[0.678s] INFO:colcon.colcon_core.shell:Creating package script '/home/enesisaoglu/rmis_ws/install/rmis_data_publisher/share/rmis_data_publisher/package.zsh'
[0.678s] Level 1:colcon.colcon_core.environment:create_file_with_runtime_dependencies(/home/enesisaoglu/rmis_ws/install/rmis_data_publisher/share/colcon-core/packages/rmis_data_publisher)
[0.679s] DEBUG:colcon.colcon_parallel_executor.executor.parallel:closing loop
[0.679s] DEBUG:colcon.colcon_parallel_executor.executor.parallel:loop closed
[0.679s] DEBUG:colcon.colcon_parallel_executor.executor.parallel:run_until_complete finished with '0'
[0.679s] DEBUG:colcon.colcon_core.event_reactor:joining thread
[0.683s] INFO:colcon.colcon_core.plugin_system:Skipping extension 'colcon_notification.desktop_notification.terminal_notifier': Not used on non-Darwin systems
[0.683s] INFO:colcon.colcon_core.plugin_system:Skipping extension 'colcon_notification.desktop_notification.win32': Not used on non-Windows systems
[0.683s] INFO:colcon.colcon_notification.desktop_notification:Sending desktop notification using 'notify2'
[0.690s] DEBUG:colcon.colcon_core.event_reactor:joined thread
[0.690s] INFO:colcon.colcon_core.shell:Creating prefix script '/home/enesisaoglu/rmis_ws/install/local_setup.ps1'
[0.691s] INFO:colcon.colcon_core.shell:Creating prefix util module '/home/enesisaoglu/rmis_ws/install/_local_setup_util_ps1.py'
[0.691s] INFO:colcon.colcon_core.shell:Creating prefix chain script '/home/enesisaoglu/rmis_ws/install/setup.ps1'
[0.692s] INFO:colcon.colcon_core.shell:Creating prefix script '/home/enesisaoglu/rmis_ws/install/local_setup.sh'
[0.692s] INFO:colcon.colcon_core.shell:Creating prefix util module '/home/enesisaoglu/rmis_ws/install/_local_setup_util_sh.py'
[0.693s] INFO:colcon.colcon_core.shell:Creating prefix chain script '/home/enesisaoglu/rmis_ws/install/setup.sh'
[0.693s] INFO:colcon.colcon_core.shell:Creating prefix script '/home/enesisaoglu/rmis_ws/install/local_setup.bash'
[0.693s] INFO:colcon.colcon_core.shell:Creating prefix chain script '/home/enesisaoglu/rmis_ws/install/setup.bash'
[0.694s] INFO:colcon.colcon_core.shell:Creating prefix script '/home/enesisaoglu/rmis_ws/install/local_setup.zsh'
[0.694s] INFO:colcon.colcon_core.shell:Creating prefix chain script '/home/enesisaoglu/rmis_ws/install/setup.zsh'
