[0.009s] Invoking command in '/home/enesisaoglu/rmis_ws/build/rmis_description': CMAKE_PREFIX_PATH=${CMAKE_PREFIX_PATH}:/home/enesisaoglu/rmis_ws/install/rmis_control:/opt/ros/humble /usr/bin/cmake /home/enesisaoglu/rmis_ws/src/rmis_description -DCMAKE_INSTALL_PREFIX=/home/enesisaoglu/rmis_ws/install/rmis_description
[0.048s] -- The C compiler identification is GNU 11.4.0
[0.081s] -- The CXX compiler identification is GNU 11.4.0
[0.084s] -- Detecting C compiler ABI info
[0.131s] -- Detecting C compiler ABI info - done
[0.136s] -- Check for working C compiler: /usr/bin/cc - skipped
[0.136s] -- Detecting C compile features
[0.136s] -- Detecting C compile features - done
[0.138s] -- Detecting CXX compiler ABI info
[0.201s] -- Detecting CXX compiler ABI info - done
[0.207s] -- Check for working CXX compiler: /usr/bin/c++ - skipped
[0.208s] -- Detecting CXX compile features
[0.208s] -- Detecting CXX compile features - done
[0.209s] -- Found ament_cmake: 1.3.11 (/opt/ros/humble/share/ament_cmake/cmake)
[0.316s] -- Found Python3: /usr/bin/python3 (found version "3.10.12") found components: Interpreter 
[0.364s] -- Found ament_lint_auto: 0.12.11 (/opt/ros/humble/share/ament_lint_auto/cmake)
[0.406s] -- Added test 'flake8' to check Python code syntax and style conventions
[0.406s] -- Added test 'lint_cmake' to check CMake code style
[0.407s] -- Added test 'pep257' to check Python code against some of the docstring style conventions in PEP 257
[0.408s] -- Added test 'xmllint' to check XML markup files
[0.409s] -- Found gazebo_ros: 3.9.0 (/opt/ros/humble/share/gazebo_ros/cmake)
[0.430s] -- Found rosidl_generator_c: 3.1.6 (/opt/ros/humble/share/rosidl_generator_c/cmake)
[0.432s] -- Found rosidl_adapter: 3.1.6 (/opt/ros/humble/share/rosidl_adapter/cmake)
[0.437s] -- Found rosidl_generator_cpp: 3.1.6 (/opt/ros/humble/share/rosidl_generator_cpp/cmake)
[0.443s] -- Using all available rosidl_typesupport_c: rosidl_typesupport_fastrtps_c;rosidl_typesupport_introspection_c
[0.451s] -- Using all available rosidl_typesupport_cpp: rosidl_typesupport_fastrtps_cpp;rosidl_typesupport_introspection_cpp
[0.471s] -- Found rmw_implementation_cmake: 6.1.2 (/opt/ros/humble/share/rmw_implementation_cmake/cmake)
[0.472s] -- Found rmw_fastrtps_cpp: 6.2.7 (/opt/ros/humble/share/rmw_fastrtps_cpp/cmake)
[0.551s] -- Found OpenSSL: /usr/lib/x86_64-linux-gnu/libcrypto.so (found version "3.0.2")  
[0.573s] -- Found FastRTPS: /opt/ros/humble/include  
[0.603s] -- Using RMW implementation 'rmw_fastrtps_cpp' as default
[0.608s] -- Looking for pthread.h
[0.674s] -- Looking for pthread.h - found
[0.674s] -- Performing Test CMAKE_HAVE_LIBC_PTHREAD
[0.737s] -- Performing Test CMAKE_HAVE_LIBC_PTHREAD - Success
[0.738s] -- Found Threads: TRUE  
[0.774s] -- Found PkgConfig: /usr/bin/pkg-config (found version "0.29.2") 
[0.775s] -- Checking for module 'bullet>=2.82'
[0.784s] --   Found bullet, version 3.05
[0.872s] -- Found fcl: /usr/include (found suitable version "0.7.0", minimum required is "0.5.0") 
[0.910s] -- Found assimp: /usr/include (found version "5.2.0") 
[0.921s] -- Found DART: /usr/include (Required is at least version "6.6") found components: dart 
[0.938s] -- Found Boost: /usr/lib/x86_64-linux-gnu/cmake/Boost-1.74.0/BoostConfig.cmake (found suitable version "1.74.0", minimum required is "1.40.0") found components: thread system filesystem program_options regex iostreams date_time 
[0.947s] -- Found Protobuf: /usr/lib/x86_64-linux-gnu/libprotobuf.so (found version "3.12.4") 
[0.950s] -- Looking for ignition-math6 -- found version 6.15.1
[0.953s] -- Searching for dependencies of ignition-math6
[0.955s] -- Looking for OGRE...
[0.955s] -- OGRE_PREFIX_WATCH changed.
[0.958s] -- Checking for module 'OGRE'
[0.968s] --   Found OGRE, version 1.9.0
[0.991s] -- Found Ogre Ghadamon (1.9.0)
[0.994s] -- Found OGRE: optimized;/usr/lib/x86_64-linux-gnu/libOgreMain.so;debug;/usr/lib/x86_64-linux-gnu/libOgreMain.so
[1.000s] -- Looking for OGRE_Paging...
[1.004s] -- Found OGRE_Paging: optimized;/usr/lib/x86_64-linux-gnu/libOgrePaging.so;debug;/usr/lib/x86_64-linux-gnu/libOgrePaging.so
[1.004s] -- Looking for OGRE_Terrain...
[1.006s] -- Found OGRE_Terrain: optimized;/usr/lib/x86_64-linux-gnu/libOgreTerrain.so;debug;/usr/lib/x86_64-linux-gnu/libOgreTerrain.so
[1.006s] -- Looking for OGRE_Property...
[1.009s] -- Found OGRE_Property: optimized;/usr/lib/x86_64-linux-gnu/libOgreProperty.so;debug;/usr/lib/x86_64-linux-gnu/libOgreProperty.so
[1.009s] -- Looking for OGRE_RTShaderSystem...
[1.011s] -- Found OGRE_RTShaderSystem: optimized;/usr/lib/x86_64-linux-gnu/libOgreRTShaderSystem.so;debug;/usr/lib/x86_64-linux-gnu/libOgreRTShaderSystem.so
[1.011s] -- Looking for OGRE_Volume...
[1.013s] -- Found OGRE_Volume: optimized;/usr/lib/x86_64-linux-gnu/libOgreVolume.so;debug;/usr/lib/x86_64-linux-gnu/libOgreVolume.so
[1.013s] -- Looking for OGRE_Overlay...
[1.016s] -- Found OGRE_Overlay: optimized;/usr/lib/x86_64-linux-gnu/libOgreOverlay.so;debug;/usr/lib/x86_64-linux-gnu/libOgreOverlay.so
[1.069s] -- Looking for ignition-math6 -- found version 6.15.1
[1.069s] -- Looking for ignition-transport8 -- found version 8.2.1
[1.070s] -- Searching for dependencies of ignition-transport8
[1.080s] -- Found Protobuf: /usr/lib/x86_64-linux-gnu/libprotobuf.so (found suitable version "3.12.4", minimum required is "3") 
[1.086s] -- Config-file not installed for ZeroMQ -- checking for pkg-config
[1.090s] -- Checking for module 'libzmq >= 4'
[1.103s] --   Found libzmq , version 4.3.4
[1.128s] -- Found ZeroMQ: TRUE (Required is at least version "4") 
[1.131s] -- Checking for module 'uuid'
[1.139s] --   Found uuid, version 2.37.2
[1.164s] -- Found UUID: TRUE  
[1.165s] -- Looking for ignition-msgs5 -- found version 5.8.1
[1.165s] -- Searching for dependencies of ignition-msgs5
[1.176s] -- Looking for ignition-math6 -- found version 6.15.1
[1.180s] -- Checking for module 'tinyxml2'
[1.188s] --   Found tinyxml2, version 9.0.0
[1.210s] -- Looking for ignition-msgs5 -- found version 5.8.1
[1.211s] -- Looking for ignition-common3 -- found version 3.14.0
[1.211s] -- Searching for dependencies of ignition-common3
[1.211s] -- Looking for dlfcn.h - found
[1.212s] -- Looking for libdl - found
[1.212s] -- Found DL: TRUE  
[1.221s] -- Found tinyobjloader: /usr/lib/x86_64-linux-gnu/cmake/tinyobjloader/tinyobjloader-config.cmake (found version "2.0.0") 
[1.221s] -- Searching for <ignition-common3> component [graphics]
[1.222s] -- Looking for ignition-common3-graphics -- found version 3.14.0
[1.222s] -- Searching for dependencies of ignition-common3-graphics
[1.222s] -- Looking for ignition-math6 -- found version 6.15.1
[1.223s] -- Looking for ignition-fuel_tools4 -- found version 4.4.0
[1.224s] -- Searching for dependencies of ignition-fuel_tools4
[1.274s] -- Found CURL: /usr/lib/x86_64-linux-gnu/libcurl.so (found version "7.81.0")  
[1.280s] -- Checking for module 'jsoncpp'
[1.288s] --   Found jsoncpp, version 1.9.5
[1.307s] -- Found JSONCPP: TRUE  
[1.310s] -- Checking for module 'libzip'
[1.316s] --   Found libzip, version 1.7.3
[1.344s] -- Found ZIP: TRUE  
[1.345s] -- Looking for ignition-common3 -- found version 3.14.0
[1.345s] -- Looking for ignition-math6 -- found version 6.15.1
[1.345s] -- Looking for ignition-msgs5 -- found version 5.8.1
[1.347s] -- Gazebo version: 11.10
[1.347s] -- Checking for module 'tbb'
[1.358s] --   Found tbb, version 2021.5.0
[1.392s] -- Configuring done
[1.395s] -- Generating done
[1.397s] -- Build files have been written to: /home/enesisaoglu/rmis_ws/build/rmis_description
[1.404s] Invoked command in '/home/enesisaoglu/rmis_ws/build/rmis_description' returned '0': CMAKE_PREFIX_PATH=${CMAKE_PREFIX_PATH}:/home/enesisaoglu/rmis_ws/install/rmis_control:/opt/ros/humble /usr/bin/cmake /home/enesisaoglu/rmis_ws/src/rmis_description -DCMAKE_INSTALL_PREFIX=/home/enesisaoglu/rmis_ws/install/rmis_description
[1.407s] Invoking command in '/home/enesisaoglu/rmis_ws/build/rmis_description': CMAKE_PREFIX_PATH=${CMAKE_PREFIX_PATH}:/home/enesisaoglu/rmis_ws/install/rmis_control:/opt/ros/humble /usr/bin/cmake --build /home/enesisaoglu/rmis_ws/build/rmis_description -- -j22 -l22
[1.439s] Invoked command in '/home/enesisaoglu/rmis_ws/build/rmis_description' returned '0': CMAKE_PREFIX_PATH=${CMAKE_PREFIX_PATH}:/home/enesisaoglu/rmis_ws/install/rmis_control:/opt/ros/humble /usr/bin/cmake --build /home/enesisaoglu/rmis_ws/build/rmis_description -- -j22 -l22
[1.446s] Invoking command in '/home/enesisaoglu/rmis_ws/build/rmis_description': CMAKE_PREFIX_PATH=${CMAKE_PREFIX_PATH}:/home/enesisaoglu/rmis_ws/install/rmis_control:/opt/ros/humble /usr/bin/cmake --install /home/enesisaoglu/rmis_ws/build/rmis_description
[1.450s] -- Install configuration: ""
[1.450s] -- Installing: /home/enesisaoglu/rmis_ws/install/rmis_description/share/rmis_description/launch
[1.450s] -- Installing: /home/enesisaoglu/rmis_ws/install/rmis_description/share/rmis_description/launch/display.launch.py
[1.450s] -- Installing: /home/enesisaoglu/rmis_ws/install/rmis_description/share/rmis_description/urdf
[1.450s] -- Installing: /home/enesisaoglu/rmis_ws/install/rmis_description/share/rmis_description/urdf/test_mesh.urdf
[1.451s] -- Installing: /home/enesisaoglu/rmis_ws/install/rmis_description/share/rmis_description/urdf/rmis_robot.urdf
[1.451s] -- Installing: /home/enesisaoglu/rmis_ws/install/rmis_description/share/rmis_description/meshes
[1.451s] -- Installing: /home/enesisaoglu/rmis_ws/install/rmis_description/share/rmis_description/meshes/dae
[1.451s] -- Installing: /home/enesisaoglu/rmis_ws/install/rmis_description/share/rmis_description/meshes/dae/Hub_torque.020.dae
[1.452s] -- Installing: /home/enesisaoglu/rmis_ws/install/rmis_description/share/rmis_description/meshes/dae/Hub_torque.011.dae_history.log
[1.453s] -- Installing: /home/enesisaoglu/rmis_ws/install/rmis_description/share/rmis_description/meshes/dae/u_bracket.007.dae
[1.453s] -- Installing: /home/enesisaoglu/rmis_ws/install/rmis_description/share/rmis_description/meshes/dae/u_bracket.014.dae_history.log
[1.453s] -- Installing: /home/enesisaoglu/rmis_ws/install/rmis_description/share/rmis_description/meshes/dae/Cube.005.dae_history.log
[1.453s] -- Installing: /home/enesisaoglu/rmis_ws/install/rmis_description/share/rmis_description/meshes/dae/u_bracket.001.dae_history.log
[1.453s] -- Installing: /home/enesisaoglu/rmis_ws/install/rmis_description/share/rmis_description/meshes/dae/Cube.021.dae
[1.454s] -- Installing: /home/enesisaoglu/rmis_ws/install/rmis_description/share/rmis_description/meshes/dae/Hub_torque.010.dae_history.log
[1.454s] -- Installing: /home/enesisaoglu/rmis_ws/install/rmis_description/share/rmis_description/meshes/dae/u_bracket.007.dae_history.log
[1.455s] -- Installing: /home/enesisaoglu/rmis_ws/install/rmis_description/share/rmis_description/meshes/dae/Hub_torque.dae
[1.455s] -- Installing: /home/enesisaoglu/rmis_ws/install/rmis_description/share/rmis_description/meshes/dae/Cube.008.dae
[1.456s] -- Installing: /home/enesisaoglu/rmis_ws/install/rmis_description/share/rmis_description/meshes/dae/Cube.007.dae_history.log
[1.456s] -- Installing: /home/enesisaoglu/rmis_ws/install/rmis_description/share/rmis_description/meshes/dae/Cube.019.dae_history.log
[1.456s] -- Installing: /home/enesisaoglu/rmis_ws/install/rmis_description/share/rmis_description/meshes/dae/Hub_torque.035.dae
[1.456s] -- Installing: /home/enesisaoglu/rmis_ws/install/rmis_description/share/rmis_description/meshes/dae/u_bracket.005.dae
[1.456s] -- Installing: /home/enesisaoglu/rmis_ws/install/rmis_description/share/rmis_description/meshes/dae/u_bracket.003.dae_history.log
[1.457s] -- Installing: /home/enesisaoglu/rmis_ws/install/rmis_description/share/rmis_description/meshes/dae/u_bracket.004.dae_history.log
[1.457s] -- Installing: /home/enesisaoglu/rmis_ws/install/rmis_description/share/rmis_description/meshes/dae/Hub_torque.035.dae_history.log
[1.457s] -- Installing: /home/enesisaoglu/rmis_ws/install/rmis_description/share/rmis_description/meshes/dae/Cube.017.dae_history.log
[1.457s] -- Installing: /home/enesisaoglu/rmis_ws/install/rmis_description/share/rmis_description/meshes/dae/27-1a.001.dae
[1.457s] -- Installing: /home/enesisaoglu/rmis_ws/install/rmis_description/share/rmis_description/meshes/dae/offset_bracket.001.dae
[1.457s] -- Installing: /home/enesisaoglu/rmis_ws/install/rmis_description/share/rmis_description/meshes/dae/Hub_torque.010.dae
[1.458s] -- Installing: /home/enesisaoglu/rmis_ws/install/rmis_description/share/rmis_description/meshes/dae/Hub_torque.036.dae
[1.458s] -- Installing: /home/enesisaoglu/rmis_ws/install/rmis_description/share/rmis_description/meshes/dae/Cube.008.dae_history.log
[1.458s] -- Installing: /home/enesisaoglu/rmis_ws/install/rmis_description/share/rmis_description/meshes/dae/Cube.020.dae_history.log
[1.458s] -- Installing: /home/enesisaoglu/rmis_ws/install/rmis_description/share/rmis_description/meshes/dae/u_bracket.014.dae
[1.459s] -- Installing: /home/enesisaoglu/rmis_ws/install/rmis_description/share/rmis_description/meshes/dae/u_bracket.015.dae
[1.459s] -- Installing: /home/enesisaoglu/rmis_ws/install/rmis_description/share/rmis_description/meshes/dae/Cube.007.dae
[1.460s] -- Installing: /home/enesisaoglu/rmis_ws/install/rmis_description/share/rmis_description/meshes/dae/u_bracket.011.dae_history.log
[1.461s] -- Installing: /home/enesisaoglu/rmis_ws/install/rmis_description/share/rmis_description/meshes/dae/Cube.017.dae
[1.461s] -- Installing: /home/enesisaoglu/rmis_ws/install/rmis_description/share/rmis_description/meshes/dae/u_bracket.001.dae
[1.461s] -- Installing: /home/enesisaoglu/rmis_ws/install/rmis_description/share/rmis_description/meshes/dae/Hub_torque.036.dae_history.log
[1.461s] -- Installing: /home/enesisaoglu/rmis_ws/install/rmis_description/share/rmis_description/meshes/dae/Hub_torque.002.dae
[1.463s] -- Installing: /home/enesisaoglu/rmis_ws/install/rmis_description/share/rmis_description/meshes/dae/Cube.001.dae
[1.463s] -- Installing: /home/enesisaoglu/rmis_ws/install/rmis_description/share/rmis_description/meshes/dae/u_bracket.004.dae
[1.463s] -- Installing: /home/enesisaoglu/rmis_ws/install/rmis_description/share/rmis_description/meshes/dae/Cube.020.dae
[1.468s] -- Installing: /home/enesisaoglu/rmis_ws/install/rmis_description/share/rmis_description/meshes/dae/u_bracket.010.dae
[1.468s] -- Installing: /home/enesisaoglu/rmis_ws/install/rmis_description/share/rmis_description/meshes/dae/u_bracket.012.dae_history.log
[1.468s] -- Installing: /home/enesisaoglu/rmis_ws/install/rmis_description/share/rmis_description/meshes/dae/Cube.029.dae
[1.468s] -- Installing: /home/enesisaoglu/rmis_ws/install/rmis_description/share/rmis_description/meshes/dae/Hub_torque.020.dae_history.log
[1.468s] -- Installing: /home/enesisaoglu/rmis_ws/install/rmis_description/share/rmis_description/meshes/dae/u_bracket.011.dae
[1.468s] -- Installing: /home/enesisaoglu/rmis_ws/install/rmis_description/share/rmis_description/meshes/dae/u_bracket.015.dae_history.log
[1.468s] -- Installing: /home/enesisaoglu/rmis_ws/install/rmis_description/share/rmis_description/meshes/dae/u_bracket.012.dae
[1.468s] -- Installing: /home/enesisaoglu/rmis_ws/install/rmis_description/share/rmis_description/meshes/dae/27-1a.001.dae_history.log
[1.468s] -- Installing: /home/enesisaoglu/rmis_ws/install/rmis_description/share/rmis_description/meshes/dae/Hub_torque.dae_history.log
[1.469s] -- Installing: /home/enesisaoglu/rmis_ws/install/rmis_description/share/rmis_description/meshes/dae/offset_bracket.003.dae
[1.469s] -- Installing: /home/enesisaoglu/rmis_ws/install/rmis_description/share/rmis_description/meshes/dae/Cube.029.dae_history.log
[1.469s] -- Installing: /home/enesisaoglu/rmis_ws/install/rmis_description/share/rmis_description/meshes/dae/offset_bracket.001.dae_history.log
[1.469s] -- Installing: /home/enesisaoglu/rmis_ws/install/rmis_description/share/rmis_description/meshes/dae/Hub_torque.011.dae
[1.470s] -- Installing: /home/enesisaoglu/rmis_ws/install/rmis_description/share/rmis_description/meshes/dae/Hub_torque.002.dae_history.log
[1.470s] -- Installing: /home/enesisaoglu/rmis_ws/install/rmis_description/share/rmis_description/meshes/dae/u_bracket.005.dae_history.log
[1.470s] -- Installing: /home/enesisaoglu/rmis_ws/install/rmis_description/share/rmis_description/meshes/dae/Cube.023.dae_history.log
[1.470s] -- Installing: /home/enesisaoglu/rmis_ws/install/rmis_description/share/rmis_description/meshes/dae/Hub_torque.008.dae
[1.471s] -- Installing: /home/enesisaoglu/rmis_ws/install/rmis_description/share/rmis_description/meshes/dae/Cube.019.dae
[1.473s] -- Installing: /home/enesisaoglu/rmis_ws/install/rmis_description/share/rmis_description/meshes/dae/Hub_torque.008.dae_history.log
[1.473s] -- Installing: /home/enesisaoglu/rmis_ws/install/rmis_description/share/rmis_description/meshes/dae/u_bracket.003.dae
[1.474s] -- Installing: /home/enesisaoglu/rmis_ws/install/rmis_description/share/rmis_description/meshes/dae/Cube.021.dae_history.log
[1.474s] -- Installing: /home/enesisaoglu/rmis_ws/install/rmis_description/share/rmis_description/meshes/dae/Cube.001.dae_history.log
[1.474s] -- Installing: /home/enesisaoglu/rmis_ws/install/rmis_description/share/rmis_description/meshes/dae/Cube.005.dae
[1.475s] -- Installing: /home/enesisaoglu/rmis_ws/install/rmis_description/share/rmis_description/meshes/dae/u_bracket.010.dae_history.log
[1.475s] -- Installing: /home/enesisaoglu/rmis_ws/install/rmis_description/share/rmis_description/meshes/dae/Cube.023.dae
[1.475s] -- Installing: /home/enesisaoglu/rmis_ws/install/rmis_description/share/rmis_description/meshes/dae/offset_bracket.003.dae_history.log
[1.475s] -- Installing: /home/enesisaoglu/rmis_ws/install/rmis_description/share/ament_index/resource_index/package_run_dependencies/rmis_description
[1.475s] -- Installing: /home/enesisaoglu/rmis_ws/install/rmis_description/share/ament_index/resource_index/parent_prefix_path/rmis_description
[1.476s] -- Installing: /home/enesisaoglu/rmis_ws/install/rmis_description/share/rmis_description/environment/ament_prefix_path.sh
[1.476s] -- Installing: /home/enesisaoglu/rmis_ws/install/rmis_description/share/rmis_description/environment/ament_prefix_path.dsv
[1.476s] -- Installing: /home/enesisaoglu/rmis_ws/install/rmis_description/share/rmis_description/environment/path.sh
[1.476s] -- Installing: /home/enesisaoglu/rmis_ws/install/rmis_description/share/rmis_description/environment/path.dsv
[1.476s] -- Installing: /home/enesisaoglu/rmis_ws/install/rmis_description/share/rmis_description/local_setup.bash
[1.476s] -- Installing: /home/enesisaoglu/rmis_ws/install/rmis_description/share/rmis_description/local_setup.sh
[1.476s] -- Installing: /home/enesisaoglu/rmis_ws/install/rmis_description/share/rmis_description/local_setup.zsh
[1.476s] -- Installing: /home/enesisaoglu/rmis_ws/install/rmis_description/share/rmis_description/local_setup.dsv
[1.476s] -- Installing: /home/enesisaoglu/rmis_ws/install/rmis_description/share/rmis_description/package.dsv
[1.476s] -- Installing: /home/enesisaoglu/rmis_ws/install/rmis_description/share/ament_index/resource_index/packages/rmis_description
[1.476s] -- Installing: /home/enesisaoglu/rmis_ws/install/rmis_description/share/rmis_description/cmake/rmis_descriptionConfig.cmake
[1.476s] -- Installing: /home/enesisaoglu/rmis_ws/install/rmis_description/share/rmis_description/cmake/rmis_descriptionConfig-version.cmake
[1.476s] -- Installing: /home/enesisaoglu/rmis_ws/install/rmis_description/share/rmis_description/package.xml
[1.476s] -- Installing: /home/enesisaoglu/rmis_ws/install/rmis_description/share/rmis_description/worlds
[1.476s] -- Installing: /home/enesisaoglu/rmis_ws/install/rmis_description/share/rmis_description/worlds/empty.sdf
[1.478s] Invoked command in '/home/enesisaoglu/rmis_ws/build/rmis_description' returned '0': CMAKE_PREFIX_PATH=${CMAKE_PREFIX_PATH}:/home/enesisaoglu/rmis_ws/install/rmis_control:/opt/ros/humble /usr/bin/cmake --install /home/enesisaoglu/rmis_ws/build/rmis_description
