[0.053s] DEBUG:colcon:Command line arguments: ['/usr/bin/colcon', 'build']
[0.053s] DEBUG:colcon:Parsed command line arguments: Namespace(log_base=None, log_level=None, verb_name='build', build_base='build', install_base='install', merge_install=False, symlink_install=False, test_result_base=None, continue_on_error=False, executor='parallel', parallel_workers=22, event_handlers=None, ignore_user_meta=False, metas=['./colcon.meta'], base_paths=['.'], packages_ignore=None, packages_ignore_regex=None, paths=None, packages_up_to=None, packages_up_to_regex=None, packages_above=None, packages_above_and_dependencies=None, packages_above_depth=None, packages_select_by_dep=None, packages_skip_by_dep=None, packages_skip_up_to=None, packages_select_build_failed=False, packages_skip_build_finished=False, packages_select_test_failures=False, packages_skip_test_passed=False, packages_select=None, packages_skip=None, packages_select_regex=None, packages_skip_regex=None, packages_start=None, packages_end=None, allow_overriding=[], cmake_args=None, cmake_target=None, cmake_target_skip_unavailable=False, cmake_clean_cache=False, cmake_clean_first=False, cmake_force_configure=False, ament_cmake_args=None, catkin_cmake_args=None, catkin_skip_building_tests=False, mixin_files=None, mixin=None, verb_parser=<colcon_mixin.mixin.mixin_argument.MixinArgumentDecorator object at 0x7ebe84268940>, verb_extension=<colcon_core.verb.build.BuildVerb object at 0x7ebe84268250>, main=<bound method BuildVerb.main of <colcon_core.verb.build.BuildVerb object at 0x7ebe84268250>>, mixin_verb=('build',))
[0.128s] Level 1:colcon.colcon_core.package_discovery:discover_packages(colcon_meta) check parameters
[0.128s] Level 1:colcon.colcon_core.package_discovery:discover_packages(recursive) check parameters
[0.128s] Level 1:colcon.colcon_core.package_discovery:discover_packages(ignore) check parameters
[0.128s] Level 1:colcon.colcon_core.package_discovery:discover_packages(path) check parameters
[0.128s] Level 1:colcon.colcon_core.package_discovery:discover_packages(colcon_meta) discover
[0.128s] Level 1:colcon.colcon_core.package_discovery:discover_packages(recursive) discover
[0.129s] INFO:colcon.colcon_core.package_discovery:Crawling recursively for packages in '/home/enesisaoglu/rmis_ws'
[0.129s] Level 1:colcon.colcon_core.package_identification:_identify(.) by extensions ['ignore', 'ignore_ament_install']
[0.129s] Level 1:colcon.colcon_core.package_identification:_identify(.) by extension 'ignore'
[0.129s] Level 1:colcon.colcon_core.package_identification:_identify(.) by extension 'ignore_ament_install'
[0.129s] Level 1:colcon.colcon_core.package_identification:_identify(.) by extensions ['colcon_pkg']
[0.129s] Level 1:colcon.colcon_core.package_identification:_identify(.) by extension 'colcon_pkg'
[0.129s] Level 1:colcon.colcon_core.package_identification:_identify(.) by extensions ['colcon_meta']
[0.129s] Level 1:colcon.colcon_core.package_identification:_identify(.) by extension 'colcon_meta'
[0.129s] Level 1:colcon.colcon_core.package_identification:_identify(.) by extensions ['ros']
[0.129s] Level 1:colcon.colcon_core.package_identification:_identify(.) by extension 'ros'
[0.134s] Level 1:colcon.colcon_core.package_identification:_identify(.) by extensions ['cmake', 'python']
[0.134s] Level 1:colcon.colcon_core.package_identification:_identify(.) by extension 'cmake'
[0.135s] Level 1:colcon.colcon_core.package_identification:_identify(.) by extension 'python'
[0.135s] Level 1:colcon.colcon_core.package_identification:_identify(.) by extensions ['python_setup_py']
[0.135s] Level 1:colcon.colcon_core.package_identification:_identify(.) by extension 'python_setup_py'
[0.135s] Level 1:colcon.colcon_core.package_identification:_identify(build) by extensions ['ignore', 'ignore_ament_install']
[0.135s] Level 1:colcon.colcon_core.package_identification:_identify(build) by extension 'ignore'
[0.135s] Level 1:colcon.colcon_core.package_identification:_identify(build) ignored
[0.135s] Level 1:colcon.colcon_core.package_identification:_identify(install) by extensions ['ignore', 'ignore_ament_install']
[0.135s] Level 1:colcon.colcon_core.package_identification:_identify(install) by extension 'ignore'
[0.135s] Level 1:colcon.colcon_core.package_identification:_identify(install) ignored
[0.135s] Level 1:colcon.colcon_core.package_identification:_identify(log) by extensions ['ignore', 'ignore_ament_install']
[0.135s] Level 1:colcon.colcon_core.package_identification:_identify(log) by extension 'ignore'
[0.135s] Level 1:colcon.colcon_core.package_identification:_identify(log) ignored
[0.135s] Level 1:colcon.colcon_core.package_identification:_identify(src) by extensions ['ignore', 'ignore_ament_install']
[0.135s] Level 1:colcon.colcon_core.package_identification:_identify(src) by extension 'ignore'
[0.135s] Level 1:colcon.colcon_core.package_identification:_identify(src) by extension 'ignore_ament_install'
[0.135s] Level 1:colcon.colcon_core.package_identification:_identify(src) by extensions ['colcon_pkg']
[0.135s] Level 1:colcon.colcon_core.package_identification:_identify(src) by extension 'colcon_pkg'
[0.135s] Level 1:colcon.colcon_core.package_identification:_identify(src) by extensions ['colcon_meta']
[0.135s] Level 1:colcon.colcon_core.package_identification:_identify(src) by extension 'colcon_meta'
[0.135s] Level 1:colcon.colcon_core.package_identification:_identify(src) by extensions ['ros']
[0.135s] Level 1:colcon.colcon_core.package_identification:_identify(src) by extension 'ros'
[0.135s] Level 1:colcon.colcon_core.package_identification:_identify(src) by extensions ['cmake', 'python']
[0.135s] Level 1:colcon.colcon_core.package_identification:_identify(src) by extension 'cmake'
[0.135s] Level 1:colcon.colcon_core.package_identification:_identify(src) by extension 'python'
[0.135s] Level 1:colcon.colcon_core.package_identification:_identify(src) by extensions ['python_setup_py']
[0.135s] Level 1:colcon.colcon_core.package_identification:_identify(src) by extension 'python_setup_py'
[0.135s] Level 1:colcon.colcon_core.package_identification:_identify(src/kinect2_ros2) by extensions ['ignore', 'ignore_ament_install']
[0.135s] Level 1:colcon.colcon_core.package_identification:_identify(src/kinect2_ros2) by extension 'ignore'
[0.135s] Level 1:colcon.colcon_core.package_identification:_identify(src/kinect2_ros2) by extension 'ignore_ament_install'
[0.135s] Level 1:colcon.colcon_core.package_identification:_identify(src/kinect2_ros2) by extensions ['colcon_pkg']
[0.135s] Level 1:colcon.colcon_core.package_identification:_identify(src/kinect2_ros2) by extension 'colcon_pkg'
[0.135s] Level 1:colcon.colcon_core.package_identification:_identify(src/kinect2_ros2) by extensions ['colcon_meta']
[0.135s] Level 1:colcon.colcon_core.package_identification:_identify(src/kinect2_ros2) by extension 'colcon_meta'
[0.135s] Level 1:colcon.colcon_core.package_identification:_identify(src/kinect2_ros2) by extensions ['ros']
[0.135s] Level 1:colcon.colcon_core.package_identification:_identify(src/kinect2_ros2) by extension 'ros'
[0.135s] Level 1:colcon.colcon_core.package_identification:_identify(src/kinect2_ros2) by extensions ['cmake', 'python']
[0.135s] Level 1:colcon.colcon_core.package_identification:_identify(src/kinect2_ros2) by extension 'cmake'
[0.135s] Level 1:colcon.colcon_core.package_identification:_identify(src/kinect2_ros2) by extension 'python'
[0.135s] Level 1:colcon.colcon_core.package_identification:_identify(src/kinect2_ros2) by extensions ['python_setup_py']
[0.135s] Level 1:colcon.colcon_core.package_identification:_identify(src/kinect2_ros2) by extension 'python_setup_py'
[0.135s] Level 1:colcon.colcon_core.package_identification:_identify(src/kinect2_ros2/imgs) by extensions ['ignore', 'ignore_ament_install']
[0.136s] Level 1:colcon.colcon_core.package_identification:_identify(src/kinect2_ros2/imgs) by extension 'ignore'
[0.136s] Level 1:colcon.colcon_core.package_identification:_identify(src/kinect2_ros2/imgs) by extension 'ignore_ament_install'
[0.136s] Level 1:colcon.colcon_core.package_identification:_identify(src/kinect2_ros2/imgs) by extensions ['colcon_pkg']
[0.136s] Level 1:colcon.colcon_core.package_identification:_identify(src/kinect2_ros2/imgs) by extension 'colcon_pkg'
[0.136s] Level 1:colcon.colcon_core.package_identification:_identify(src/kinect2_ros2/imgs) by extensions ['colcon_meta']
[0.136s] Level 1:colcon.colcon_core.package_identification:_identify(src/kinect2_ros2/imgs) by extension 'colcon_meta'
[0.136s] Level 1:colcon.colcon_core.package_identification:_identify(src/kinect2_ros2/imgs) by extensions ['ros']
[0.136s] Level 1:colcon.colcon_core.package_identification:_identify(src/kinect2_ros2/imgs) by extension 'ros'
[0.136s] Level 1:colcon.colcon_core.package_identification:_identify(src/kinect2_ros2/imgs) by extensions ['cmake', 'python']
[0.136s] Level 1:colcon.colcon_core.package_identification:_identify(src/kinect2_ros2/imgs) by extension 'cmake'
[0.136s] Level 1:colcon.colcon_core.package_identification:_identify(src/kinect2_ros2/imgs) by extension 'python'
[0.136s] Level 1:colcon.colcon_core.package_identification:_identify(src/kinect2_ros2/imgs) by extensions ['python_setup_py']
[0.136s] Level 1:colcon.colcon_core.package_identification:_identify(src/kinect2_ros2/imgs) by extension 'python_setup_py'
[0.136s] Level 1:colcon.colcon_core.package_identification:_identify(src/kinect2_ros2/kinect2_bridge) by extensions ['ignore', 'ignore_ament_install']
[0.136s] Level 1:colcon.colcon_core.package_identification:_identify(src/kinect2_ros2/kinect2_bridge) by extension 'ignore'
[0.136s] Level 1:colcon.colcon_core.package_identification:_identify(src/kinect2_ros2/kinect2_bridge) by extension 'ignore_ament_install'
[0.136s] Level 1:colcon.colcon_core.package_identification:_identify(src/kinect2_ros2/kinect2_bridge) by extensions ['colcon_pkg']
[0.136s] Level 1:colcon.colcon_core.package_identification:_identify(src/kinect2_ros2/kinect2_bridge) by extension 'colcon_pkg'
[0.136s] Level 1:colcon.colcon_core.package_identification:_identify(src/kinect2_ros2/kinect2_bridge) by extensions ['colcon_meta']
[0.136s] Level 1:colcon.colcon_core.package_identification:_identify(src/kinect2_ros2/kinect2_bridge) by extension 'colcon_meta'
[0.136s] Level 1:colcon.colcon_core.package_identification:_identify(src/kinect2_ros2/kinect2_bridge) by extensions ['ros']
[0.136s] Level 1:colcon.colcon_core.package_identification:_identify(src/kinect2_ros2/kinect2_bridge) by extension 'ros'
[0.137s] DEBUG:colcon.colcon_core.package_identification:Package 'src/kinect2_ros2/kinect2_bridge' with type 'ros.ament_cmake' and name 'kinect2_bridge'
[0.137s] Level 1:colcon.colcon_core.package_identification:_identify(src/kinect2_ros2/kinect2_registration) by extensions ['ignore', 'ignore_ament_install']
[0.137s] Level 1:colcon.colcon_core.package_identification:_identify(src/kinect2_ros2/kinect2_registration) by extension 'ignore'
[0.137s] Level 1:colcon.colcon_core.package_identification:_identify(src/kinect2_ros2/kinect2_registration) by extension 'ignore_ament_install'
[0.137s] Level 1:colcon.colcon_core.package_identification:_identify(src/kinect2_ros2/kinect2_registration) by extensions ['colcon_pkg']
[0.138s] Level 1:colcon.colcon_core.package_identification:_identify(src/kinect2_ros2/kinect2_registration) by extension 'colcon_pkg'
[0.138s] Level 1:colcon.colcon_core.package_identification:_identify(src/kinect2_ros2/kinect2_registration) by extensions ['colcon_meta']
[0.138s] Level 1:colcon.colcon_core.package_identification:_identify(src/kinect2_ros2/kinect2_registration) by extension 'colcon_meta'
[0.138s] Level 1:colcon.colcon_core.package_identification:_identify(src/kinect2_ros2/kinect2_registration) by extensions ['ros']
[0.138s] Level 1:colcon.colcon_core.package_identification:_identify(src/kinect2_ros2/kinect2_registration) by extension 'ros'
[0.138s] DEBUG:colcon.colcon_core.package_identification:Package 'src/kinect2_ros2/kinect2_registration' with type 'ros.ament_cmake' and name 'kinect2_registration'
[0.138s] Level 1:colcon.colcon_core.package_identification:_identify(src/rmis_description) by extensions ['ignore', 'ignore_ament_install']
[0.138s] Level 1:colcon.colcon_core.package_identification:_identify(src/rmis_description) by extension 'ignore'
[0.138s] Level 1:colcon.colcon_core.package_identification:_identify(src/rmis_description) by extension 'ignore_ament_install'
[0.138s] Level 1:colcon.colcon_core.package_identification:_identify(src/rmis_description) by extensions ['colcon_pkg']
[0.138s] Level 1:colcon.colcon_core.package_identification:_identify(src/rmis_description) by extension 'colcon_pkg'
[0.138s] Level 1:colcon.colcon_core.package_identification:_identify(src/rmis_description) by extensions ['colcon_meta']
[0.138s] Level 1:colcon.colcon_core.package_identification:_identify(src/rmis_description) by extension 'colcon_meta'
[0.138s] Level 1:colcon.colcon_core.package_identification:_identify(src/rmis_description) by extensions ['ros']
[0.138s] Level 1:colcon.colcon_core.package_identification:_identify(src/rmis_description) by extension 'ros'
[0.138s] DEBUG:colcon.colcon_core.package_identification:Package 'src/rmis_description' with type 'ros.ament_cmake' and name 'rmis_description'
[0.138s] Level 1:colcon.colcon_core.package_discovery:discover_packages(recursive) using defaults
[0.138s] Level 1:colcon.colcon_core.package_discovery:discover_packages(ignore) discover
[0.138s] Level 1:colcon.colcon_core.package_discovery:discover_packages(ignore) using defaults
[0.138s] Level 1:colcon.colcon_core.package_discovery:discover_packages(path) discover
[0.139s] Level 1:colcon.colcon_core.package_discovery:discover_packages(path) using defaults
[0.154s] Level 1:colcon.colcon_core.package_discovery:discover_packages(prefix_path) check parameters
[0.154s] Level 1:colcon.colcon_core.package_discovery:discover_packages(prefix_path) discover
[0.154s] WARNING:colcon.colcon_ros.prefix_path.ament:The path '/home/enesisaoglu/rmis_ws/install/rmis_description' in the environment variable AMENT_PREFIX_PATH doesn't exist
[0.155s] WARNING:colcon.colcon_ros.prefix_path.ament:The path '/home/enesisaoglu/rmis_ws/install/kinect2_bridge' in the environment variable AMENT_PREFIX_PATH doesn't exist
[0.155s] WARNING:colcon.colcon_ros.prefix_path.ament:The path '/home/enesisaoglu/rmis_ws/install/kinect2_registration' in the environment variable AMENT_PREFIX_PATH doesn't exist
[0.155s] WARNING:colcon.colcon_ros.prefix_path.catkin:The path '/home/enesisaoglu/rmis_ws/install/rmis_description' in the environment variable CMAKE_PREFIX_PATH doesn't exist
[0.155s] WARNING:colcon.colcon_ros.prefix_path.catkin:The path '/home/enesisaoglu/rmis_ws/install/kinect2_bridge' in the environment variable CMAKE_PREFIX_PATH doesn't exist
[0.155s] WARNING:colcon.colcon_ros.prefix_path.catkin:The path '/home/enesisaoglu/rmis_ws/install/kinect2_registration' in the environment variable CMAKE_PREFIX_PATH doesn't exist
[0.155s] DEBUG:colcon.colcon_installed_package_information.package_discovery:Found 0 installed packages in /home/enesisaoglu/rmis_ws/install
[0.155s] DEBUG:colcon.colcon_installed_package_information.package_discovery:Found 278 installed packages in /opt/ros/humble
[0.156s] Level 1:colcon.colcon_core.package_discovery:discover_packages(prefix_path) using defaults
[0.175s] Level 5:colcon.colcon_core.verb:set package 'kinect2_registration' build argument 'cmake_args' from command line to 'None'
[0.175s] Level 5:colcon.colcon_core.verb:set package 'kinect2_registration' build argument 'cmake_target' from command line to 'None'
[0.175s] Level 5:colcon.colcon_core.verb:set package 'kinect2_registration' build argument 'cmake_target_skip_unavailable' from command line to 'False'
[0.175s] Level 5:colcon.colcon_core.verb:set package 'kinect2_registration' build argument 'cmake_clean_cache' from command line to 'False'
[0.175s] Level 5:colcon.colcon_core.verb:set package 'kinect2_registration' build argument 'cmake_clean_first' from command line to 'False'
[0.175s] Level 5:colcon.colcon_core.verb:set package 'kinect2_registration' build argument 'cmake_force_configure' from command line to 'False'
[0.175s] Level 5:colcon.colcon_core.verb:set package 'kinect2_registration' build argument 'ament_cmake_args' from command line to 'None'
[0.175s] Level 5:colcon.colcon_core.verb:set package 'kinect2_registration' build argument 'catkin_cmake_args' from command line to 'None'
[0.175s] Level 5:colcon.colcon_core.verb:set package 'kinect2_registration' build argument 'catkin_skip_building_tests' from command line to 'False'
[0.175s] DEBUG:colcon.colcon_core.verb:Building package 'kinect2_registration' with the following arguments: {'ament_cmake_args': None, 'build_base': '/home/enesisaoglu/rmis_ws/build/kinect2_registration', 'catkin_cmake_args': None, 'catkin_skip_building_tests': False, 'cmake_args': None, 'cmake_clean_cache': False, 'cmake_clean_first': False, 'cmake_force_configure': False, 'cmake_target': None, 'cmake_target_skip_unavailable': False, 'install_base': '/home/enesisaoglu/rmis_ws/install/kinect2_registration', 'merge_install': False, 'path': '/home/enesisaoglu/rmis_ws/src/kinect2_ros2/kinect2_registration', 'symlink_install': False, 'test_result_base': None}
[0.175s] Level 5:colcon.colcon_core.verb:set package 'rmis_description' build argument 'cmake_args' from command line to 'None'
[0.175s] Level 5:colcon.colcon_core.verb:set package 'rmis_description' build argument 'cmake_target' from command line to 'None'
[0.175s] Level 5:colcon.colcon_core.verb:set package 'rmis_description' build argument 'cmake_target_skip_unavailable' from command line to 'False'
[0.175s] Level 5:colcon.colcon_core.verb:set package 'rmis_description' build argument 'cmake_clean_cache' from command line to 'False'
[0.175s] Level 5:colcon.colcon_core.verb:set package 'rmis_description' build argument 'cmake_clean_first' from command line to 'False'
[0.175s] Level 5:colcon.colcon_core.verb:set package 'rmis_description' build argument 'cmake_force_configure' from command line to 'False'
[0.175s] Level 5:colcon.colcon_core.verb:set package 'rmis_description' build argument 'ament_cmake_args' from command line to 'None'
[0.175s] Level 5:colcon.colcon_core.verb:set package 'rmis_description' build argument 'catkin_cmake_args' from command line to 'None'
[0.175s] Level 5:colcon.colcon_core.verb:set package 'rmis_description' build argument 'catkin_skip_building_tests' from command line to 'False'
[0.175s] DEBUG:colcon.colcon_core.verb:Building package 'rmis_description' with the following arguments: {'ament_cmake_args': None, 'build_base': '/home/enesisaoglu/rmis_ws/build/rmis_description', 'catkin_cmake_args': None, 'catkin_skip_building_tests': False, 'cmake_args': None, 'cmake_clean_cache': False, 'cmake_clean_first': False, 'cmake_force_configure': False, 'cmake_target': None, 'cmake_target_skip_unavailable': False, 'install_base': '/home/enesisaoglu/rmis_ws/install/rmis_description', 'merge_install': False, 'path': '/home/enesisaoglu/rmis_ws/src/rmis_description', 'symlink_install': False, 'test_result_base': None}
[0.175s] Level 5:colcon.colcon_core.verb:set package 'kinect2_bridge' build argument 'cmake_args' from command line to 'None'
[0.175s] Level 5:colcon.colcon_core.verb:set package 'kinect2_bridge' build argument 'cmake_target' from command line to 'None'
[0.175s] Level 5:colcon.colcon_core.verb:set package 'kinect2_bridge' build argument 'cmake_target_skip_unavailable' from command line to 'False'
[0.176s] Level 5:colcon.colcon_core.verb:set package 'kinect2_bridge' build argument 'cmake_clean_cache' from command line to 'False'
[0.176s] Level 5:colcon.colcon_core.verb:set package 'kinect2_bridge' build argument 'cmake_clean_first' from command line to 'False'
[0.176s] Level 5:colcon.colcon_core.verb:set package 'kinect2_bridge' build argument 'cmake_force_configure' from command line to 'False'
[0.176s] Level 5:colcon.colcon_core.verb:set package 'kinect2_bridge' build argument 'ament_cmake_args' from command line to 'None'
[0.176s] Level 5:colcon.colcon_core.verb:set package 'kinect2_bridge' build argument 'catkin_cmake_args' from command line to 'None'
[0.176s] Level 5:colcon.colcon_core.verb:set package 'kinect2_bridge' build argument 'catkin_skip_building_tests' from command line to 'False'
[0.176s] DEBUG:colcon.colcon_core.verb:Building package 'kinect2_bridge' with the following arguments: {'ament_cmake_args': None, 'build_base': '/home/enesisaoglu/rmis_ws/build/kinect2_bridge', 'catkin_cmake_args': None, 'catkin_skip_building_tests': False, 'cmake_args': None, 'cmake_clean_cache': False, 'cmake_clean_first': False, 'cmake_force_configure': False, 'cmake_target': None, 'cmake_target_skip_unavailable': False, 'install_base': '/home/enesisaoglu/rmis_ws/install/kinect2_bridge', 'merge_install': False, 'path': '/home/enesisaoglu/rmis_ws/src/kinect2_ros2/kinect2_bridge', 'symlink_install': False, 'test_result_base': None}
[0.176s] INFO:colcon.colcon_core.executor:Executing jobs using 'parallel' executor
[0.177s] DEBUG:colcon.colcon_parallel_executor.executor.parallel:run_until_complete
[0.177s] INFO:colcon.colcon_ros.task.ament_cmake.build:Building ROS package in '/home/enesisaoglu/rmis_ws/src/kinect2_ros2/kinect2_registration' with build type 'ament_cmake'
[0.178s] INFO:colcon.colcon_cmake.task.cmake.build:Building CMake package in '/home/enesisaoglu/rmis_ws/src/kinect2_ros2/kinect2_registration'
[0.178s] INFO:colcon.colcon_core.plugin_system:Skipping extension 'colcon_core.shell.bat': Not used on non-Windows systems
[0.178s] INFO:colcon.colcon_core.shell:Skip shell extension 'powershell' for command environment: Not usable outside of PowerShell
[0.178s] DEBUG:colcon.colcon_core.shell:Skip shell extension 'dsv' for command environment
[0.181s] INFO:colcon.colcon_ros.task.ament_cmake.build:Building ROS package in '/home/enesisaoglu/rmis_ws/src/rmis_description' with build type 'ament_cmake'
[0.181s] INFO:colcon.colcon_cmake.task.cmake.build:Building CMake package in '/home/enesisaoglu/rmis_ws/src/rmis_description'
[0.181s] INFO:colcon.colcon_core.shell:Skip shell extension 'powershell' for command environment: Not usable outside of PowerShell
[0.181s] DEBUG:colcon.colcon_core.shell:Skip shell extension 'dsv' for command environment
[0.186s] DEBUG:colcon.colcon_core.event_handler.log_command:Invoking command in '/home/enesisaoglu/rmis_ws/build/kinect2_registration': CMAKE_PREFIX_PATH=${CMAKE_PREFIX_PATH}:/opt/ros/humble /usr/bin/cmake /home/enesisaoglu/rmis_ws/src/kinect2_ros2/kinect2_registration -DCMAKE_INSTALL_PREFIX=/home/enesisaoglu/rmis_ws/install/kinect2_registration
[0.189s] DEBUG:colcon.colcon_core.event_handler.log_command:Invoking command in '/home/enesisaoglu/rmis_ws/build/rmis_description': CMAKE_PREFIX_PATH=${CMAKE_PREFIX_PATH}:/opt/ros/humble /usr/bin/cmake /home/enesisaoglu/rmis_ws/src/rmis_description -DCMAKE_INSTALL_PREFIX=/home/enesisaoglu/rmis_ws/install/rmis_description
[0.670s] DEBUG:colcon.colcon_core.event_handler.log_command:Invoked command in '/home/enesisaoglu/rmis_ws/build/rmis_description' returned '0': CMAKE_PREFIX_PATH=${CMAKE_PREFIX_PATH}:/opt/ros/humble /usr/bin/cmake /home/enesisaoglu/rmis_ws/src/rmis_description -DCMAKE_INSTALL_PREFIX=/home/enesisaoglu/rmis_ws/install/rmis_description
[0.672s] DEBUG:colcon.colcon_core.event_handler.log_command:Invoking command in '/home/enesisaoglu/rmis_ws/build/rmis_description': CMAKE_PREFIX_PATH=${CMAKE_PREFIX_PATH}:/opt/ros/humble /usr/bin/cmake --build /home/enesisaoglu/rmis_ws/build/rmis_description -- -j22 -l22
[0.706s] DEBUG:colcon.colcon_core.event_handler.log_command:Invoked command in '/home/enesisaoglu/rmis_ws/build/rmis_description' returned '0': CMAKE_PREFIX_PATH=${CMAKE_PREFIX_PATH}:/opt/ros/humble /usr/bin/cmake --build /home/enesisaoglu/rmis_ws/build/rmis_description -- -j22 -l22
[0.713s] DEBUG:colcon.colcon_core.event_handler.log_command:Invoking command in '/home/enesisaoglu/rmis_ws/build/rmis_description': CMAKE_PREFIX_PATH=${CMAKE_PREFIX_PATH}:/opt/ros/humble /usr/bin/cmake --install /home/enesisaoglu/rmis_ws/build/rmis_description
[0.749s] Level 1:colcon.colcon_core.environment:create_environment_scripts_only(rmis_description)
[0.750s] DEBUG:colcon.colcon_core.event_handler.log_command:Invoked command in '/home/enesisaoglu/rmis_ws/build/rmis_description' returned '0': CMAKE_PREFIX_PATH=${CMAKE_PREFIX_PATH}:/opt/ros/humble /usr/bin/cmake --install /home/enesisaoglu/rmis_ws/build/rmis_description
[0.751s] Level 1:colcon.colcon_core.environment:checking '/home/enesisaoglu/rmis_ws/install/rmis_description' for CMake module files
[0.751s] Level 1:colcon.colcon_core.environment:checking '/home/enesisaoglu/rmis_ws/install/rmis_description' for CMake config files
[0.751s] Level 1:colcon.colcon_core.shell:create_environment_hook('rmis_description', 'cmake_prefix_path')
[0.751s] INFO:colcon.colcon_core.shell:Creating environment hook '/home/enesisaoglu/rmis_ws/install/rmis_description/share/rmis_description/hook/cmake_prefix_path.ps1'
[0.752s] INFO:colcon.colcon_core.shell:Creating environment descriptor '/home/enesisaoglu/rmis_ws/install/rmis_description/share/rmis_description/hook/cmake_prefix_path.dsv'
[0.752s] INFO:colcon.colcon_core.shell:Creating environment hook '/home/enesisaoglu/rmis_ws/install/rmis_description/share/rmis_description/hook/cmake_prefix_path.sh'
[0.752s] Level 1:colcon.colcon_core.environment:checking '/home/enesisaoglu/rmis_ws/install/rmis_description/bin'
[0.752s] Level 1:colcon.colcon_core.environment:checking '/home/enesisaoglu/rmis_ws/install/rmis_description/lib/pkgconfig/rmis_description.pc'
[0.752s] Level 1:colcon.colcon_core.environment:checking '/home/enesisaoglu/rmis_ws/install/rmis_description/lib/python3.10/site-packages'
[0.753s] Level 1:colcon.colcon_core.environment:checking '/home/enesisaoglu/rmis_ws/install/rmis_description/bin'
[0.753s] INFO:colcon.colcon_core.shell:Creating package script '/home/enesisaoglu/rmis_ws/install/rmis_description/share/rmis_description/package.ps1'
[0.753s] INFO:colcon.colcon_core.shell:Creating package descriptor '/home/enesisaoglu/rmis_ws/install/rmis_description/share/rmis_description/package.dsv'
[0.753s] INFO:colcon.colcon_core.shell:Creating package script '/home/enesisaoglu/rmis_ws/install/rmis_description/share/rmis_description/package.sh'
[0.754s] INFO:colcon.colcon_core.shell:Creating package script '/home/enesisaoglu/rmis_ws/install/rmis_description/share/rmis_description/package.bash'
[0.754s] INFO:colcon.colcon_core.shell:Creating package script '/home/enesisaoglu/rmis_ws/install/rmis_description/share/rmis_description/package.zsh'
[0.754s] Level 1:colcon.colcon_core.environment:create_file_with_runtime_dependencies(/home/enesisaoglu/rmis_ws/install/rmis_description/share/colcon-core/packages/rmis_description)
[0.755s] Level 1:colcon.colcon_core.environment:create_environment_scripts_only(rmis_description)
[0.755s] Level 1:colcon.colcon_core.environment:checking '/home/enesisaoglu/rmis_ws/install/rmis_description' for CMake module files
[0.755s] Level 1:colcon.colcon_core.environment:checking '/home/enesisaoglu/rmis_ws/install/rmis_description' for CMake config files
[0.755s] Level 1:colcon.colcon_core.shell:create_environment_hook('rmis_description', 'cmake_prefix_path')
[0.755s] INFO:colcon.colcon_core.shell:Creating environment hook '/home/enesisaoglu/rmis_ws/install/rmis_description/share/rmis_description/hook/cmake_prefix_path.ps1'
[0.755s] INFO:colcon.colcon_core.shell:Creating environment descriptor '/home/enesisaoglu/rmis_ws/install/rmis_description/share/rmis_description/hook/cmake_prefix_path.dsv'
[0.756s] INFO:colcon.colcon_core.shell:Creating environment hook '/home/enesisaoglu/rmis_ws/install/rmis_description/share/rmis_description/hook/cmake_prefix_path.sh'
[0.756s] Level 1:colcon.colcon_core.environment:checking '/home/enesisaoglu/rmis_ws/install/rmis_description/bin'
[0.756s] Level 1:colcon.colcon_core.environment:checking '/home/enesisaoglu/rmis_ws/install/rmis_description/lib/pkgconfig/rmis_description.pc'
[0.756s] Level 1:colcon.colcon_core.environment:checking '/home/enesisaoglu/rmis_ws/install/rmis_description/lib/python3.10/site-packages'
[0.756s] Level 1:colcon.colcon_core.environment:checking '/home/enesisaoglu/rmis_ws/install/rmis_description/bin'
[0.756s] INFO:colcon.colcon_core.shell:Creating package script '/home/enesisaoglu/rmis_ws/install/rmis_description/share/rmis_description/package.ps1'
[0.756s] INFO:colcon.colcon_core.shell:Creating package descriptor '/home/enesisaoglu/rmis_ws/install/rmis_description/share/rmis_description/package.dsv'
[0.757s] INFO:colcon.colcon_core.shell:Creating package script '/home/enesisaoglu/rmis_ws/install/rmis_description/share/rmis_description/package.sh'
[0.757s] INFO:colcon.colcon_core.shell:Creating package script '/home/enesisaoglu/rmis_ws/install/rmis_description/share/rmis_description/package.bash'
[0.757s] INFO:colcon.colcon_core.shell:Creating package script '/home/enesisaoglu/rmis_ws/install/rmis_description/share/rmis_description/package.zsh'
[0.757s] Level 1:colcon.colcon_core.environment:create_file_with_runtime_dependencies(/home/enesisaoglu/rmis_ws/install/rmis_description/share/colcon-core/packages/rmis_description)
[1.472s] DEBUG:colcon.colcon_core.event_handler.log_command:Invoked command in '/home/enesisaoglu/rmis_ws/build/kinect2_registration' returned '0': CMAKE_PREFIX_PATH=${CMAKE_PREFIX_PATH}:/opt/ros/humble /usr/bin/cmake /home/enesisaoglu/rmis_ws/src/kinect2_ros2/kinect2_registration -DCMAKE_INSTALL_PREFIX=/home/enesisaoglu/rmis_ws/install/kinect2_registration
[1.473s] DEBUG:colcon.colcon_core.event_handler.log_command:Invoking command in '/home/enesisaoglu/rmis_ws/build/kinect2_registration': CMAKE_PREFIX_PATH=${CMAKE_PREFIX_PATH}:/opt/ros/humble /usr/bin/cmake --build /home/enesisaoglu/rmis_ws/build/kinect2_registration -- -j22 -l22
[4.303s] DEBUG:colcon.colcon_core.event_handler.log_command:Invoked command in '/home/enesisaoglu/rmis_ws/build/kinect2_registration' returned '0': CMAKE_PREFIX_PATH=${CMAKE_PREFIX_PATH}:/opt/ros/humble /usr/bin/cmake --build /home/enesisaoglu/rmis_ws/build/kinect2_registration -- -j22 -l22
[4.305s] DEBUG:colcon.colcon_core.event_handler.log_command:Invoking command in '/home/enesisaoglu/rmis_ws/build/kinect2_registration': CMAKE_PREFIX_PATH=${CMAKE_PREFIX_PATH}:/opt/ros/humble /usr/bin/cmake --install /home/enesisaoglu/rmis_ws/build/kinect2_registration
[4.312s] Level 1:colcon.colcon_core.environment:create_environment_scripts_only(kinect2_registration)
[4.312s] DEBUG:colcon.colcon_core.event_handler.log_command:Invoked command in '/home/enesisaoglu/rmis_ws/build/kinect2_registration' returned '0': CMAKE_PREFIX_PATH=${CMAKE_PREFIX_PATH}:/opt/ros/humble /usr/bin/cmake --install /home/enesisaoglu/rmis_ws/build/kinect2_registration
[4.313s] Level 1:colcon.colcon_core.environment:checking '/home/enesisaoglu/rmis_ws/install/kinect2_registration' for CMake module files
[4.313s] Level 1:colcon.colcon_core.environment:checking '/home/enesisaoglu/rmis_ws/install/kinect2_registration' for CMake config files
[4.314s] Level 1:colcon.colcon_core.shell:create_environment_hook('kinect2_registration', 'cmake_prefix_path')
[4.314s] INFO:colcon.colcon_core.shell:Creating environment hook '/home/enesisaoglu/rmis_ws/install/kinect2_registration/share/kinect2_registration/hook/cmake_prefix_path.ps1'
[4.315s] INFO:colcon.colcon_core.shell:Creating environment descriptor '/home/enesisaoglu/rmis_ws/install/kinect2_registration/share/kinect2_registration/hook/cmake_prefix_path.dsv'
[4.315s] INFO:colcon.colcon_core.shell:Creating environment hook '/home/enesisaoglu/rmis_ws/install/kinect2_registration/share/kinect2_registration/hook/cmake_prefix_path.sh'
[4.316s] Level 1:colcon.colcon_core.environment:checking '/home/enesisaoglu/rmis_ws/install/kinect2_registration/lib'
[4.316s] Level 1:colcon.colcon_core.shell:create_environment_hook('kinect2_registration', 'ld_library_path_lib')
[4.316s] INFO:colcon.colcon_core.shell:Creating environment hook '/home/enesisaoglu/rmis_ws/install/kinect2_registration/share/kinect2_registration/hook/ld_library_path_lib.ps1'
[4.316s] INFO:colcon.colcon_core.shell:Creating environment descriptor '/home/enesisaoglu/rmis_ws/install/kinect2_registration/share/kinect2_registration/hook/ld_library_path_lib.dsv'
[4.316s] INFO:colcon.colcon_core.shell:Creating environment hook '/home/enesisaoglu/rmis_ws/install/kinect2_registration/share/kinect2_registration/hook/ld_library_path_lib.sh'
[4.317s] Level 1:colcon.colcon_core.environment:checking '/home/enesisaoglu/rmis_ws/install/kinect2_registration/bin'
[4.317s] Level 1:colcon.colcon_core.environment:checking '/home/enesisaoglu/rmis_ws/install/kinect2_registration/lib/pkgconfig/kinect2_registration.pc'
[4.317s] Level 1:colcon.colcon_core.environment:checking '/home/enesisaoglu/rmis_ws/install/kinect2_registration/lib/python3.10/site-packages'
[4.317s] Level 1:colcon.colcon_core.environment:checking '/home/enesisaoglu/rmis_ws/install/kinect2_registration/bin'
[4.317s] INFO:colcon.colcon_core.shell:Creating package script '/home/enesisaoglu/rmis_ws/install/kinect2_registration/share/kinect2_registration/package.ps1'
[4.317s] INFO:colcon.colcon_core.shell:Creating package descriptor '/home/enesisaoglu/rmis_ws/install/kinect2_registration/share/kinect2_registration/package.dsv'
[4.317s] INFO:colcon.colcon_core.shell:Creating package script '/home/enesisaoglu/rmis_ws/install/kinect2_registration/share/kinect2_registration/package.sh'
[4.318s] INFO:colcon.colcon_core.shell:Creating package script '/home/enesisaoglu/rmis_ws/install/kinect2_registration/share/kinect2_registration/package.bash'
[4.318s] INFO:colcon.colcon_core.shell:Creating package script '/home/enesisaoglu/rmis_ws/install/kinect2_registration/share/kinect2_registration/package.zsh'
[4.318s] Level 1:colcon.colcon_core.environment:create_file_with_runtime_dependencies(/home/enesisaoglu/rmis_ws/install/kinect2_registration/share/colcon-core/packages/kinect2_registration)
[4.318s] Level 1:colcon.colcon_core.environment:create_environment_scripts_only(kinect2_registration)
[4.318s] Level 1:colcon.colcon_core.environment:checking '/home/enesisaoglu/rmis_ws/install/kinect2_registration' for CMake module files
[4.319s] Level 1:colcon.colcon_core.environment:checking '/home/enesisaoglu/rmis_ws/install/kinect2_registration' for CMake config files
[4.319s] Level 1:colcon.colcon_core.shell:create_environment_hook('kinect2_registration', 'cmake_prefix_path')
[4.319s] INFO:colcon.colcon_core.shell:Creating environment hook '/home/enesisaoglu/rmis_ws/install/kinect2_registration/share/kinect2_registration/hook/cmake_prefix_path.ps1'
[4.319s] INFO:colcon.colcon_core.shell:Creating environment descriptor '/home/enesisaoglu/rmis_ws/install/kinect2_registration/share/kinect2_registration/hook/cmake_prefix_path.dsv'
[4.319s] INFO:colcon.colcon_core.shell:Creating environment hook '/home/enesisaoglu/rmis_ws/install/kinect2_registration/share/kinect2_registration/hook/cmake_prefix_path.sh'
[4.319s] Level 1:colcon.colcon_core.environment:checking '/home/enesisaoglu/rmis_ws/install/kinect2_registration/lib'
[4.319s] Level 1:colcon.colcon_core.shell:create_environment_hook('kinect2_registration', 'ld_library_path_lib')
[4.320s] INFO:colcon.colcon_core.shell:Creating environment hook '/home/enesisaoglu/rmis_ws/install/kinect2_registration/share/kinect2_registration/hook/ld_library_path_lib.ps1'
[4.320s] INFO:colcon.colcon_core.shell:Creating environment descriptor '/home/enesisaoglu/rmis_ws/install/kinect2_registration/share/kinect2_registration/hook/ld_library_path_lib.dsv'
[4.320s] INFO:colcon.colcon_core.shell:Creating environment hook '/home/enesisaoglu/rmis_ws/install/kinect2_registration/share/kinect2_registration/hook/ld_library_path_lib.sh'
[4.320s] Level 1:colcon.colcon_core.environment:checking '/home/enesisaoglu/rmis_ws/install/kinect2_registration/bin'
[4.320s] Level 1:colcon.colcon_core.environment:checking '/home/enesisaoglu/rmis_ws/install/kinect2_registration/lib/pkgconfig/kinect2_registration.pc'
[4.320s] Level 1:colcon.colcon_core.environment:checking '/home/enesisaoglu/rmis_ws/install/kinect2_registration/lib/python3.10/site-packages'
[4.320s] Level 1:colcon.colcon_core.environment:checking '/home/enesisaoglu/rmis_ws/install/kinect2_registration/bin'
[4.321s] INFO:colcon.colcon_core.shell:Creating package script '/home/enesisaoglu/rmis_ws/install/kinect2_registration/share/kinect2_registration/package.ps1'
[4.321s] INFO:colcon.colcon_core.shell:Creating package descriptor '/home/enesisaoglu/rmis_ws/install/kinect2_registration/share/kinect2_registration/package.dsv'
[4.321s] INFO:colcon.colcon_core.shell:Creating package script '/home/enesisaoglu/rmis_ws/install/kinect2_registration/share/kinect2_registration/package.sh'
[4.321s] INFO:colcon.colcon_core.shell:Creating package script '/home/enesisaoglu/rmis_ws/install/kinect2_registration/share/kinect2_registration/package.bash'
[4.321s] INFO:colcon.colcon_core.shell:Creating package script '/home/enesisaoglu/rmis_ws/install/kinect2_registration/share/kinect2_registration/package.zsh'
[4.322s] Level 1:colcon.colcon_core.environment:create_file_with_runtime_dependencies(/home/enesisaoglu/rmis_ws/install/kinect2_registration/share/colcon-core/packages/kinect2_registration)
[4.322s] INFO:colcon.colcon_ros.task.ament_cmake.build:Building ROS package in '/home/enesisaoglu/rmis_ws/src/kinect2_ros2/kinect2_bridge' with build type 'ament_cmake'
[4.322s] INFO:colcon.colcon_cmake.task.cmake.build:Building CMake package in '/home/enesisaoglu/rmis_ws/src/kinect2_ros2/kinect2_bridge'
[4.322s] INFO:colcon.colcon_core.shell:Skip shell extension 'powershell' for command environment: Not usable outside of PowerShell
[4.322s] DEBUG:colcon.colcon_core.shell:Skip shell extension 'dsv' for command environment
[4.330s] DEBUG:colcon.colcon_core.event_handler.log_command:Invoking command in '/home/enesisaoglu/rmis_ws/build/kinect2_bridge': CMAKE_PREFIX_PATH=/home/enesisaoglu/rmis_ws/install/kinect2_registration:/home/enesisaoglu/rmis_ws/install/rmis_description:/home/enesisaoglu/rmis_ws/install/kinect2_bridge:/opt/ros/humble /usr/bin/cmake /home/enesisaoglu/rmis_ws/src/kinect2_ros2/kinect2_bridge -DCMAKE_INSTALL_PREFIX=/home/enesisaoglu/rmis_ws/install/kinect2_bridge
[5.192s] DEBUG:colcon.colcon_core.event_handler.log_command:Invoked command in '/home/enesisaoglu/rmis_ws/build/kinect2_bridge' returned '0': CMAKE_PREFIX_PATH=/home/enesisaoglu/rmis_ws/install/kinect2_registration:/home/enesisaoglu/rmis_ws/install/rmis_description:/home/enesisaoglu/rmis_ws/install/kinect2_bridge:/opt/ros/humble /usr/bin/cmake /home/enesisaoglu/rmis_ws/src/kinect2_ros2/kinect2_bridge -DCMAKE_INSTALL_PREFIX=/home/enesisaoglu/rmis_ws/install/kinect2_bridge
[5.192s] DEBUG:colcon.colcon_core.event_handler.log_command:Invoking command in '/home/enesisaoglu/rmis_ws/build/kinect2_bridge': CMAKE_PREFIX_PATH=/home/enesisaoglu/rmis_ws/install/kinect2_registration:/home/enesisaoglu/rmis_ws/install/rmis_description:/home/enesisaoglu/rmis_ws/install/kinect2_bridge:/opt/ros/humble /usr/bin/cmake --build /home/enesisaoglu/rmis_ws/build/kinect2_bridge -- -j22 -l22
[9.731s] DEBUG:colcon.colcon_core.event_handler.log_command:Invoked command in '/home/enesisaoglu/rmis_ws/build/kinect2_bridge' returned '0': CMAKE_PREFIX_PATH=/home/enesisaoglu/rmis_ws/install/kinect2_registration:/home/enesisaoglu/rmis_ws/install/rmis_description:/home/enesisaoglu/rmis_ws/install/kinect2_bridge:/opt/ros/humble /usr/bin/cmake --build /home/enesisaoglu/rmis_ws/build/kinect2_bridge -- -j22 -l22
[9.733s] DEBUG:colcon.colcon_core.event_handler.log_command:Invoking command in '/home/enesisaoglu/rmis_ws/build/kinect2_bridge': CMAKE_PREFIX_PATH=/home/enesisaoglu/rmis_ws/install/kinect2_registration:/home/enesisaoglu/rmis_ws/install/rmis_description:/home/enesisaoglu/rmis_ws/install/kinect2_bridge:/opt/ros/humble /usr/bin/cmake --install /home/enesisaoglu/rmis_ws/build/kinect2_bridge
[9.742s] Level 1:colcon.colcon_core.environment:create_environment_scripts_only(kinect2_bridge)
[9.742s] Level 1:colcon.colcon_core.environment:checking '/home/enesisaoglu/rmis_ws/install/kinect2_bridge' for CMake module files
[9.742s] DEBUG:colcon.colcon_core.event_handler.log_command:Invoked command in '/home/enesisaoglu/rmis_ws/build/kinect2_bridge' returned '0': CMAKE_PREFIX_PATH=/home/enesisaoglu/rmis_ws/install/kinect2_registration:/home/enesisaoglu/rmis_ws/install/rmis_description:/home/enesisaoglu/rmis_ws/install/kinect2_bridge:/opt/ros/humble /usr/bin/cmake --install /home/enesisaoglu/rmis_ws/build/kinect2_bridge
[9.743s] Level 1:colcon.colcon_core.environment:checking '/home/enesisaoglu/rmis_ws/install/kinect2_bridge' for CMake config files
[9.743s] Level 1:colcon.colcon_core.shell:create_environment_hook('kinect2_bridge', 'cmake_prefix_path')
[9.743s] INFO:colcon.colcon_core.shell:Creating environment hook '/home/enesisaoglu/rmis_ws/install/kinect2_bridge/share/kinect2_bridge/hook/cmake_prefix_path.ps1'
[9.744s] INFO:colcon.colcon_core.shell:Creating environment descriptor '/home/enesisaoglu/rmis_ws/install/kinect2_bridge/share/kinect2_bridge/hook/cmake_prefix_path.dsv'
[9.744s] INFO:colcon.colcon_core.shell:Creating environment hook '/home/enesisaoglu/rmis_ws/install/kinect2_bridge/share/kinect2_bridge/hook/cmake_prefix_path.sh'
[9.744s] Level 1:colcon.colcon_core.environment:checking '/home/enesisaoglu/rmis_ws/install/kinect2_bridge/lib'
[9.744s] Level 1:colcon.colcon_core.environment:checking '/home/enesisaoglu/rmis_ws/install/kinect2_bridge/bin'
[9.744s] Level 1:colcon.colcon_core.environment:checking '/home/enesisaoglu/rmis_ws/install/kinect2_bridge/lib/pkgconfig/kinect2_bridge.pc'
[9.745s] Level 1:colcon.colcon_core.environment:checking '/home/enesisaoglu/rmis_ws/install/kinect2_bridge/lib/python3.10/site-packages'
[9.745s] Level 1:colcon.colcon_core.environment:checking '/home/enesisaoglu/rmis_ws/install/kinect2_bridge/bin'
[9.745s] INFO:colcon.colcon_core.shell:Creating package script '/home/enesisaoglu/rmis_ws/install/kinect2_bridge/share/kinect2_bridge/package.ps1'
[9.745s] INFO:colcon.colcon_core.shell:Creating package descriptor '/home/enesisaoglu/rmis_ws/install/kinect2_bridge/share/kinect2_bridge/package.dsv'
[9.745s] INFO:colcon.colcon_core.shell:Creating package script '/home/enesisaoglu/rmis_ws/install/kinect2_bridge/share/kinect2_bridge/package.sh'
[9.745s] INFO:colcon.colcon_core.shell:Creating package script '/home/enesisaoglu/rmis_ws/install/kinect2_bridge/share/kinect2_bridge/package.bash'
[9.746s] INFO:colcon.colcon_core.shell:Creating package script '/home/enesisaoglu/rmis_ws/install/kinect2_bridge/share/kinect2_bridge/package.zsh'
[9.746s] Level 1:colcon.colcon_core.environment:create_file_with_runtime_dependencies(/home/enesisaoglu/rmis_ws/install/kinect2_bridge/share/colcon-core/packages/kinect2_bridge)
[9.746s] Level 1:colcon.colcon_core.environment:create_environment_scripts_only(kinect2_bridge)
[9.746s] Level 1:colcon.colcon_core.environment:checking '/home/enesisaoglu/rmis_ws/install/kinect2_bridge' for CMake module files
[9.746s] Level 1:colcon.colcon_core.environment:checking '/home/enesisaoglu/rmis_ws/install/kinect2_bridge' for CMake config files
[9.747s] Level 1:colcon.colcon_core.shell:create_environment_hook('kinect2_bridge', 'cmake_prefix_path')
[9.747s] INFO:colcon.colcon_core.shell:Creating environment hook '/home/enesisaoglu/rmis_ws/install/kinect2_bridge/share/kinect2_bridge/hook/cmake_prefix_path.ps1'
[9.747s] INFO:colcon.colcon_core.shell:Creating environment descriptor '/home/enesisaoglu/rmis_ws/install/kinect2_bridge/share/kinect2_bridge/hook/cmake_prefix_path.dsv'
[9.747s] INFO:colcon.colcon_core.shell:Creating environment hook '/home/enesisaoglu/rmis_ws/install/kinect2_bridge/share/kinect2_bridge/hook/cmake_prefix_path.sh'
[9.747s] Level 1:colcon.colcon_core.environment:checking '/home/enesisaoglu/rmis_ws/install/kinect2_bridge/lib'
[9.747s] Level 1:colcon.colcon_core.environment:checking '/home/enesisaoglu/rmis_ws/install/kinect2_bridge/bin'
[9.747s] Level 1:colcon.colcon_core.environment:checking '/home/enesisaoglu/rmis_ws/install/kinect2_bridge/lib/pkgconfig/kinect2_bridge.pc'
[9.747s] Level 1:colcon.colcon_core.environment:checking '/home/enesisaoglu/rmis_ws/install/kinect2_bridge/lib/python3.10/site-packages'
[9.747s] Level 1:colcon.colcon_core.environment:checking '/home/enesisaoglu/rmis_ws/install/kinect2_bridge/bin'
[9.748s] INFO:colcon.colcon_core.shell:Creating package script '/home/enesisaoglu/rmis_ws/install/kinect2_bridge/share/kinect2_bridge/package.ps1'
[9.748s] INFO:colcon.colcon_core.shell:Creating package descriptor '/home/enesisaoglu/rmis_ws/install/kinect2_bridge/share/kinect2_bridge/package.dsv'
[9.748s] INFO:colcon.colcon_core.shell:Creating package script '/home/enesisaoglu/rmis_ws/install/kinect2_bridge/share/kinect2_bridge/package.sh'
[9.748s] INFO:colcon.colcon_core.shell:Creating package script '/home/enesisaoglu/rmis_ws/install/kinect2_bridge/share/kinect2_bridge/package.bash'
[9.748s] INFO:colcon.colcon_core.shell:Creating package script '/home/enesisaoglu/rmis_ws/install/kinect2_bridge/share/kinect2_bridge/package.zsh'
[9.749s] Level 1:colcon.colcon_core.environment:create_file_with_runtime_dependencies(/home/enesisaoglu/rmis_ws/install/kinect2_bridge/share/colcon-core/packages/kinect2_bridge)
[9.749s] DEBUG:colcon.colcon_parallel_executor.executor.parallel:closing loop
[9.749s] DEBUG:colcon.colcon_parallel_executor.executor.parallel:loop closed
[9.749s] DEBUG:colcon.colcon_parallel_executor.executor.parallel:run_until_complete finished with '0'
[9.749s] DEBUG:colcon.colcon_core.event_reactor:joining thread
[9.752s] INFO:colcon.colcon_core.plugin_system:Skipping extension 'colcon_notification.desktop_notification.terminal_notifier': Not used on non-Darwin systems
[9.752s] INFO:colcon.colcon_core.plugin_system:Skipping extension 'colcon_notification.desktop_notification.win32': Not used on non-Windows systems
[9.752s] INFO:colcon.colcon_notification.desktop_notification:Sending desktop notification using 'notify2'
[9.759s] DEBUG:colcon.colcon_core.event_reactor:joined thread
[9.759s] INFO:colcon.colcon_core.shell:Creating prefix script '/home/enesisaoglu/rmis_ws/install/local_setup.ps1'
[9.760s] INFO:colcon.colcon_core.shell:Creating prefix util module '/home/enesisaoglu/rmis_ws/install/_local_setup_util_ps1.py'
[9.760s] INFO:colcon.colcon_core.shell:Creating prefix chain script '/home/enesisaoglu/rmis_ws/install/setup.ps1'
[9.761s] INFO:colcon.colcon_core.shell:Creating prefix script '/home/enesisaoglu/rmis_ws/install/local_setup.sh'
[9.761s] INFO:colcon.colcon_core.shell:Creating prefix util module '/home/enesisaoglu/rmis_ws/install/_local_setup_util_sh.py'
[9.761s] INFO:colcon.colcon_core.shell:Creating prefix chain script '/home/enesisaoglu/rmis_ws/install/setup.sh'
[9.762s] INFO:colcon.colcon_core.shell:Creating prefix script '/home/enesisaoglu/rmis_ws/install/local_setup.bash'
[9.762s] INFO:colcon.colcon_core.shell:Creating prefix chain script '/home/enesisaoglu/rmis_ws/install/setup.bash'
[9.762s] INFO:colcon.colcon_core.shell:Creating prefix script '/home/enesisaoglu/rmis_ws/install/local_setup.zsh'
[9.763s] INFO:colcon.colcon_core.shell:Creating prefix chain script '/home/enesisaoglu/rmis_ws/install/setup.zsh'
