[0.000000] (-) TimerEvent: {}
[0.000630] (kinect2_registration) JobQueued: {'identifier': 'kinect2_registration', 'dependencies': OrderedDict()}
[0.000887] (rmis_description) JobQueued: {'identifier': 'rmis_description', 'dependencies': OrderedDict()}
[0.001000] (kinect2_bridge) JobQueued: {'identifier': 'kinect2_bridge', 'dependencies': OrderedDict([('kinect2_registration', '/home/enesisaoglu/rmis_ws/install/kinect2_registration')])}
[0.001060] (kinect2_registration) JobStarted: {'identifier': 'kinect2_registration'}
[0.005326] (rmis_description) JobStarted: {'identifier': 'rmis_description'}
[0.008241] (kinect2_registration) JobProgress: {'identifier': 'kinect2_registration', 'progress': 'cmake'}
[0.008487] (kinect2_registration) JobProgress: {'identifier': 'kinect2_registration', 'progress': 'build'}
[0.008859] (kinect2_registration) Command: {'cmd': ['/usr/bin/cmake', '--build', '/home/enesisaoglu/rmis_ws/build/kinect2_registration', '--', '-j22', '-l22'], 'cwd': '/home/enesisaoglu/rmis_ws/build/kinect2_registration', 'env': OrderedDict([('GJS_DEBUG_TOPICS', 'JS ERROR;JS LOG'), ('LESSOPEN', '| /usr/bin/lesspipe %s'), ('USER', 'enesisaoglu'), ('LC_TIME', 'tr_TR.UTF-8'), ('XDG_SESSION_TYPE', 'wayland'), ('SHLVL', '1'), ('LD_LIBRARY_PATH', '/opt/ros/humble/opt/rviz_ogre_vendor/lib:/opt/ros/humble/lib/x86_64-linux-gnu:/opt/ros/humble/lib'), ('HOME', '/home/enesisaoglu'), ('OLDPWD', '/home/enesisaoglu'), ('DESKTOP_SESSION', 'ubuntu'), ('GIO_LAUNCHED_DESKTOP_FILE', '/usr/share/applications/terminator.desktop'), ('ROS_PYTHON_VERSION', '3'), ('GNOME_SHELL_SESSION_MODE', 'ubuntu'), ('GTK_MODULES', 'gail:atk-bridge'), ('LC_MONETARY', 'tr_TR.UTF-8'), ('MANAGERPID', '1860'), ('SYSTEMD_EXEC_PID', '2045'), ('DBUS_SESSION_BUS_ADDRESS', 'unix:path=/run/user/1000/bus'), ('COLORTERM', 'truecolor'), ('TERMINATOR_DBUS_NAME', 'net.tenshu.Terminator25ef4b219e3b005583550f2b0f9f990c3'), ('GIO_LAUNCHED_DESKTOP_FILE_PID', '4283'), ('IM_CONFIG_PHASE', '1'), ('WAYLAND_DISPLAY', 'wayland-0'), ('ROS_DISTRO', 'humble'), ('LOGNAME', 'enesisaoglu'), ('JOURNAL_STREAM', '8:3698'), ('_', '/usr/bin/colcon'), ('ROS_VERSION', '2'), ('XDG_SESSION_CLASS', 'user'), ('USERNAME', 'enesisaoglu'), ('TERM', 'xterm-256color'), ('GNOME_DESKTOP_SESSION_ID', 'this-is-deprecated'), ('ROS_LOCALHOST_ONLY', '0'), ('PATH', '/opt/ros/humble/bin:/home/enesisaoglu/.local/bin:/usr/local/sbin:/usr/local/bin:/usr/sbin:/usr/bin:/sbin:/bin:/usr/games:/usr/local/games:/snap/bin:/snap/bin'), ('SESSION_MANAGER', 'local/enesisaoglu-Stealth-16-AI-Studio-A1VGG:@/tmp/.ICE-unix/2016,unix/enesisaoglu-Stealth-16-AI-Studio-A1VGG:/tmp/.ICE-unix/2016'), ('INVOCATION_ID', '4c2109d650d54d49aba5bca122939b3a'), ('XDG_MENU_PREFIX', 'gnome-'), ('LC_ADDRESS', 'tr_TR.UTF-8'), ('GNOME_SETUP_DISPLAY', ':1'), ('XDG_RUNTIME_DIR', '/run/user/1000'), ('DISPLAY', ':0'), ('TERMINATOR_DBUS_PATH', '/net/tenshu/Terminator2'), ('LANG', 'en_US.UTF-8'), ('XDG_CURRENT_DESKTOP', 'ubuntu:GNOME'), ('IBUS_DISABLE_SNOOPER', '1'), ('LC_TELEPHONE', 'tr_TR.UTF-8'), ('XMODIFIERS', '@im=ibus'), ('XDG_SESSION_DESKTOP', 'ubuntu'), ('XAUTHORITY', '/run/user/1000/.mutter-Xwaylandauth.AKHB42'), ('SSH_AGENT_LAUNCHER', 'gnome-keyring'), ('SSH_AUTH_SOCK', '/run/user/1000/keyring/ssh'), ('AMENT_PREFIX_PATH', '/opt/ros/humble'), ('SHELL', '/bin/bash'), ('LC_NAME', 'tr_TR.UTF-8'), ('TERMINATOR_UUID', 'urn:uuid:32ffa0ce-3242-4118-82cf-2dcdb1ee36e5'), ('QT_ACCESSIBILITY', '1'), ('GDMSESSION', 'ubuntu'), ('LESSCLOSE', '/usr/bin/lesspipe %s %s'), ('LC_MEASUREMENT', 'tr_TR.UTF-8'), ('GJS_DEBUG_OUTPUT', 'stderr'), ('LC_IDENTIFICATION', 'tr_TR.UTF-8'), ('QT_IM_MODULE', 'ibus'), ('PWD', '/home/enesisaoglu/rmis_ws/build/kinect2_registration'), ('LC_ALL', 'en_US.UTF-8'), ('XDG_CONFIG_DIRS', '/etc/xdg/xdg-ubuntu:/etc/xdg'), ('XDG_DATA_DIRS', '/usr/share/ubuntu:/home/enesisaoglu/.local/share/flatpak/exports/share:/var/lib/flatpak/exports/share:/usr/local/share/:/usr/share/:/var/lib/snapd/desktop'), ('PYTHONPATH', '/opt/ros/humble/lib/python3.10/site-packages:/opt/ros/humble/local/lib/python3.10/dist-packages'), ('LC_NUMERIC', 'tr_TR.UTF-8'), ('LC_PAPER', 'tr_TR.UTF-8'), ('COLCON', '1'), ('VTE_VERSION', '6800'), ('CMAKE_PREFIX_PATH', '/opt/ros/humble')]), 'shell': False}
[0.012928] (rmis_description) JobProgress: {'identifier': 'rmis_description', 'progress': 'cmake'}
[0.013378] (rmis_description) JobProgress: {'identifier': 'rmis_description', 'progress': 'build'}
[0.013591] (rmis_description) Command: {'cmd': ['/usr/bin/cmake', '--build', '/home/enesisaoglu/rmis_ws/build/rmis_description', '--', '-j22', '-l22'], 'cwd': '/home/enesisaoglu/rmis_ws/build/rmis_description', 'env': OrderedDict([('GJS_DEBUG_TOPICS', 'JS ERROR;JS LOG'), ('LESSOPEN', '| /usr/bin/lesspipe %s'), ('USER', 'enesisaoglu'), ('LC_TIME', 'tr_TR.UTF-8'), ('XDG_SESSION_TYPE', 'wayland'), ('SHLVL', '1'), ('LD_LIBRARY_PATH', '/opt/ros/humble/opt/rviz_ogre_vendor/lib:/opt/ros/humble/lib/x86_64-linux-gnu:/opt/ros/humble/lib'), ('HOME', '/home/enesisaoglu'), ('OLDPWD', '/home/enesisaoglu'), ('DESKTOP_SESSION', 'ubuntu'), ('GIO_LAUNCHED_DESKTOP_FILE', '/usr/share/applications/terminator.desktop'), ('ROS_PYTHON_VERSION', '3'), ('GNOME_SHELL_SESSION_MODE', 'ubuntu'), ('GTK_MODULES', 'gail:atk-bridge'), ('LC_MONETARY', 'tr_TR.UTF-8'), ('MANAGERPID', '1860'), ('SYSTEMD_EXEC_PID', '2045'), ('DBUS_SESSION_BUS_ADDRESS', 'unix:path=/run/user/1000/bus'), ('COLORTERM', 'truecolor'), ('TERMINATOR_DBUS_NAME', 'net.tenshu.Terminator25ef4b219e3b005583550f2b0f9f990c3'), ('GIO_LAUNCHED_DESKTOP_FILE_PID', '4283'), ('IM_CONFIG_PHASE', '1'), ('WAYLAND_DISPLAY', 'wayland-0'), ('ROS_DISTRO', 'humble'), ('LOGNAME', 'enesisaoglu'), ('JOURNAL_STREAM', '8:3698'), ('_', '/usr/bin/colcon'), ('ROS_VERSION', '2'), ('XDG_SESSION_CLASS', 'user'), ('USERNAME', 'enesisaoglu'), ('TERM', 'xterm-256color'), ('GNOME_DESKTOP_SESSION_ID', 'this-is-deprecated'), ('ROS_LOCALHOST_ONLY', '0'), ('PATH', '/opt/ros/humble/bin:/home/enesisaoglu/.local/bin:/usr/local/sbin:/usr/local/bin:/usr/sbin:/usr/bin:/sbin:/bin:/usr/games:/usr/local/games:/snap/bin:/snap/bin'), ('SESSION_MANAGER', 'local/enesisaoglu-Stealth-16-AI-Studio-A1VGG:@/tmp/.ICE-unix/2016,unix/enesisaoglu-Stealth-16-AI-Studio-A1VGG:/tmp/.ICE-unix/2016'), ('INVOCATION_ID', '4c2109d650d54d49aba5bca122939b3a'), ('XDG_MENU_PREFIX', 'gnome-'), ('LC_ADDRESS', 'tr_TR.UTF-8'), ('GNOME_SETUP_DISPLAY', ':1'), ('XDG_RUNTIME_DIR', '/run/user/1000'), ('DISPLAY', ':0'), ('TERMINATOR_DBUS_PATH', '/net/tenshu/Terminator2'), ('LANG', 'en_US.UTF-8'), ('XDG_CURRENT_DESKTOP', 'ubuntu:GNOME'), ('IBUS_DISABLE_SNOOPER', '1'), ('LC_TELEPHONE', 'tr_TR.UTF-8'), ('XMODIFIERS', '@im=ibus'), ('XDG_SESSION_DESKTOP', 'ubuntu'), ('XAUTHORITY', '/run/user/1000/.mutter-Xwaylandauth.AKHB42'), ('SSH_AGENT_LAUNCHER', 'gnome-keyring'), ('SSH_AUTH_SOCK', '/run/user/1000/keyring/ssh'), ('AMENT_PREFIX_PATH', '/opt/ros/humble'), ('SHELL', '/bin/bash'), ('LC_NAME', 'tr_TR.UTF-8'), ('TERMINATOR_UUID', 'urn:uuid:32ffa0ce-3242-4118-82cf-2dcdb1ee36e5'), ('QT_ACCESSIBILITY', '1'), ('GDMSESSION', 'ubuntu'), ('LESSCLOSE', '/usr/bin/lesspipe %s %s'), ('LC_MEASUREMENT', 'tr_TR.UTF-8'), ('GJS_DEBUG_OUTPUT', 'stderr'), ('LC_IDENTIFICATION', 'tr_TR.UTF-8'), ('QT_IM_MODULE', 'ibus'), ('PWD', '/home/enesisaoglu/rmis_ws/build/rmis_description'), ('LC_ALL', 'en_US.UTF-8'), ('XDG_CONFIG_DIRS', '/etc/xdg/xdg-ubuntu:/etc/xdg'), ('XDG_DATA_DIRS', '/usr/share/ubuntu:/home/enesisaoglu/.local/share/flatpak/exports/share:/var/lib/flatpak/exports/share:/usr/local/share/:/usr/share/:/var/lib/snapd/desktop'), ('PYTHONPATH', '/opt/ros/humble/lib/python3.10/site-packages:/opt/ros/humble/local/lib/python3.10/dist-packages'), ('LC_NUMERIC', 'tr_TR.UTF-8'), ('LC_PAPER', 'tr_TR.UTF-8'), ('COLCON', '1'), ('VTE_VERSION', '6800'), ('CMAKE_PREFIX_PATH', '/opt/ros/humble')]), 'shell': False}
[0.058374] (rmis_description) CommandEnded: {'returncode': 0}
[0.059477] (rmis_description) JobProgress: {'identifier': 'rmis_description', 'progress': 'install'}
[0.066658] (rmis_description) Command: {'cmd': ['/usr/bin/cmake', '--install', '/home/enesisaoglu/rmis_ws/build/rmis_description'], 'cwd': '/home/enesisaoglu/rmis_ws/build/rmis_description', 'env': OrderedDict([('GJS_DEBUG_TOPICS', 'JS ERROR;JS LOG'), ('LESSOPEN', '| /usr/bin/lesspipe %s'), ('USER', 'enesisaoglu'), ('LC_TIME', 'tr_TR.UTF-8'), ('XDG_SESSION_TYPE', 'wayland'), ('SHLVL', '1'), ('LD_LIBRARY_PATH', '/opt/ros/humble/opt/rviz_ogre_vendor/lib:/opt/ros/humble/lib/x86_64-linux-gnu:/opt/ros/humble/lib'), ('HOME', '/home/enesisaoglu'), ('OLDPWD', '/home/enesisaoglu'), ('DESKTOP_SESSION', 'ubuntu'), ('GIO_LAUNCHED_DESKTOP_FILE', '/usr/share/applications/terminator.desktop'), ('ROS_PYTHON_VERSION', '3'), ('GNOME_SHELL_SESSION_MODE', 'ubuntu'), ('GTK_MODULES', 'gail:atk-bridge'), ('LC_MONETARY', 'tr_TR.UTF-8'), ('MANAGERPID', '1860'), ('SYSTEMD_EXEC_PID', '2045'), ('DBUS_SESSION_BUS_ADDRESS', 'unix:path=/run/user/1000/bus'), ('COLORTERM', 'truecolor'), ('TERMINATOR_DBUS_NAME', 'net.tenshu.Terminator25ef4b219e3b005583550f2b0f9f990c3'), ('GIO_LAUNCHED_DESKTOP_FILE_PID', '4283'), ('IM_CONFIG_PHASE', '1'), ('WAYLAND_DISPLAY', 'wayland-0'), ('ROS_DISTRO', 'humble'), ('LOGNAME', 'enesisaoglu'), ('JOURNAL_STREAM', '8:3698'), ('_', '/usr/bin/colcon'), ('ROS_VERSION', '2'), ('XDG_SESSION_CLASS', 'user'), ('USERNAME', 'enesisaoglu'), ('TERM', 'xterm-256color'), ('GNOME_DESKTOP_SESSION_ID', 'this-is-deprecated'), ('ROS_LOCALHOST_ONLY', '0'), ('PATH', '/opt/ros/humble/bin:/home/enesisaoglu/.local/bin:/usr/local/sbin:/usr/local/bin:/usr/sbin:/usr/bin:/sbin:/bin:/usr/games:/usr/local/games:/snap/bin:/snap/bin'), ('SESSION_MANAGER', 'local/enesisaoglu-Stealth-16-AI-Studio-A1VGG:@/tmp/.ICE-unix/2016,unix/enesisaoglu-Stealth-16-AI-Studio-A1VGG:/tmp/.ICE-unix/2016'), ('INVOCATION_ID', '4c2109d650d54d49aba5bca122939b3a'), ('XDG_MENU_PREFIX', 'gnome-'), ('LC_ADDRESS', 'tr_TR.UTF-8'), ('GNOME_SETUP_DISPLAY', ':1'), ('XDG_RUNTIME_DIR', '/run/user/1000'), ('DISPLAY', ':0'), ('TERMINATOR_DBUS_PATH', '/net/tenshu/Terminator2'), ('LANG', 'en_US.UTF-8'), ('XDG_CURRENT_DESKTOP', 'ubuntu:GNOME'), ('IBUS_DISABLE_SNOOPER', '1'), ('LC_TELEPHONE', 'tr_TR.UTF-8'), ('XMODIFIERS', '@im=ibus'), ('XDG_SESSION_DESKTOP', 'ubuntu'), ('XAUTHORITY', '/run/user/1000/.mutter-Xwaylandauth.AKHB42'), ('SSH_AGENT_LAUNCHER', 'gnome-keyring'), ('SSH_AUTH_SOCK', '/run/user/1000/keyring/ssh'), ('AMENT_PREFIX_PATH', '/opt/ros/humble'), ('SHELL', '/bin/bash'), ('LC_NAME', 'tr_TR.UTF-8'), ('TERMINATOR_UUID', 'urn:uuid:32ffa0ce-3242-4118-82cf-2dcdb1ee36e5'), ('QT_ACCESSIBILITY', '1'), ('GDMSESSION', 'ubuntu'), ('LESSCLOSE', '/usr/bin/lesspipe %s %s'), ('LC_MEASUREMENT', 'tr_TR.UTF-8'), ('GJS_DEBUG_OUTPUT', 'stderr'), ('LC_IDENTIFICATION', 'tr_TR.UTF-8'), ('QT_IM_MODULE', 'ibus'), ('PWD', '/home/enesisaoglu/rmis_ws/build/rmis_description'), ('LC_ALL', 'en_US.UTF-8'), ('XDG_CONFIG_DIRS', '/etc/xdg/xdg-ubuntu:/etc/xdg'), ('XDG_DATA_DIRS', '/usr/share/ubuntu:/home/enesisaoglu/.local/share/flatpak/exports/share:/var/lib/flatpak/exports/share:/usr/local/share/:/usr/share/:/var/lib/snapd/desktop'), ('PYTHONPATH', '/opt/ros/humble/lib/python3.10/site-packages:/opt/ros/humble/local/lib/python3.10/dist-packages'), ('LC_NUMERIC', 'tr_TR.UTF-8'), ('LC_PAPER', 'tr_TR.UTF-8'), ('COLCON', '1'), ('VTE_VERSION', '6800'), ('CMAKE_PREFIX_PATH', '/opt/ros/humble')]), 'shell': False}
[0.071630] (rmis_description) StdoutLine: {'line': b'-- Install configuration: ""\n'}
[0.072012] (rmis_description) StdoutLine: {'line': b'-- Up-to-date: /home/enesisaoglu/rmis_ws/install/rmis_description/share/rmis_description/launch\n'}
[0.072147] (rmis_description) StdoutLine: {'line': b'-- Up-to-date: /home/enesisaoglu/rmis_ws/install/rmis_description/share/rmis_description/launch/display.launch.py\n'}
[0.072225] (rmis_description) StdoutLine: {'line': b'-- Up-to-date: /home/enesisaoglu/rmis_ws/install/rmis_description/share/rmis_description/urdf\n'}
[0.072283] (rmis_description) StdoutLine: {'line': b'-- Installing: /home/enesisaoglu/rmis_ws/install/rmis_description/share/rmis_description/urdf/rmis_robot.urdf\n'}
[0.072549] (rmis_description) StdoutLine: {'line': b'-- Up-to-date: /home/enesisaoglu/rmis_ws/install/rmis_description/share/rmis_description/meshes\n'}
[0.072605] (rmis_description) StdoutLine: {'line': b'-- Up-to-date: /home/enesisaoglu/rmis_ws/install/rmis_description/share/rmis_description/meshes/dae\n'}
[0.072797] (rmis_description) StdoutLine: {'line': b'-- Installing: /home/enesisaoglu/rmis_ws/install/rmis_description/share/rmis_description/meshes/dae/Hub_torque.020.dae\n'}
[0.080105] (rmis_description) StdoutLine: {'line': b'-- Installing: /home/enesisaoglu/rmis_ws/install/rmis_description/share/rmis_description/meshes/dae/Hub_torque.011.dae_history.log\n'}
[0.080401] (rmis_description) StdoutLine: {'line': b'-- Installing: /home/enesisaoglu/rmis_ws/install/rmis_description/share/rmis_description/meshes/dae/u_bracket.007.dae\n'}
[0.081822] (rmis_description) StdoutLine: {'line': b'-- Installing: /home/enesisaoglu/rmis_ws/install/rmis_description/share/rmis_description/meshes/dae/u_bracket.014.dae_history.log\n'}
[0.081990] (rmis_description) StdoutLine: {'line': b'-- Installing: /home/enesisaoglu/rmis_ws/install/rmis_description/share/rmis_description/meshes/dae/Cube.005.dae_history.log\n'}
[0.082212] (rmis_description) StdoutLine: {'line': b'-- Installing: /home/enesisaoglu/rmis_ws/install/rmis_description/share/rmis_description/meshes/dae/u_bracket.001.dae_history.log\n'}
[0.082388] (rmis_description) StdoutLine: {'line': b'-- Installing: /home/enesisaoglu/rmis_ws/install/rmis_description/share/rmis_description/meshes/dae/Cube.021.dae\n'}
[0.088446] (rmis_description) StdoutLine: {'line': b'-- Installing: /home/enesisaoglu/rmis_ws/install/rmis_description/share/rmis_description/meshes/dae/Hub_torque.010.dae_history.log\n'}
[0.088556] (rmis_description) StdoutLine: {'line': b'-- Installing: /home/enesisaoglu/rmis_ws/install/rmis_description/share/rmis_description/meshes/dae/u_bracket.007.dae_history.log\n'}
[0.088646] (rmis_description) StdoutLine: {'line': b'-- Installing: /home/enesisaoglu/rmis_ws/install/rmis_description/share/rmis_description/meshes/dae/Hub_torque.dae\n'}
[0.091544] (rmis_description) StdoutLine: {'line': b'-- Installing: /home/enesisaoglu/rmis_ws/install/rmis_description/share/rmis_description/meshes/dae/Cube.008.dae\n'}
[0.093890] (rmis_description) StdoutLine: {'line': b'-- Installing: /home/enesisaoglu/rmis_ws/install/rmis_description/share/rmis_description/meshes/dae/Cube.007.dae_history.log\n'}
[0.093970] (rmis_description) StdoutLine: {'line': b'-- Installing: /home/enesisaoglu/rmis_ws/install/rmis_description/share/rmis_description/meshes/dae/Cube.019.dae_history.log\n'}
[0.094127] (rmis_description) StdoutLine: {'line': b'-- Installing: /home/enesisaoglu/rmis_ws/install/rmis_description/share/rmis_description/meshes/dae/Hub_torque.035.dae\n'}
[0.095890] (rmis_description) StdoutLine: {'line': b'-- Installing: /home/enesisaoglu/rmis_ws/install/rmis_description/share/rmis_description/meshes/dae/u_bracket.005.dae\n'}
[0.097584] (rmis_description) StdoutLine: {'line': b'-- Installing: /home/enesisaoglu/rmis_ws/install/rmis_description/share/rmis_description/meshes/dae/u_bracket.003.dae_history.log\n'}
[0.097651] (rmis_description) StdoutLine: {'line': b'-- Installing: /home/enesisaoglu/rmis_ws/install/rmis_description/share/rmis_description/meshes/dae/u_bracket.004.dae_history.log\n'}
[0.097769] (rmis_description) StdoutLine: {'line': b'-- Installing: /home/enesisaoglu/rmis_ws/install/rmis_description/share/rmis_description/meshes/dae/Hub_torque.035.dae_history.log\n'}
[0.097833] (rmis_description) StdoutLine: {'line': b'-- Installing: /home/enesisaoglu/rmis_ws/install/rmis_description/share/rmis_description/meshes/dae/Cube.017.dae_history.log\n'}
[0.098042] (rmis_description) StdoutLine: {'line': b'-- Installing: /home/enesisaoglu/rmis_ws/install/rmis_description/share/rmis_description/meshes/dae/27-1a.001.dae\n'}
[0.099199] (rmis_description) StdoutLine: {'line': b'-- Installing: /home/enesisaoglu/rmis_ws/install/rmis_description/share/rmis_description/meshes/dae/offset_bracket.001.dae\n'}
[0.099409] (-) TimerEvent: {}
[0.100981] (rmis_description) StdoutLine: {'line': b'-- Installing: /home/enesisaoglu/rmis_ws/install/rmis_description/share/rmis_description/meshes/dae/Hub_torque.010.dae\n'}
[0.101904] (kinect2_registration) StdoutLine: {'line': b'[100%] Built target kinect2_registration\n'}
[0.105817] (rmis_description) StdoutLine: {'line': b'-- Installing: /home/enesisaoglu/rmis_ws/install/rmis_description/share/rmis_description/meshes/dae/Hub_torque.036.dae\n'}
[0.107246] (rmis_description) StdoutLine: {'line': b'-- Installing: /home/enesisaoglu/rmis_ws/install/rmis_description/share/rmis_description/meshes/dae/Cube.008.dae_history.log\n'}
[0.107494] (rmis_description) StdoutLine: {'line': b'-- Installing: /home/enesisaoglu/rmis_ws/install/rmis_description/share/rmis_description/meshes/dae/Cube.020.dae_history.log\n'}
[0.107580] (rmis_description) StdoutLine: {'line': b'-- Installing: /home/enesisaoglu/rmis_ws/install/rmis_description/share/rmis_description/meshes/dae/u_bracket.014.dae\n'}
[0.108679] (rmis_description) StdoutLine: {'line': b'-- Installing: /home/enesisaoglu/rmis_ws/install/rmis_description/share/rmis_description/meshes/dae/u_bracket.015.dae\n'}
[0.109795] (rmis_description) StdoutLine: {'line': b'-- Installing: /home/enesisaoglu/rmis_ws/install/rmis_description/share/rmis_description/meshes/dae/Cube.007.dae\n'}
[0.110503] (kinect2_registration) CommandEnded: {'returncode': 0}
[0.111541] (kinect2_registration) JobProgress: {'identifier': 'kinect2_registration', 'progress': 'install'}
[0.111996] (kinect2_registration) Command: {'cmd': ['/usr/bin/cmake', '--install', '/home/enesisaoglu/rmis_ws/build/kinect2_registration'], 'cwd': '/home/enesisaoglu/rmis_ws/build/kinect2_registration', 'env': OrderedDict([('GJS_DEBUG_TOPICS', 'JS ERROR;JS LOG'), ('LESSOPEN', '| /usr/bin/lesspipe %s'), ('USER', 'enesisaoglu'), ('LC_TIME', 'tr_TR.UTF-8'), ('XDG_SESSION_TYPE', 'wayland'), ('SHLVL', '1'), ('LD_LIBRARY_PATH', '/opt/ros/humble/opt/rviz_ogre_vendor/lib:/opt/ros/humble/lib/x86_64-linux-gnu:/opt/ros/humble/lib'), ('HOME', '/home/enesisaoglu'), ('OLDPWD', '/home/enesisaoglu'), ('DESKTOP_SESSION', 'ubuntu'), ('GIO_LAUNCHED_DESKTOP_FILE', '/usr/share/applications/terminator.desktop'), ('ROS_PYTHON_VERSION', '3'), ('GNOME_SHELL_SESSION_MODE', 'ubuntu'), ('GTK_MODULES', 'gail:atk-bridge'), ('LC_MONETARY', 'tr_TR.UTF-8'), ('MANAGERPID', '1860'), ('SYSTEMD_EXEC_PID', '2045'), ('DBUS_SESSION_BUS_ADDRESS', 'unix:path=/run/user/1000/bus'), ('COLORTERM', 'truecolor'), ('TERMINATOR_DBUS_NAME', 'net.tenshu.Terminator25ef4b219e3b005583550f2b0f9f990c3'), ('GIO_LAUNCHED_DESKTOP_FILE_PID', '4283'), ('IM_CONFIG_PHASE', '1'), ('WAYLAND_DISPLAY', 'wayland-0'), ('ROS_DISTRO', 'humble'), ('LOGNAME', 'enesisaoglu'), ('JOURNAL_STREAM', '8:3698'), ('_', '/usr/bin/colcon'), ('ROS_VERSION', '2'), ('XDG_SESSION_CLASS', 'user'), ('USERNAME', 'enesisaoglu'), ('TERM', 'xterm-256color'), ('GNOME_DESKTOP_SESSION_ID', 'this-is-deprecated'), ('ROS_LOCALHOST_ONLY', '0'), ('PATH', '/opt/ros/humble/bin:/home/enesisaoglu/.local/bin:/usr/local/sbin:/usr/local/bin:/usr/sbin:/usr/bin:/sbin:/bin:/usr/games:/usr/local/games:/snap/bin:/snap/bin'), ('SESSION_MANAGER', 'local/enesisaoglu-Stealth-16-AI-Studio-A1VGG:@/tmp/.ICE-unix/2016,unix/enesisaoglu-Stealth-16-AI-Studio-A1VGG:/tmp/.ICE-unix/2016'), ('INVOCATION_ID', '4c2109d650d54d49aba5bca122939b3a'), ('XDG_MENU_PREFIX', 'gnome-'), ('LC_ADDRESS', 'tr_TR.UTF-8'), ('GNOME_SETUP_DISPLAY', ':1'), ('XDG_RUNTIME_DIR', '/run/user/1000'), ('DISPLAY', ':0'), ('TERMINATOR_DBUS_PATH', '/net/tenshu/Terminator2'), ('LANG', 'en_US.UTF-8'), ('XDG_CURRENT_DESKTOP', 'ubuntu:GNOME'), ('IBUS_DISABLE_SNOOPER', '1'), ('LC_TELEPHONE', 'tr_TR.UTF-8'), ('XMODIFIERS', '@im=ibus'), ('XDG_SESSION_DESKTOP', 'ubuntu'), ('XAUTHORITY', '/run/user/1000/.mutter-Xwaylandauth.AKHB42'), ('SSH_AGENT_LAUNCHER', 'gnome-keyring'), ('SSH_AUTH_SOCK', '/run/user/1000/keyring/ssh'), ('AMENT_PREFIX_PATH', '/opt/ros/humble'), ('SHELL', '/bin/bash'), ('LC_NAME', 'tr_TR.UTF-8'), ('TERMINATOR_UUID', 'urn:uuid:32ffa0ce-3242-4118-82cf-2dcdb1ee36e5'), ('QT_ACCESSIBILITY', '1'), ('GDMSESSION', 'ubuntu'), ('LESSCLOSE', '/usr/bin/lesspipe %s %s'), ('LC_MEASUREMENT', 'tr_TR.UTF-8'), ('GJS_DEBUG_OUTPUT', 'stderr'), ('LC_IDENTIFICATION', 'tr_TR.UTF-8'), ('QT_IM_MODULE', 'ibus'), ('PWD', '/home/enesisaoglu/rmis_ws/build/kinect2_registration'), ('LC_ALL', 'en_US.UTF-8'), ('XDG_CONFIG_DIRS', '/etc/xdg/xdg-ubuntu:/etc/xdg'), ('XDG_DATA_DIRS', '/usr/share/ubuntu:/home/enesisaoglu/.local/share/flatpak/exports/share:/var/lib/flatpak/exports/share:/usr/local/share/:/usr/share/:/var/lib/snapd/desktop'), ('PYTHONPATH', '/opt/ros/humble/lib/python3.10/site-packages:/opt/ros/humble/local/lib/python3.10/dist-packages'), ('LC_NUMERIC', 'tr_TR.UTF-8'), ('LC_PAPER', 'tr_TR.UTF-8'), ('COLCON', '1'), ('VTE_VERSION', '6800'), ('CMAKE_PREFIX_PATH', '/opt/ros/humble')]), 'shell': False}
[0.116758] (rmis_description) StdoutLine: {'line': b'-- Installing: /home/enesisaoglu/rmis_ws/install/rmis_description/share/rmis_description/meshes/dae/u_bracket.011.dae_history.log\n'}
[0.116925] (rmis_description) StdoutLine: {'line': b'-- Installing: /home/enesisaoglu/rmis_ws/install/rmis_description/share/rmis_description/meshes/dae/Cube.017.dae\n'}
[0.117295] (kinect2_registration) StdoutLine: {'line': b'-- Install configuration: ""\n'}
[0.118236] (kinect2_registration) StdoutLine: {'line': b'-- Up-to-date: /home/enesisaoglu/rmis_ws/install/kinect2_registration/lib/libkinect2_registration.so\n'}
[0.118337] (kinect2_registration) StdoutLine: {'line': b'-- Up-to-date: /home/enesisaoglu/rmis_ws/install/kinect2_registration/include\n'}
[0.118437] (kinect2_registration) StdoutLine: {'line': b'-- Up-to-date: /home/enesisaoglu/rmis_ws/install/kinect2_registration/include/kinect2_registration\n'}
[0.118519] (kinect2_registration) StdoutLine: {'line': b'-- Up-to-date: /home/enesisaoglu/rmis_ws/install/kinect2_registration/include/kinect2_registration/kinect2_console.h\n'}
[0.118602] (kinect2_registration) StdoutLine: {'line': b'-- Up-to-date: /home/enesisaoglu/rmis_ws/install/kinect2_registration/include/kinect2_registration/kinect2_registration.h\n'}
[0.118669] (kinect2_registration) StdoutLine: {'line': b'-- Up-to-date: /home/enesisaoglu/rmis_ws/install/kinect2_registration/include/internal\n'}
[0.118852] (kinect2_registration) StdoutLine: {'line': b'-- Up-to-date: /home/enesisaoglu/rmis_ws/install/kinect2_registration/include/internal/CL\n'}
[0.119107] (kinect2_registration) StdoutLine: {'line': b'-- Up-to-date: /home/enesisaoglu/rmis_ws/install/kinect2_registration/include/internal/CL/cl.hpp\n'}
[0.119138] (rmis_description) StdoutLine: {'line': b'-- Installing: /home/enesisaoglu/rmis_ws/install/rmis_description/share/rmis_description/meshes/dae/u_bracket.001.dae\n'}
[0.119394] (kinect2_registration) StdoutLine: {'line': b'-- Up-to-date: /home/enesisaoglu/rmis_ws/install/kinect2_registration/share/kinect2_registration/environment/library_path.sh\n'}
[0.119420] (kinect2_registration) StdoutLine: {'line': b'-- Up-to-date: /home/enesisaoglu/rmis_ws/install/kinect2_registration/share/kinect2_registration/environment/library_path.dsv\n'}
[0.119633] (rmis_description) StdoutLine: {'line': b'-- Installing: /home/enesisaoglu/rmis_ws/install/rmis_description/share/rmis_description/meshes/dae/Hub_torque.036.dae_history.log\n'}
[0.119751] (kinect2_registration) StdoutLine: {'line': b'-- Up-to-date: /home/enesisaoglu/rmis_ws/install/kinect2_registration/share/ament_index/resource_index/package_run_dependencies/kinect2_registration\n'}
[0.120099] (kinect2_registration) StdoutLine: {'line': b'-- Up-to-date: /home/enesisaoglu/rmis_ws/install/kinect2_registration/share/ament_index/resource_index/parent_prefix_path/kinect2_registration\n'}
[0.120573] (kinect2_registration) StdoutLine: {'line': b'-- Up-to-date: /home/enesisaoglu/rmis_ws/install/kinect2_registration/share/kinect2_registration/environment/ament_prefix_path.sh\n'}
[0.120599] (kinect2_registration) StdoutLine: {'line': b'-- Up-to-date: /home/enesisaoglu/rmis_ws/install/kinect2_registration/share/kinect2_registration/environment/ament_prefix_path.dsv\n'}
[0.120621] (kinect2_registration) StdoutLine: {'line': b'-- Up-to-date: /home/enesisaoglu/rmis_ws/install/kinect2_registration/share/kinect2_registration/environment/path.sh\n'}
[0.120643] (kinect2_registration) StdoutLine: {'line': b'-- Up-to-date: /home/enesisaoglu/rmis_ws/install/kinect2_registration/share/kinect2_registration/environment/path.dsv\n'}
[0.120672] (kinect2_registration) StdoutLine: {'line': b'-- Up-to-date: /home/enesisaoglu/rmis_ws/install/kinect2_registration/share/kinect2_registration/local_setup.bash\n'}
[0.120705] (kinect2_registration) StdoutLine: {'line': b'-- Up-to-date: /home/enesisaoglu/rmis_ws/install/kinect2_registration/share/kinect2_registration/local_setup.sh\n'}
[0.120812] (rmis_description) StdoutLine: {'line': b'-- Installing: /home/enesisaoglu/rmis_ws/install/rmis_description/share/rmis_description/meshes/dae/Hub_torque.002.dae\n'}
[0.120952] (kinect2_registration) StdoutLine: {'line': b'-- Up-to-date: /home/enesisaoglu/rmis_ws/install/kinect2_registration/share/kinect2_registration/local_setup.zsh\n'}
[0.121381] (kinect2_registration) StdoutLine: {'line': b'-- Up-to-date: /home/enesisaoglu/rmis_ws/install/kinect2_registration/share/kinect2_registration/local_setup.dsv\n'}
[0.121411] (kinect2_registration) StdoutLine: {'line': b'-- Installing: /home/enesisaoglu/rmis_ws/install/kinect2_registration/share/kinect2_registration/package.dsv\n'}
[0.121440] (kinect2_registration) StdoutLine: {'line': b'-- Up-to-date: /home/enesisaoglu/rmis_ws/install/kinect2_registration/share/ament_index/resource_index/packages/kinect2_registration\n'}
[0.121478] (kinect2_registration) StdoutLine: {'line': b'-- Up-to-date: /home/enesisaoglu/rmis_ws/install/kinect2_registration/share/kinect2_registration/cmake/kinect2_registration.cmake\n'}
[0.121504] (kinect2_registration) StdoutLine: {'line': b'-- Up-to-date: /home/enesisaoglu/rmis_ws/install/kinect2_registration/share/kinect2_registration/cmake/ament_cmake_export_include_directories-extras.cmake\n'}
[0.121531] (kinect2_registration) StdoutLine: {'line': b'-- Up-to-date: /home/enesisaoglu/rmis_ws/install/kinect2_registration/share/kinect2_registration/cmake/ament_cmake_export_libraries-extras.cmake\n'}
[0.121557] (kinect2_registration) StdoutLine: {'line': b'-- Up-to-date: /home/enesisaoglu/rmis_ws/install/kinect2_registration/share/kinect2_registration/cmake/kinect2_registrationConfig.cmake\n'}
[0.121583] (kinect2_registration) StdoutLine: {'line': b'-- Up-to-date: /home/enesisaoglu/rmis_ws/install/kinect2_registration/share/kinect2_registration/cmake/kinect2_registrationConfig-version.cmake\n'}
[0.121613] (kinect2_registration) StdoutLine: {'line': b'-- Up-to-date: /home/enesisaoglu/rmis_ws/install/kinect2_registration/share/kinect2_registration/package.xml\n'}
[0.122090] (kinect2_registration) CommandEnded: {'returncode': 0}
[0.124454] (rmis_description) StdoutLine: {'line': b'-- Installing: /home/enesisaoglu/rmis_ws/install/rmis_description/share/rmis_description/meshes/dae/Cube.001.dae\n'}
[0.124652] (rmis_description) StdoutLine: {'line': b'-- Installing: /home/enesisaoglu/rmis_ws/install/rmis_description/share/rmis_description/meshes/dae/u_bracket.004.dae\n'}
[0.126209] (rmis_description) StdoutLine: {'line': b'-- Installing: /home/enesisaoglu/rmis_ws/install/rmis_description/share/rmis_description/meshes/dae/Cube.020.dae\n'}
[0.139426] (kinect2_registration) JobEnded: {'identifier': 'kinect2_registration', 'rc': 0}
[0.139958] (kinect2_bridge) JobStarted: {'identifier': 'kinect2_bridge'}
[0.143410] (rmis_description) StdoutLine: {'line': b'-- Installing: /home/enesisaoglu/rmis_ws/install/rmis_description/share/rmis_description/meshes/dae/u_bracket.010.dae\n'}
[0.144804] (rmis_description) StdoutLine: {'line': b'-- Installing: /home/enesisaoglu/rmis_ws/install/rmis_description/share/rmis_description/meshes/dae/u_bracket.012.dae_history.log\n'}
[0.145103] (rmis_description) StdoutLine: {'line': b'-- Installing: /home/enesisaoglu/rmis_ws/install/rmis_description/share/rmis_description/meshes/dae/Cube.029.dae\n'}
[0.145198] (rmis_description) StdoutLine: {'line': b'-- Installing: /home/enesisaoglu/rmis_ws/install/rmis_description/share/rmis_description/meshes/dae/Hub_torque.020.dae_history.log\n'}
[0.145302] (rmis_description) StdoutLine: {'line': b'-- Installing: /home/enesisaoglu/rmis_ws/install/rmis_description/share/rmis_description/meshes/dae/u_bracket.011.dae\n'}
[0.146295] (rmis_description) StdoutLine: {'line': b'-- Installing: /home/enesisaoglu/rmis_ws/install/rmis_description/share/rmis_description/meshes/dae/u_bracket.015.dae_history.log\n'}
[0.146359] (rmis_description) StdoutLine: {'line': b'-- Installing: /home/enesisaoglu/rmis_ws/install/rmis_description/share/rmis_description/meshes/dae/u_bracket.012.dae\n'}
[0.147363] (kinect2_bridge) JobProgress: {'identifier': 'kinect2_bridge', 'progress': 'cmake'}
[0.147683] (rmis_description) StdoutLine: {'line': b'-- Installing: /home/enesisaoglu/rmis_ws/install/rmis_description/share/rmis_description/meshes/dae/27-1a.001.dae_history.log\n'}
[0.147977] (rmis_description) StdoutLine: {'line': b'-- Installing: /home/enesisaoglu/rmis_ws/install/rmis_description/share/rmis_description/meshes/dae/Hub_torque.dae_history.log\n'}
[0.148054] (rmis_description) StdoutLine: {'line': b'-- Installing: /home/enesisaoglu/rmis_ws/install/rmis_description/share/rmis_description/meshes/dae/offset_bracket.003.dae\n'}
[0.148208] (kinect2_bridge) JobProgress: {'identifier': 'kinect2_bridge', 'progress': 'build'}
[0.148704] (kinect2_bridge) Command: {'cmd': ['/usr/bin/cmake', '--build', '/home/enesisaoglu/rmis_ws/build/kinect2_bridge', '--', '-j22', '-l22'], 'cwd': '/home/enesisaoglu/rmis_ws/build/kinect2_bridge', 'env': OrderedDict([('GJS_DEBUG_TOPICS', 'JS ERROR;JS LOG'), ('LESSOPEN', '| /usr/bin/lesspipe %s'), ('USER', 'enesisaoglu'), ('LC_TIME', 'tr_TR.UTF-8'), ('XDG_SESSION_TYPE', 'wayland'), ('SHLVL', '1'), ('LD_LIBRARY_PATH', '/home/enesisaoglu/rmis_ws/install/kinect2_registration/lib:/opt/ros/humble/opt/rviz_ogre_vendor/lib:/opt/ros/humble/lib/x86_64-linux-gnu:/opt/ros/humble/lib'), ('HOME', '/home/enesisaoglu'), ('OLDPWD', '/home/enesisaoglu'), ('DESKTOP_SESSION', 'ubuntu'), ('GIO_LAUNCHED_DESKTOP_FILE', '/usr/share/applications/terminator.desktop'), ('ROS_PYTHON_VERSION', '3'), ('GNOME_SHELL_SESSION_MODE', 'ubuntu'), ('GTK_MODULES', 'gail:atk-bridge'), ('LC_MONETARY', 'tr_TR.UTF-8'), ('MANAGERPID', '1860'), ('SYSTEMD_EXEC_PID', '2045'), ('DBUS_SESSION_BUS_ADDRESS', 'unix:path=/run/user/1000/bus'), ('COLORTERM', 'truecolor'), ('TERMINATOR_DBUS_NAME', 'net.tenshu.Terminator25ef4b219e3b005583550f2b0f9f990c3'), ('GIO_LAUNCHED_DESKTOP_FILE_PID', '4283'), ('IM_CONFIG_PHASE', '1'), ('WAYLAND_DISPLAY', 'wayland-0'), ('ROS_DISTRO', 'humble'), ('LOGNAME', 'enesisaoglu'), ('JOURNAL_STREAM', '8:3698'), ('_', '/usr/bin/colcon'), ('ROS_VERSION', '2'), ('XDG_SESSION_CLASS', 'user'), ('USERNAME', 'enesisaoglu'), ('TERM', 'xterm-256color'), ('GNOME_DESKTOP_SESSION_ID', 'this-is-deprecated'), ('ROS_LOCALHOST_ONLY', '0'), ('PATH', '/opt/ros/humble/bin:/home/enesisaoglu/.local/bin:/usr/local/sbin:/usr/local/bin:/usr/sbin:/usr/bin:/sbin:/bin:/usr/games:/usr/local/games:/snap/bin:/snap/bin'), ('SESSION_MANAGER', 'local/enesisaoglu-Stealth-16-AI-Studio-A1VGG:@/tmp/.ICE-unix/2016,unix/enesisaoglu-Stealth-16-AI-Studio-A1VGG:/tmp/.ICE-unix/2016'), ('INVOCATION_ID', '4c2109d650d54d49aba5bca122939b3a'), ('XDG_MENU_PREFIX', 'gnome-'), ('LC_ADDRESS', 'tr_TR.UTF-8'), ('GNOME_SETUP_DISPLAY', ':1'), ('XDG_RUNTIME_DIR', '/run/user/1000'), ('DISPLAY', ':0'), ('TERMINATOR_DBUS_PATH', '/net/tenshu/Terminator2'), ('LANG', 'en_US.UTF-8'), ('XDG_CURRENT_DESKTOP', 'ubuntu:GNOME'), ('IBUS_DISABLE_SNOOPER', '1'), ('LC_TELEPHONE', 'tr_TR.UTF-8'), ('XMODIFIERS', '@im=ibus'), ('XDG_SESSION_DESKTOP', 'ubuntu'), ('XAUTHORITY', '/run/user/1000/.mutter-Xwaylandauth.AKHB42'), ('SSH_AGENT_LAUNCHER', 'gnome-keyring'), ('SSH_AUTH_SOCK', '/run/user/1000/keyring/ssh'), ('AMENT_PREFIX_PATH', '/home/enesisaoglu/rmis_ws/install/kinect2_registration:/opt/ros/humble'), ('SHELL', '/bin/bash'), ('LC_NAME', 'tr_TR.UTF-8'), ('TERMINATOR_UUID', 'urn:uuid:32ffa0ce-3242-4118-82cf-2dcdb1ee36e5'), ('QT_ACCESSIBILITY', '1'), ('GDMSESSION', 'ubuntu'), ('LESSCLOSE', '/usr/bin/lesspipe %s %s'), ('LC_MEASUREMENT', 'tr_TR.UTF-8'), ('GJS_DEBUG_OUTPUT', 'stderr'), ('LC_IDENTIFICATION', 'tr_TR.UTF-8'), ('QT_IM_MODULE', 'ibus'), ('PWD', '/home/enesisaoglu/rmis_ws/build/kinect2_bridge'), ('LC_ALL', 'en_US.UTF-8'), ('XDG_CONFIG_DIRS', '/etc/xdg/xdg-ubuntu:/etc/xdg'), ('XDG_DATA_DIRS', '/usr/share/ubuntu:/home/enesisaoglu/.local/share/flatpak/exports/share:/var/lib/flatpak/exports/share:/usr/local/share/:/usr/share/:/var/lib/snapd/desktop'), ('PYTHONPATH', '/opt/ros/humble/lib/python3.10/site-packages:/opt/ros/humble/local/lib/python3.10/dist-packages'), ('LC_NUMERIC', 'tr_TR.UTF-8'), ('LC_PAPER', 'tr_TR.UTF-8'), ('COLCON', '1'), ('VTE_VERSION', '6800'), ('CMAKE_PREFIX_PATH', '/home/enesisaoglu/rmis_ws/install/kinect2_registration:/opt/ros/humble')]), 'shell': False}
[0.149799] (rmis_description) StdoutLine: {'line': b'-- Installing: /home/enesisaoglu/rmis_ws/install/rmis_description/share/rmis_description/meshes/dae/Cube.029.dae_history.log\n'}
[0.149953] (rmis_description) StdoutLine: {'line': b'-- Installing: /home/enesisaoglu/rmis_ws/install/rmis_description/share/rmis_description/meshes/dae/offset_bracket.001.dae_history.log\n'}
[0.150041] (rmis_description) StdoutLine: {'line': b'-- Installing: /home/enesisaoglu/rmis_ws/install/rmis_description/share/rmis_description/meshes/dae/Hub_torque.011.dae\n'}
[0.153989] (rmis_description) StdoutLine: {'line': b'-- Installing: /home/enesisaoglu/rmis_ws/install/rmis_description/share/rmis_description/meshes/dae/Hub_torque.002.dae_history.log\n'}
[0.154152] (rmis_description) StdoutLine: {'line': b'-- Installing: /home/enesisaoglu/rmis_ws/install/rmis_description/share/rmis_description/meshes/dae/u_bracket.005.dae_history.log\n'}
[0.154319] (rmis_description) StdoutLine: {'line': b'-- Installing: /home/enesisaoglu/rmis_ws/install/rmis_description/share/rmis_description/meshes/dae/Cube.023.dae_history.log\n'}
[0.154369] (rmis_description) StdoutLine: {'line': b'-- Installing: /home/enesisaoglu/rmis_ws/install/rmis_description/share/rmis_description/meshes/dae/Hub_torque.008.dae\n'}
[0.158128] (rmis_description) StdoutLine: {'line': b'-- Installing: /home/enesisaoglu/rmis_ws/install/rmis_description/share/rmis_description/meshes/dae/Cube.019.dae\n'}
[0.164636] (rmis_description) StdoutLine: {'line': b'-- Installing: /home/enesisaoglu/rmis_ws/install/rmis_description/share/rmis_description/meshes/dae/Hub_torque.008.dae_history.log\n'}
[0.164888] (rmis_description) StdoutLine: {'line': b'-- Installing: /home/enesisaoglu/rmis_ws/install/rmis_description/share/rmis_description/meshes/dae/u_bracket.003.dae\n'}
[0.165787] (rmis_description) StdoutLine: {'line': b'-- Installing: /home/enesisaoglu/rmis_ws/install/rmis_description/share/rmis_description/meshes/dae/Cube.021.dae_history.log\n'}
[0.165932] (rmis_description) StdoutLine: {'line': b'-- Installing: /home/enesisaoglu/rmis_ws/install/rmis_description/share/rmis_description/meshes/dae/Cube.001.dae_history.log\n'}
[0.166065] (rmis_description) StdoutLine: {'line': b'-- Installing: /home/enesisaoglu/rmis_ws/install/rmis_description/share/rmis_description/meshes/dae/Cube.005.dae\n'}
[0.168171] (rmis_description) StdoutLine: {'line': b'-- Installing: /home/enesisaoglu/rmis_ws/install/rmis_description/share/rmis_description/meshes/dae/u_bracket.010.dae_history.log\n'}
[0.168297] (rmis_description) StdoutLine: {'line': b'-- Installing: /home/enesisaoglu/rmis_ws/install/rmis_description/share/rmis_description/meshes/dae/Cube.023.dae\n'}
[0.170294] (rmis_description) StdoutLine: {'line': b'-- Installing: /home/enesisaoglu/rmis_ws/install/rmis_description/share/rmis_description/meshes/dae/offset_bracket.003.dae_history.log\n'}
[0.170659] (rmis_description) StdoutLine: {'line': b'-- Up-to-date: /home/enesisaoglu/rmis_ws/install/rmis_description/share/ament_index/resource_index/package_run_dependencies/rmis_description\n'}
[0.170710] (rmis_description) StdoutLine: {'line': b'-- Up-to-date: /home/enesisaoglu/rmis_ws/install/rmis_description/share/ament_index/resource_index/parent_prefix_path/rmis_description\n'}
[0.170910] (rmis_description) StdoutLine: {'line': b'-- Up-to-date: /home/enesisaoglu/rmis_ws/install/rmis_description/share/rmis_description/environment/ament_prefix_path.sh\n'}
[0.170959] (rmis_description) StdoutLine: {'line': b'-- Up-to-date: /home/enesisaoglu/rmis_ws/install/rmis_description/share/rmis_description/environment/ament_prefix_path.dsv\n'}
[0.171003] (rmis_description) StdoutLine: {'line': b'-- Up-to-date: /home/enesisaoglu/rmis_ws/install/rmis_description/share/rmis_description/environment/path.sh\n'}
[0.171047] (rmis_description) StdoutLine: {'line': b'-- Up-to-date: /home/enesisaoglu/rmis_ws/install/rmis_description/share/rmis_description/environment/path.dsv\n'}
[0.171092] (rmis_description) StdoutLine: {'line': b'-- Up-to-date: /home/enesisaoglu/rmis_ws/install/rmis_description/share/rmis_description/local_setup.bash\n'}
[0.171140] (rmis_description) StdoutLine: {'line': b'-- Up-to-date: /home/enesisaoglu/rmis_ws/install/rmis_description/share/rmis_description/local_setup.sh\n'}
[0.171191] (rmis_description) StdoutLine: {'line': b'-- Up-to-date: /home/enesisaoglu/rmis_ws/install/rmis_description/share/rmis_description/local_setup.zsh\n'}
[0.171237] (rmis_description) StdoutLine: {'line': b'-- Up-to-date: /home/enesisaoglu/rmis_ws/install/rmis_description/share/rmis_description/local_setup.dsv\n'}
[0.171283] (rmis_description) StdoutLine: {'line': b'-- Installing: /home/enesisaoglu/rmis_ws/install/rmis_description/share/rmis_description/package.dsv\n'}
[0.171359] (rmis_description) StdoutLine: {'line': b'-- Up-to-date: /home/enesisaoglu/rmis_ws/install/rmis_description/share/ament_index/resource_index/packages/rmis_description\n'}
[0.171405] (rmis_description) StdoutLine: {'line': b'-- Up-to-date: /home/enesisaoglu/rmis_ws/install/rmis_description/share/rmis_description/cmake/rmis_descriptionConfig.cmake\n'}
[0.171448] (rmis_description) StdoutLine: {'line': b'-- Up-to-date: /home/enesisaoglu/rmis_ws/install/rmis_description/share/rmis_description/cmake/rmis_descriptionConfig-version.cmake\n'}
[0.171491] (rmis_description) StdoutLine: {'line': b'-- Up-to-date: /home/enesisaoglu/rmis_ws/install/rmis_description/share/rmis_description/package.xml\n'}
[0.172666] (rmis_description) CommandEnded: {'returncode': 0}
[0.184800] (rmis_description) JobEnded: {'identifier': 'rmis_description', 'rc': 0}
[0.199525] (-) TimerEvent: {}
[0.202822] (kinect2_bridge) StdoutLine: {'line': b'[100%] Built target kinect2_bridge\n'}
[0.210366] (kinect2_bridge) CommandEnded: {'returncode': 0}
[0.212403] (kinect2_bridge) JobProgress: {'identifier': 'kinect2_bridge', 'progress': 'install'}
[0.212602] (kinect2_bridge) Command: {'cmd': ['/usr/bin/cmake', '--install', '/home/enesisaoglu/rmis_ws/build/kinect2_bridge'], 'cwd': '/home/enesisaoglu/rmis_ws/build/kinect2_bridge', 'env': OrderedDict([('GJS_DEBUG_TOPICS', 'JS ERROR;JS LOG'), ('LESSOPEN', '| /usr/bin/lesspipe %s'), ('USER', 'enesisaoglu'), ('LC_TIME', 'tr_TR.UTF-8'), ('XDG_SESSION_TYPE', 'wayland'), ('SHLVL', '1'), ('LD_LIBRARY_PATH', '/home/enesisaoglu/rmis_ws/install/kinect2_registration/lib:/opt/ros/humble/opt/rviz_ogre_vendor/lib:/opt/ros/humble/lib/x86_64-linux-gnu:/opt/ros/humble/lib'), ('HOME', '/home/enesisaoglu'), ('OLDPWD', '/home/enesisaoglu'), ('DESKTOP_SESSION', 'ubuntu'), ('GIO_LAUNCHED_DESKTOP_FILE', '/usr/share/applications/terminator.desktop'), ('ROS_PYTHON_VERSION', '3'), ('GNOME_SHELL_SESSION_MODE', 'ubuntu'), ('GTK_MODULES', 'gail:atk-bridge'), ('LC_MONETARY', 'tr_TR.UTF-8'), ('MANAGERPID', '1860'), ('SYSTEMD_EXEC_PID', '2045'), ('DBUS_SESSION_BUS_ADDRESS', 'unix:path=/run/user/1000/bus'), ('COLORTERM', 'truecolor'), ('TERMINATOR_DBUS_NAME', 'net.tenshu.Terminator25ef4b219e3b005583550f2b0f9f990c3'), ('GIO_LAUNCHED_DESKTOP_FILE_PID', '4283'), ('IM_CONFIG_PHASE', '1'), ('WAYLAND_DISPLAY', 'wayland-0'), ('ROS_DISTRO', 'humble'), ('LOGNAME', 'enesisaoglu'), ('JOURNAL_STREAM', '8:3698'), ('_', '/usr/bin/colcon'), ('ROS_VERSION', '2'), ('XDG_SESSION_CLASS', 'user'), ('USERNAME', 'enesisaoglu'), ('TERM', 'xterm-256color'), ('GNOME_DESKTOP_SESSION_ID', 'this-is-deprecated'), ('ROS_LOCALHOST_ONLY', '0'), ('PATH', '/opt/ros/humble/bin:/home/enesisaoglu/.local/bin:/usr/local/sbin:/usr/local/bin:/usr/sbin:/usr/bin:/sbin:/bin:/usr/games:/usr/local/games:/snap/bin:/snap/bin'), ('SESSION_MANAGER', 'local/enesisaoglu-Stealth-16-AI-Studio-A1VGG:@/tmp/.ICE-unix/2016,unix/enesisaoglu-Stealth-16-AI-Studio-A1VGG:/tmp/.ICE-unix/2016'), ('INVOCATION_ID', '4c2109d650d54d49aba5bca122939b3a'), ('XDG_MENU_PREFIX', 'gnome-'), ('LC_ADDRESS', 'tr_TR.UTF-8'), ('GNOME_SETUP_DISPLAY', ':1'), ('XDG_RUNTIME_DIR', '/run/user/1000'), ('DISPLAY', ':0'), ('TERMINATOR_DBUS_PATH', '/net/tenshu/Terminator2'), ('LANG', 'en_US.UTF-8'), ('XDG_CURRENT_DESKTOP', 'ubuntu:GNOME'), ('IBUS_DISABLE_SNOOPER', '1'), ('LC_TELEPHONE', 'tr_TR.UTF-8'), ('XMODIFIERS', '@im=ibus'), ('XDG_SESSION_DESKTOP', 'ubuntu'), ('XAUTHORITY', '/run/user/1000/.mutter-Xwaylandauth.AKHB42'), ('SSH_AGENT_LAUNCHER', 'gnome-keyring'), ('SSH_AUTH_SOCK', '/run/user/1000/keyring/ssh'), ('AMENT_PREFIX_PATH', '/home/enesisaoglu/rmis_ws/install/kinect2_registration:/opt/ros/humble'), ('SHELL', '/bin/bash'), ('LC_NAME', 'tr_TR.UTF-8'), ('TERMINATOR_UUID', 'urn:uuid:32ffa0ce-3242-4118-82cf-2dcdb1ee36e5'), ('QT_ACCESSIBILITY', '1'), ('GDMSESSION', 'ubuntu'), ('LESSCLOSE', '/usr/bin/lesspipe %s %s'), ('LC_MEASUREMENT', 'tr_TR.UTF-8'), ('GJS_DEBUG_OUTPUT', 'stderr'), ('LC_IDENTIFICATION', 'tr_TR.UTF-8'), ('QT_IM_MODULE', 'ibus'), ('PWD', '/home/enesisaoglu/rmis_ws/build/kinect2_bridge'), ('LC_ALL', 'en_US.UTF-8'), ('XDG_CONFIG_DIRS', '/etc/xdg/xdg-ubuntu:/etc/xdg'), ('XDG_DATA_DIRS', '/usr/share/ubuntu:/home/enesisaoglu/.local/share/flatpak/exports/share:/var/lib/flatpak/exports/share:/usr/local/share/:/usr/share/:/var/lib/snapd/desktop'), ('PYTHONPATH', '/opt/ros/humble/lib/python3.10/site-packages:/opt/ros/humble/local/lib/python3.10/dist-packages'), ('LC_NUMERIC', 'tr_TR.UTF-8'), ('LC_PAPER', 'tr_TR.UTF-8'), ('COLCON', '1'), ('VTE_VERSION', '6800'), ('CMAKE_PREFIX_PATH', '/home/enesisaoglu/rmis_ws/install/kinect2_registration:/opt/ros/humble')]), 'shell': False}
[0.219685] (kinect2_bridge) StdoutLine: {'line': b'-- Install configuration: ""\n'}
[0.220432] (kinect2_bridge) StdoutLine: {'line': b'-- Up-to-date: /home/enesisaoglu/rmis_ws/install/kinect2_bridge/lib/kinect2_bridge/kinect2_bridge\n'}
[0.220564] (kinect2_bridge) StdoutLine: {'line': b'-- Up-to-date: /home/enesisaoglu/rmis_ws/install/kinect2_bridge/include\n'}
[0.220659] (kinect2_bridge) StdoutLine: {'line': b'-- Up-to-date: /home/enesisaoglu/rmis_ws/install/kinect2_bridge/include/kinect2_bridge\n'}
[0.220753] (kinect2_bridge) StdoutLine: {'line': b'-- Up-to-date: /home/enesisaoglu/rmis_ws/install/kinect2_bridge/include/kinect2_bridge/kinect2_definitions.h\n'}
[0.220867] (kinect2_bridge) StdoutLine: {'line': b'-- Up-to-date: /home/enesisaoglu/rmis_ws/install/kinect2_bridge/share/kinect2_bridge/launch\n'}
[0.221029] (kinect2_bridge) StdoutLine: {'line': b'-- Installing: /home/enesisaoglu/rmis_ws/install/kinect2_bridge/share/kinect2_bridge/launch/kinect2_bridge.launch.py\n'}
[0.221381] (kinect2_bridge) StdoutLine: {'line': b'-- Up-to-date: /home/enesisaoglu/rmis_ws/install/kinect2_bridge/share/ament_index/resource_index/package_run_dependencies/kinect2_bridge\n'}
[0.221474] (kinect2_bridge) StdoutLine: {'line': b'-- Up-to-date: /home/enesisaoglu/rmis_ws/install/kinect2_bridge/share/ament_index/resource_index/parent_prefix_path/kinect2_bridge\n'}
[0.221540] (kinect2_bridge) StdoutLine: {'line': b'-- Up-to-date: /home/enesisaoglu/rmis_ws/install/kinect2_bridge/share/kinect2_bridge/environment/ament_prefix_path.sh\n'}
[0.221599] (kinect2_bridge) StdoutLine: {'line': b'-- Up-to-date: /home/enesisaoglu/rmis_ws/install/kinect2_bridge/share/kinect2_bridge/environment/ament_prefix_path.dsv\n'}
[0.221668] (kinect2_bridge) StdoutLine: {'line': b'-- Up-to-date: /home/enesisaoglu/rmis_ws/install/kinect2_bridge/share/kinect2_bridge/environment/path.sh\n'}
[0.221755] (kinect2_bridge) StdoutLine: {'line': b'-- Up-to-date: /home/enesisaoglu/rmis_ws/install/kinect2_bridge/share/kinect2_bridge/environment/path.dsv\n'}
[0.221821] (kinect2_bridge) StdoutLine: {'line': b'-- Up-to-date: /home/enesisaoglu/rmis_ws/install/kinect2_bridge/share/kinect2_bridge/local_setup.bash\n'}
[0.221881] (kinect2_bridge) StdoutLine: {'line': b'-- Up-to-date: /home/enesisaoglu/rmis_ws/install/kinect2_bridge/share/kinect2_bridge/local_setup.sh\n'}
[0.221911] (kinect2_bridge) StdoutLine: {'line': b'-- Up-to-date: /home/enesisaoglu/rmis_ws/install/kinect2_bridge/share/kinect2_bridge/local_setup.zsh\n'}
[0.221941] (kinect2_bridge) StdoutLine: {'line': b'-- Up-to-date: /home/enesisaoglu/rmis_ws/install/kinect2_bridge/share/kinect2_bridge/local_setup.dsv\n'}
[0.221971] (kinect2_bridge) StdoutLine: {'line': b'-- Installing: /home/enesisaoglu/rmis_ws/install/kinect2_bridge/share/kinect2_bridge/package.dsv\n'}
[0.222028] (kinect2_bridge) StdoutLine: {'line': b'-- Up-to-date: /home/enesisaoglu/rmis_ws/install/kinect2_bridge/share/ament_index/resource_index/packages/kinect2_bridge\n'}
[0.222108] (kinect2_bridge) StdoutLine: {'line': b'-- Up-to-date: /home/enesisaoglu/rmis_ws/install/kinect2_bridge/share/kinect2_bridge/cmake/ament_cmake_export_include_directories-extras.cmake\n'}
[0.222176] (kinect2_bridge) StdoutLine: {'line': b'-- Up-to-date: /home/enesisaoglu/rmis_ws/install/kinect2_bridge/share/kinect2_bridge/cmake/ament_cmake_export_dependencies-extras.cmake\n'}
[0.222240] (kinect2_bridge) StdoutLine: {'line': b'-- Up-to-date: /home/enesisaoglu/rmis_ws/install/kinect2_bridge/share/kinect2_bridge/cmake/kinect2_bridgeConfig.cmake\n'}
[0.222275] (kinect2_bridge) StdoutLine: {'line': b'-- Up-to-date: /home/enesisaoglu/rmis_ws/install/kinect2_bridge/share/kinect2_bridge/cmake/kinect2_bridgeConfig-version.cmake\n'}
[0.222329] (kinect2_bridge) StdoutLine: {'line': b'-- Up-to-date: /home/enesisaoglu/rmis_ws/install/kinect2_bridge/share/kinect2_bridge/package.xml\n'}
[0.223576] (kinect2_bridge) CommandEnded: {'returncode': 0}
[0.230875] (kinect2_bridge) JobEnded: {'identifier': 'kinect2_bridge', 'rc': 0}
[0.231255] (-) EventReactorShutdown: {}
