[0.078s] DEBUG:colcon:Command line arguments: ['/usr/bin/colcon', 'build']
[0.078s] DEBUG:colcon:Parsed command line arguments: Namespace(log_base=None, log_level=None, verb_name='build', build_base='build', install_base='install', merge_install=False, symlink_install=False, test_result_base=None, continue_on_error=False, executor='parallel', parallel_workers=22, event_handlers=None, ignore_user_meta=False, metas=['./colcon.meta'], base_paths=['.'], packages_ignore=None, packages_ignore_regex=None, paths=None, packages_up_to=None, packages_up_to_regex=None, packages_above=None, packages_above_and_dependencies=None, packages_above_depth=None, packages_select_by_dep=None, packages_skip_by_dep=None, packages_skip_up_to=None, packages_select_build_failed=False, packages_skip_build_finished=False, packages_select_test_failures=False, packages_skip_test_passed=False, packages_select=None, packages_skip=None, packages_select_regex=None, packages_skip_regex=None, packages_start=None, packages_end=None, allow_overriding=[], cmake_args=None, cmake_target=None, cmake_target_skip_unavailable=False, cmake_clean_cache=False, cmake_clean_first=False, cmake_force_configure=False, ament_cmake_args=None, catkin_cmake_args=None, catkin_skip_building_tests=False, mixin_files=None, mixin=None, verb_parser=<colcon_mixin.mixin.mixin_argument.MixinArgumentDecorator object at 0x741345658e50>, verb_extension=<colcon_core.verb.build.BuildVerb object at 0x7413456586d0>, main=<bound method BuildVerb.main of <colcon_core.verb.build.BuildVerb object at 0x7413456586d0>>, mixin_verb=('build',))
[0.197s] Level 1:colcon.colcon_core.package_discovery:discover_packages(colcon_meta) check parameters
[0.197s] Level 1:colcon.colcon_core.package_discovery:discover_packages(recursive) check parameters
[0.197s] Level 1:colcon.colcon_core.package_discovery:discover_packages(ignore) check parameters
[0.197s] Level 1:colcon.colcon_core.package_discovery:discover_packages(path) check parameters
[0.197s] Level 1:colcon.colcon_core.package_discovery:discover_packages(colcon_meta) discover
[0.197s] Level 1:colcon.colcon_core.package_discovery:discover_packages(recursive) discover
[0.197s] INFO:colcon.colcon_core.package_discovery:Crawling recursively for packages in '/home/enesisaoglu/rmis_ws'
[0.197s] Level 1:colcon.colcon_core.package_identification:_identify(.) by extensions ['ignore', 'ignore_ament_install']
[0.197s] Level 1:colcon.colcon_core.package_identification:_identify(.) by extension 'ignore'
[0.197s] Level 1:colcon.colcon_core.package_identification:_identify(.) by extension 'ignore_ament_install'
[0.197s] Level 1:colcon.colcon_core.package_identification:_identify(.) by extensions ['colcon_pkg']
[0.197s] Level 1:colcon.colcon_core.package_identification:_identify(.) by extension 'colcon_pkg'
[0.197s] Level 1:colcon.colcon_core.package_identification:_identify(.) by extensions ['colcon_meta']
[0.197s] Level 1:colcon.colcon_core.package_identification:_identify(.) by extension 'colcon_meta'
[0.197s] Level 1:colcon.colcon_core.package_identification:_identify(.) by extensions ['ros']
[0.197s] Level 1:colcon.colcon_core.package_identification:_identify(.) by extension 'ros'
[0.204s] Level 1:colcon.colcon_core.package_identification:_identify(.) by extensions ['cmake', 'python']
[0.204s] Level 1:colcon.colcon_core.package_identification:_identify(.) by extension 'cmake'
[0.204s] Level 1:colcon.colcon_core.package_identification:_identify(.) by extension 'python'
[0.204s] Level 1:colcon.colcon_core.package_identification:_identify(.) by extensions ['python_setup_py']
[0.204s] Level 1:colcon.colcon_core.package_identification:_identify(.) by extension 'python_setup_py'
[0.204s] Level 1:colcon.colcon_core.package_identification:_identify(build) by extensions ['ignore', 'ignore_ament_install']
[0.204s] Level 1:colcon.colcon_core.package_identification:_identify(build) by extension 'ignore'
[0.204s] Level 1:colcon.colcon_core.package_identification:_identify(build) ignored
[0.205s] Level 1:colcon.colcon_core.package_identification:_identify(install) by extensions ['ignore', 'ignore_ament_install']
[0.205s] Level 1:colcon.colcon_core.package_identification:_identify(install) by extension 'ignore'
[0.205s] Level 1:colcon.colcon_core.package_identification:_identify(install) ignored
[0.205s] Level 1:colcon.colcon_core.package_identification:_identify(log) by extensions ['ignore', 'ignore_ament_install']
[0.205s] Level 1:colcon.colcon_core.package_identification:_identify(log) by extension 'ignore'
[0.205s] Level 1:colcon.colcon_core.package_identification:_identify(log) ignored
[0.205s] Level 1:colcon.colcon_core.package_identification:_identify(src) by extensions ['ignore', 'ignore_ament_install']
[0.205s] Level 1:colcon.colcon_core.package_identification:_identify(src) by extension 'ignore'
[0.205s] Level 1:colcon.colcon_core.package_identification:_identify(src) by extension 'ignore_ament_install'
[0.205s] Level 1:colcon.colcon_core.package_identification:_identify(src) by extensions ['colcon_pkg']
[0.205s] Level 1:colcon.colcon_core.package_identification:_identify(src) by extension 'colcon_pkg'
[0.205s] Level 1:colcon.colcon_core.package_identification:_identify(src) by extensions ['colcon_meta']
[0.205s] Level 1:colcon.colcon_core.package_identification:_identify(src) by extension 'colcon_meta'
[0.205s] Level 1:colcon.colcon_core.package_identification:_identify(src) by extensions ['ros']
[0.205s] Level 1:colcon.colcon_core.package_identification:_identify(src) by extension 'ros'
[0.205s] Level 1:colcon.colcon_core.package_identification:_identify(src) by extensions ['cmake', 'python']
[0.205s] Level 1:colcon.colcon_core.package_identification:_identify(src) by extension 'cmake'
[0.205s] Level 1:colcon.colcon_core.package_identification:_identify(src) by extension 'python'
[0.205s] Level 1:colcon.colcon_core.package_identification:_identify(src) by extensions ['python_setup_py']
[0.205s] Level 1:colcon.colcon_core.package_identification:_identify(src) by extension 'python_setup_py'
[0.205s] Level 1:colcon.colcon_core.package_identification:_identify(src/kinect2_ros2) by extensions ['ignore', 'ignore_ament_install']
[0.205s] Level 1:colcon.colcon_core.package_identification:_identify(src/kinect2_ros2) by extension 'ignore'
[0.205s] Level 1:colcon.colcon_core.package_identification:_identify(src/kinect2_ros2) by extension 'ignore_ament_install'
[0.205s] Level 1:colcon.colcon_core.package_identification:_identify(src/kinect2_ros2) by extensions ['colcon_pkg']
[0.205s] Level 1:colcon.colcon_core.package_identification:_identify(src/kinect2_ros2) by extension 'colcon_pkg'
[0.205s] Level 1:colcon.colcon_core.package_identification:_identify(src/kinect2_ros2) by extensions ['colcon_meta']
[0.205s] Level 1:colcon.colcon_core.package_identification:_identify(src/kinect2_ros2) by extension 'colcon_meta'
[0.205s] Level 1:colcon.colcon_core.package_identification:_identify(src/kinect2_ros2) by extensions ['ros']
[0.205s] Level 1:colcon.colcon_core.package_identification:_identify(src/kinect2_ros2) by extension 'ros'
[0.205s] Level 1:colcon.colcon_core.package_identification:_identify(src/kinect2_ros2) by extensions ['cmake', 'python']
[0.205s] Level 1:colcon.colcon_core.package_identification:_identify(src/kinect2_ros2) by extension 'cmake'
[0.205s] Level 1:colcon.colcon_core.package_identification:_identify(src/kinect2_ros2) by extension 'python'
[0.205s] Level 1:colcon.colcon_core.package_identification:_identify(src/kinect2_ros2) by extensions ['python_setup_py']
[0.205s] Level 1:colcon.colcon_core.package_identification:_identify(src/kinect2_ros2) by extension 'python_setup_py'
[0.205s] Level 1:colcon.colcon_core.package_identification:_identify(src/kinect2_ros2/imgs) by extensions ['ignore', 'ignore_ament_install']
[0.205s] Level 1:colcon.colcon_core.package_identification:_identify(src/kinect2_ros2/imgs) by extension 'ignore'
[0.205s] Level 1:colcon.colcon_core.package_identification:_identify(src/kinect2_ros2/imgs) by extension 'ignore_ament_install'
[0.205s] Level 1:colcon.colcon_core.package_identification:_identify(src/kinect2_ros2/imgs) by extensions ['colcon_pkg']
[0.206s] Level 1:colcon.colcon_core.package_identification:_identify(src/kinect2_ros2/imgs) by extension 'colcon_pkg'
[0.206s] Level 1:colcon.colcon_core.package_identification:_identify(src/kinect2_ros2/imgs) by extensions ['colcon_meta']
[0.206s] Level 1:colcon.colcon_core.package_identification:_identify(src/kinect2_ros2/imgs) by extension 'colcon_meta'
[0.206s] Level 1:colcon.colcon_core.package_identification:_identify(src/kinect2_ros2/imgs) by extensions ['ros']
[0.206s] Level 1:colcon.colcon_core.package_identification:_identify(src/kinect2_ros2/imgs) by extension 'ros'
[0.206s] Level 1:colcon.colcon_core.package_identification:_identify(src/kinect2_ros2/imgs) by extensions ['cmake', 'python']
[0.206s] Level 1:colcon.colcon_core.package_identification:_identify(src/kinect2_ros2/imgs) by extension 'cmake'
[0.206s] Level 1:colcon.colcon_core.package_identification:_identify(src/kinect2_ros2/imgs) by extension 'python'
[0.206s] Level 1:colcon.colcon_core.package_identification:_identify(src/kinect2_ros2/imgs) by extensions ['python_setup_py']
[0.206s] Level 1:colcon.colcon_core.package_identification:_identify(src/kinect2_ros2/imgs) by extension 'python_setup_py'
[0.206s] Level 1:colcon.colcon_core.package_identification:_identify(src/kinect2_ros2/kinect2_bridge) by extensions ['ignore', 'ignore_ament_install']
[0.206s] Level 1:colcon.colcon_core.package_identification:_identify(src/kinect2_ros2/kinect2_bridge) by extension 'ignore'
[0.206s] Level 1:colcon.colcon_core.package_identification:_identify(src/kinect2_ros2/kinect2_bridge) by extension 'ignore_ament_install'
[0.206s] Level 1:colcon.colcon_core.package_identification:_identify(src/kinect2_ros2/kinect2_bridge) by extensions ['colcon_pkg']
[0.206s] Level 1:colcon.colcon_core.package_identification:_identify(src/kinect2_ros2/kinect2_bridge) by extension 'colcon_pkg'
[0.206s] Level 1:colcon.colcon_core.package_identification:_identify(src/kinect2_ros2/kinect2_bridge) by extensions ['colcon_meta']
[0.206s] Level 1:colcon.colcon_core.package_identification:_identify(src/kinect2_ros2/kinect2_bridge) by extension 'colcon_meta'
[0.206s] Level 1:colcon.colcon_core.package_identification:_identify(src/kinect2_ros2/kinect2_bridge) by extensions ['ros']
[0.206s] Level 1:colcon.colcon_core.package_identification:_identify(src/kinect2_ros2/kinect2_bridge) by extension 'ros'
[0.208s] DEBUG:colcon.colcon_core.package_identification:Package 'src/kinect2_ros2/kinect2_bridge' with type 'ros.ament_cmake' and name 'kinect2_bridge'
[0.208s] Level 1:colcon.colcon_core.package_identification:_identify(src/kinect2_ros2/kinect2_registration) by extensions ['ignore', 'ignore_ament_install']
[0.208s] Level 1:colcon.colcon_core.package_identification:_identify(src/kinect2_ros2/kinect2_registration) by extension 'ignore'
[0.208s] Level 1:colcon.colcon_core.package_identification:_identify(src/kinect2_ros2/kinect2_registration) by extension 'ignore_ament_install'
[0.208s] Level 1:colcon.colcon_core.package_identification:_identify(src/kinect2_ros2/kinect2_registration) by extensions ['colcon_pkg']
[0.208s] Level 1:colcon.colcon_core.package_identification:_identify(src/kinect2_ros2/kinect2_registration) by extension 'colcon_pkg'
[0.208s] Level 1:colcon.colcon_core.package_identification:_identify(src/kinect2_ros2/kinect2_registration) by extensions ['colcon_meta']
[0.208s] Level 1:colcon.colcon_core.package_identification:_identify(src/kinect2_ros2/kinect2_registration) by extension 'colcon_meta'
[0.208s] Level 1:colcon.colcon_core.package_identification:_identify(src/kinect2_ros2/kinect2_registration) by extensions ['ros']
[0.208s] Level 1:colcon.colcon_core.package_identification:_identify(src/kinect2_ros2/kinect2_registration) by extension 'ros'
[0.209s] DEBUG:colcon.colcon_core.package_identification:Package 'src/kinect2_ros2/kinect2_registration' with type 'ros.ament_cmake' and name 'kinect2_registration'
[0.209s] Level 1:colcon.colcon_core.package_identification:_identify(src/rmis_description) by extensions ['ignore', 'ignore_ament_install']
[0.209s] Level 1:colcon.colcon_core.package_identification:_identify(src/rmis_description) by extension 'ignore'
[0.209s] Level 1:colcon.colcon_core.package_identification:_identify(src/rmis_description) by extension 'ignore_ament_install'
[0.209s] Level 1:colcon.colcon_core.package_identification:_identify(src/rmis_description) by extensions ['colcon_pkg']
[0.209s] Level 1:colcon.colcon_core.package_identification:_identify(src/rmis_description) by extension 'colcon_pkg'
[0.209s] Level 1:colcon.colcon_core.package_identification:_identify(src/rmis_description) by extensions ['colcon_meta']
[0.209s] Level 1:colcon.colcon_core.package_identification:_identify(src/rmis_description) by extension 'colcon_meta'
[0.209s] Level 1:colcon.colcon_core.package_identification:_identify(src/rmis_description) by extensions ['ros']
[0.209s] Level 1:colcon.colcon_core.package_identification:_identify(src/rmis_description) by extension 'ros'
[0.209s] DEBUG:colcon.colcon_core.package_identification:Package 'src/rmis_description' with type 'ros.ament_cmake' and name 'rmis_description'
[0.209s] Level 1:colcon.colcon_core.package_discovery:discover_packages(recursive) using defaults
[0.209s] Level 1:colcon.colcon_core.package_discovery:discover_packages(ignore) discover
[0.209s] Level 1:colcon.colcon_core.package_discovery:discover_packages(ignore) using defaults
[0.209s] Level 1:colcon.colcon_core.package_discovery:discover_packages(path) discover
[0.209s] Level 1:colcon.colcon_core.package_discovery:discover_packages(path) using defaults
[0.230s] Level 1:colcon.colcon_core.package_discovery:discover_packages(prefix_path) check parameters
[0.230s] Level 1:colcon.colcon_core.package_discovery:discover_packages(prefix_path) discover
[0.231s] DEBUG:colcon.colcon_installed_package_information.package_discovery:Found 278 installed packages in /opt/ros/humble
[0.232s] Level 1:colcon.colcon_core.package_discovery:discover_packages(prefix_path) using defaults
[0.250s] Level 5:colcon.colcon_core.verb:set package 'kinect2_registration' build argument 'cmake_args' from command line to 'None'
[0.250s] Level 5:colcon.colcon_core.verb:set package 'kinect2_registration' build argument 'cmake_target' from command line to 'None'
[0.250s] Level 5:colcon.colcon_core.verb:set package 'kinect2_registration' build argument 'cmake_target_skip_unavailable' from command line to 'False'
[0.250s] Level 5:colcon.colcon_core.verb:set package 'kinect2_registration' build argument 'cmake_clean_cache' from command line to 'False'
[0.250s] Level 5:colcon.colcon_core.verb:set package 'kinect2_registration' build argument 'cmake_clean_first' from command line to 'False'
[0.250s] Level 5:colcon.colcon_core.verb:set package 'kinect2_registration' build argument 'cmake_force_configure' from command line to 'False'
[0.250s] Level 5:colcon.colcon_core.verb:set package 'kinect2_registration' build argument 'ament_cmake_args' from command line to 'None'
[0.250s] Level 5:colcon.colcon_core.verb:set package 'kinect2_registration' build argument 'catkin_cmake_args' from command line to 'None'
[0.250s] Level 5:colcon.colcon_core.verb:set package 'kinect2_registration' build argument 'catkin_skip_building_tests' from command line to 'False'
[0.250s] DEBUG:colcon.colcon_core.verb:Building package 'kinect2_registration' with the following arguments: {'ament_cmake_args': None, 'build_base': '/home/enesisaoglu/rmis_ws/build/kinect2_registration', 'catkin_cmake_args': None, 'catkin_skip_building_tests': False, 'cmake_args': None, 'cmake_clean_cache': False, 'cmake_clean_first': False, 'cmake_force_configure': False, 'cmake_target': None, 'cmake_target_skip_unavailable': False, 'install_base': '/home/enesisaoglu/rmis_ws/install/kinect2_registration', 'merge_install': False, 'path': '/home/enesisaoglu/rmis_ws/src/kinect2_ros2/kinect2_registration', 'symlink_install': False, 'test_result_base': None}
[0.251s] Level 5:colcon.colcon_core.verb:set package 'rmis_description' build argument 'cmake_args' from command line to 'None'
[0.251s] Level 5:colcon.colcon_core.verb:set package 'rmis_description' build argument 'cmake_target' from command line to 'None'
[0.251s] Level 5:colcon.colcon_core.verb:set package 'rmis_description' build argument 'cmake_target_skip_unavailable' from command line to 'False'
[0.251s] Level 5:colcon.colcon_core.verb:set package 'rmis_description' build argument 'cmake_clean_cache' from command line to 'False'
[0.251s] Level 5:colcon.colcon_core.verb:set package 'rmis_description' build argument 'cmake_clean_first' from command line to 'False'
[0.251s] Level 5:colcon.colcon_core.verb:set package 'rmis_description' build argument 'cmake_force_configure' from command line to 'False'
[0.251s] Level 5:colcon.colcon_core.verb:set package 'rmis_description' build argument 'ament_cmake_args' from command line to 'None'
[0.251s] Level 5:colcon.colcon_core.verb:set package 'rmis_description' build argument 'catkin_cmake_args' from command line to 'None'
[0.251s] Level 5:colcon.colcon_core.verb:set package 'rmis_description' build argument 'catkin_skip_building_tests' from command line to 'False'
[0.251s] DEBUG:colcon.colcon_core.verb:Building package 'rmis_description' with the following arguments: {'ament_cmake_args': None, 'build_base': '/home/enesisaoglu/rmis_ws/build/rmis_description', 'catkin_cmake_args': None, 'catkin_skip_building_tests': False, 'cmake_args': None, 'cmake_clean_cache': False, 'cmake_clean_first': False, 'cmake_force_configure': False, 'cmake_target': None, 'cmake_target_skip_unavailable': False, 'install_base': '/home/enesisaoglu/rmis_ws/install/rmis_description', 'merge_install': False, 'path': '/home/enesisaoglu/rmis_ws/src/rmis_description', 'symlink_install': False, 'test_result_base': None}
[0.251s] Level 5:colcon.colcon_core.verb:set package 'kinect2_bridge' build argument 'cmake_args' from command line to 'None'
[0.251s] Level 5:colcon.colcon_core.verb:set package 'kinect2_bridge' build argument 'cmake_target' from command line to 'None'
[0.251s] Level 5:colcon.colcon_core.verb:set package 'kinect2_bridge' build argument 'cmake_target_skip_unavailable' from command line to 'False'
[0.251s] Level 5:colcon.colcon_core.verb:set package 'kinect2_bridge' build argument 'cmake_clean_cache' from command line to 'False'
[0.251s] Level 5:colcon.colcon_core.verb:set package 'kinect2_bridge' build argument 'cmake_clean_first' from command line to 'False'
[0.251s] Level 5:colcon.colcon_core.verb:set package 'kinect2_bridge' build argument 'cmake_force_configure' from command line to 'False'
[0.251s] Level 5:colcon.colcon_core.verb:set package 'kinect2_bridge' build argument 'ament_cmake_args' from command line to 'None'
[0.251s] Level 5:colcon.colcon_core.verb:set package 'kinect2_bridge' build argument 'catkin_cmake_args' from command line to 'None'
[0.251s] Level 5:colcon.colcon_core.verb:set package 'kinect2_bridge' build argument 'catkin_skip_building_tests' from command line to 'False'
[0.251s] DEBUG:colcon.colcon_core.verb:Building package 'kinect2_bridge' with the following arguments: {'ament_cmake_args': None, 'build_base': '/home/enesisaoglu/rmis_ws/build/kinect2_bridge', 'catkin_cmake_args': None, 'catkin_skip_building_tests': False, 'cmake_args': None, 'cmake_clean_cache': False, 'cmake_clean_first': False, 'cmake_force_configure': False, 'cmake_target': None, 'cmake_target_skip_unavailable': False, 'install_base': '/home/enesisaoglu/rmis_ws/install/kinect2_bridge', 'merge_install': False, 'path': '/home/enesisaoglu/rmis_ws/src/kinect2_ros2/kinect2_bridge', 'symlink_install': False, 'test_result_base': None}
[0.251s] INFO:colcon.colcon_core.executor:Executing jobs using 'parallel' executor
[0.252s] DEBUG:colcon.colcon_parallel_executor.executor.parallel:run_until_complete
[0.252s] INFO:colcon.colcon_ros.task.ament_cmake.build:Building ROS package in '/home/enesisaoglu/rmis_ws/src/kinect2_ros2/kinect2_registration' with build type 'ament_cmake'
[0.252s] INFO:colcon.colcon_cmake.task.cmake.build:Building CMake package in '/home/enesisaoglu/rmis_ws/src/kinect2_ros2/kinect2_registration'
[0.255s] INFO:colcon.colcon_core.plugin_system:Skipping extension 'colcon_core.shell.bat': Not used on non-Windows systems
[0.255s] INFO:colcon.colcon_core.shell:Skip shell extension 'powershell' for command environment: Not usable outside of PowerShell
[0.255s] DEBUG:colcon.colcon_core.shell:Skip shell extension 'dsv' for command environment
[0.257s] INFO:colcon.colcon_ros.task.ament_cmake.build:Building ROS package in '/home/enesisaoglu/rmis_ws/src/rmis_description' with build type 'ament_cmake'
[0.257s] INFO:colcon.colcon_cmake.task.cmake.build:Building CMake package in '/home/enesisaoglu/rmis_ws/src/rmis_description'
[0.257s] INFO:colcon.colcon_core.shell:Skip shell extension 'powershell' for command environment: Not usable outside of PowerShell
[0.257s] DEBUG:colcon.colcon_core.shell:Skip shell extension 'dsv' for command environment
[0.265s] DEBUG:colcon.colcon_core.event_handler.log_command:Invoking command in '/home/enesisaoglu/rmis_ws/build/kinect2_registration': CMAKE_PREFIX_PATH=/opt/ros/humble /usr/bin/cmake --build /home/enesisaoglu/rmis_ws/build/kinect2_registration -- -j22 -l22
[0.267s] DEBUG:colcon.colcon_core.event_handler.log_command:Invoking command in '/home/enesisaoglu/rmis_ws/build/rmis_description': CMAKE_PREFIX_PATH=/opt/ros/humble /usr/bin/cmake --build /home/enesisaoglu/rmis_ws/build/rmis_description -- -j22 -l22
[0.311s] DEBUG:colcon.colcon_core.event_handler.log_command:Invoked command in '/home/enesisaoglu/rmis_ws/build/rmis_description' returned '0': CMAKE_PREFIX_PATH=/opt/ros/humble /usr/bin/cmake --build /home/enesisaoglu/rmis_ws/build/rmis_description -- -j22 -l22
[0.320s] DEBUG:colcon.colcon_core.event_handler.log_command:Invoking command in '/home/enesisaoglu/rmis_ws/build/rmis_description': CMAKE_PREFIX_PATH=/opt/ros/humble /usr/bin/cmake --install /home/enesisaoglu/rmis_ws/build/rmis_description
[0.363s] DEBUG:colcon.colcon_core.event_handler.log_command:Invoked command in '/home/enesisaoglu/rmis_ws/build/kinect2_registration' returned '0': CMAKE_PREFIX_PATH=/opt/ros/humble /usr/bin/cmake --build /home/enesisaoglu/rmis_ws/build/kinect2_registration -- -j22 -l22
[0.365s] DEBUG:colcon.colcon_core.event_handler.log_command:Invoking command in '/home/enesisaoglu/rmis_ws/build/kinect2_registration': CMAKE_PREFIX_PATH=/opt/ros/humble /usr/bin/cmake --install /home/enesisaoglu/rmis_ws/build/kinect2_registration
[0.374s] Level 1:colcon.colcon_core.environment:create_environment_scripts_only(kinect2_registration)
[0.374s] DEBUG:colcon.colcon_core.event_handler.log_command:Invoked command in '/home/enesisaoglu/rmis_ws/build/kinect2_registration' returned '0': CMAKE_PREFIX_PATH=/opt/ros/humble /usr/bin/cmake --install /home/enesisaoglu/rmis_ws/build/kinect2_registration
[0.380s] Level 1:colcon.colcon_core.environment:checking '/home/enesisaoglu/rmis_ws/install/kinect2_registration' for CMake module files
[0.380s] Level 1:colcon.colcon_core.environment:checking '/home/enesisaoglu/rmis_ws/install/kinect2_registration' for CMake config files
[0.380s] Level 1:colcon.colcon_core.shell:create_environment_hook('kinect2_registration', 'cmake_prefix_path')
[0.380s] INFO:colcon.colcon_core.shell:Creating environment hook '/home/enesisaoglu/rmis_ws/install/kinect2_registration/share/kinect2_registration/hook/cmake_prefix_path.ps1'
[0.381s] INFO:colcon.colcon_core.shell:Creating environment descriptor '/home/enesisaoglu/rmis_ws/install/kinect2_registration/share/kinect2_registration/hook/cmake_prefix_path.dsv'
[0.382s] INFO:colcon.colcon_core.shell:Creating environment hook '/home/enesisaoglu/rmis_ws/install/kinect2_registration/share/kinect2_registration/hook/cmake_prefix_path.sh'
[0.383s] Level 1:colcon.colcon_core.environment:checking '/home/enesisaoglu/rmis_ws/install/kinect2_registration/lib'
[0.383s] Level 1:colcon.colcon_core.shell:create_environment_hook('kinect2_registration', 'ld_library_path_lib')
[0.383s] INFO:colcon.colcon_core.shell:Creating environment hook '/home/enesisaoglu/rmis_ws/install/kinect2_registration/share/kinect2_registration/hook/ld_library_path_lib.ps1'
[0.383s] INFO:colcon.colcon_core.shell:Creating environment descriptor '/home/enesisaoglu/rmis_ws/install/kinect2_registration/share/kinect2_registration/hook/ld_library_path_lib.dsv'
[0.383s] INFO:colcon.colcon_core.shell:Creating environment hook '/home/enesisaoglu/rmis_ws/install/kinect2_registration/share/kinect2_registration/hook/ld_library_path_lib.sh'
[0.383s] Level 1:colcon.colcon_core.environment:checking '/home/enesisaoglu/rmis_ws/install/kinect2_registration/bin'
[0.383s] Level 1:colcon.colcon_core.environment:checking '/home/enesisaoglu/rmis_ws/install/kinect2_registration/lib/pkgconfig/kinect2_registration.pc'
[0.384s] Level 1:colcon.colcon_core.environment:checking '/home/enesisaoglu/rmis_ws/install/kinect2_registration/lib/python3.10/site-packages'
[0.384s] Level 1:colcon.colcon_core.environment:checking '/home/enesisaoglu/rmis_ws/install/kinect2_registration/bin'
[0.384s] INFO:colcon.colcon_core.shell:Creating package script '/home/enesisaoglu/rmis_ws/install/kinect2_registration/share/kinect2_registration/package.ps1'
[0.385s] INFO:colcon.colcon_core.shell:Creating package descriptor '/home/enesisaoglu/rmis_ws/install/kinect2_registration/share/kinect2_registration/package.dsv'
[0.385s] INFO:colcon.colcon_core.shell:Creating package script '/home/enesisaoglu/rmis_ws/install/kinect2_registration/share/kinect2_registration/package.sh'
[0.385s] INFO:colcon.colcon_core.shell:Creating package script '/home/enesisaoglu/rmis_ws/install/kinect2_registration/share/kinect2_registration/package.bash'
[0.386s] INFO:colcon.colcon_core.shell:Creating package script '/home/enesisaoglu/rmis_ws/install/kinect2_registration/share/kinect2_registration/package.zsh'
[0.387s] Level 1:colcon.colcon_core.environment:create_file_with_runtime_dependencies(/home/enesisaoglu/rmis_ws/install/kinect2_registration/share/colcon-core/packages/kinect2_registration)
[0.388s] Level 1:colcon.colcon_core.environment:create_environment_scripts_only(kinect2_registration)
[0.388s] Level 1:colcon.colcon_core.environment:checking '/home/enesisaoglu/rmis_ws/install/kinect2_registration' for CMake module files
[0.388s] Level 1:colcon.colcon_core.environment:checking '/home/enesisaoglu/rmis_ws/install/kinect2_registration' for CMake config files
[0.388s] Level 1:colcon.colcon_core.shell:create_environment_hook('kinect2_registration', 'cmake_prefix_path')
[0.388s] INFO:colcon.colcon_core.shell:Creating environment hook '/home/enesisaoglu/rmis_ws/install/kinect2_registration/share/kinect2_registration/hook/cmake_prefix_path.ps1'
[0.388s] INFO:colcon.colcon_core.shell:Creating environment descriptor '/home/enesisaoglu/rmis_ws/install/kinect2_registration/share/kinect2_registration/hook/cmake_prefix_path.dsv'
[0.389s] INFO:colcon.colcon_core.shell:Creating environment hook '/home/enesisaoglu/rmis_ws/install/kinect2_registration/share/kinect2_registration/hook/cmake_prefix_path.sh'
[0.389s] Level 1:colcon.colcon_core.environment:checking '/home/enesisaoglu/rmis_ws/install/kinect2_registration/lib'
[0.389s] Level 1:colcon.colcon_core.shell:create_environment_hook('kinect2_registration', 'ld_library_path_lib')
[0.389s] INFO:colcon.colcon_core.shell:Creating environment hook '/home/enesisaoglu/rmis_ws/install/kinect2_registration/share/kinect2_registration/hook/ld_library_path_lib.ps1'
[0.389s] INFO:colcon.colcon_core.shell:Creating environment descriptor '/home/enesisaoglu/rmis_ws/install/kinect2_registration/share/kinect2_registration/hook/ld_library_path_lib.dsv'
[0.389s] INFO:colcon.colcon_core.shell:Creating environment hook '/home/enesisaoglu/rmis_ws/install/kinect2_registration/share/kinect2_registration/hook/ld_library_path_lib.sh'
[0.390s] Level 1:colcon.colcon_core.environment:checking '/home/enesisaoglu/rmis_ws/install/kinect2_registration/bin'
[0.390s] Level 1:colcon.colcon_core.environment:checking '/home/enesisaoglu/rmis_ws/install/kinect2_registration/lib/pkgconfig/kinect2_registration.pc'
[0.390s] Level 1:colcon.colcon_core.environment:checking '/home/enesisaoglu/rmis_ws/install/kinect2_registration/lib/python3.10/site-packages'
[0.390s] Level 1:colcon.colcon_core.environment:checking '/home/enesisaoglu/rmis_ws/install/kinect2_registration/bin'
[0.390s] INFO:colcon.colcon_core.shell:Creating package script '/home/enesisaoglu/rmis_ws/install/kinect2_registration/share/kinect2_registration/package.ps1'
[0.390s] INFO:colcon.colcon_core.shell:Creating package descriptor '/home/enesisaoglu/rmis_ws/install/kinect2_registration/share/kinect2_registration/package.dsv'
[0.390s] INFO:colcon.colcon_core.shell:Creating package script '/home/enesisaoglu/rmis_ws/install/kinect2_registration/share/kinect2_registration/package.sh'
[0.391s] INFO:colcon.colcon_core.shell:Creating package script '/home/enesisaoglu/rmis_ws/install/kinect2_registration/share/kinect2_registration/package.bash'
[0.391s] INFO:colcon.colcon_core.shell:Creating package script '/home/enesisaoglu/rmis_ws/install/kinect2_registration/share/kinect2_registration/package.zsh'
[0.391s] Level 1:colcon.colcon_core.environment:create_file_with_runtime_dependencies(/home/enesisaoglu/rmis_ws/install/kinect2_registration/share/colcon-core/packages/kinect2_registration)
[0.391s] INFO:colcon.colcon_ros.task.ament_cmake.build:Building ROS package in '/home/enesisaoglu/rmis_ws/src/kinect2_ros2/kinect2_bridge' with build type 'ament_cmake'
[0.391s] INFO:colcon.colcon_cmake.task.cmake.build:Building CMake package in '/home/enesisaoglu/rmis_ws/src/kinect2_ros2/kinect2_bridge'
[0.391s] INFO:colcon.colcon_core.shell:Skip shell extension 'powershell' for command environment: Not usable outside of PowerShell
[0.391s] DEBUG:colcon.colcon_core.shell:Skip shell extension 'dsv' for command environment
[0.402s] DEBUG:colcon.colcon_core.event_handler.log_command:Invoking command in '/home/enesisaoglu/rmis_ws/build/kinect2_bridge': AMENT_PREFIX_PATH=/home/enesisaoglu/rmis_ws/install/kinect2_registration:${AMENT_PREFIX_PATH} CMAKE_PREFIX_PATH=/home/enesisaoglu/rmis_ws/install/kinect2_registration:/opt/ros/humble LD_LIBRARY_PATH=/home/enesisaoglu/rmis_ws/install/kinect2_registration/lib:${LD_LIBRARY_PATH} /usr/bin/cmake --build /home/enesisaoglu/rmis_ws/build/kinect2_bridge -- -j22 -l22
[0.425s] Level 1:colcon.colcon_core.environment:create_environment_scripts_only(rmis_description)
[0.425s] DEBUG:colcon.colcon_core.event_handler.log_command:Invoked command in '/home/enesisaoglu/rmis_ws/build/rmis_description' returned '0': CMAKE_PREFIX_PATH=/opt/ros/humble /usr/bin/cmake --install /home/enesisaoglu/rmis_ws/build/rmis_description
[0.426s] Level 1:colcon.colcon_core.environment:checking '/home/enesisaoglu/rmis_ws/install/rmis_description' for CMake module files
[0.427s] Level 1:colcon.colcon_core.environment:checking '/home/enesisaoglu/rmis_ws/install/rmis_description' for CMake config files
[0.428s] Level 1:colcon.colcon_core.shell:create_environment_hook('rmis_description', 'cmake_prefix_path')
[0.428s] INFO:colcon.colcon_core.shell:Creating environment hook '/home/enesisaoglu/rmis_ws/install/rmis_description/share/rmis_description/hook/cmake_prefix_path.ps1'
[0.429s] INFO:colcon.colcon_core.shell:Creating environment descriptor '/home/enesisaoglu/rmis_ws/install/rmis_description/share/rmis_description/hook/cmake_prefix_path.dsv'
[0.429s] INFO:colcon.colcon_core.shell:Creating environment hook '/home/enesisaoglu/rmis_ws/install/rmis_description/share/rmis_description/hook/cmake_prefix_path.sh'
[0.429s] Level 1:colcon.colcon_core.environment:checking '/home/enesisaoglu/rmis_ws/install/rmis_description/bin'
[0.430s] Level 1:colcon.colcon_core.environment:checking '/home/enesisaoglu/rmis_ws/install/rmis_description/lib/pkgconfig/rmis_description.pc'
[0.430s] Level 1:colcon.colcon_core.environment:checking '/home/enesisaoglu/rmis_ws/install/rmis_description/lib/python3.10/site-packages'
[0.430s] Level 1:colcon.colcon_core.environment:checking '/home/enesisaoglu/rmis_ws/install/rmis_description/bin'
[0.430s] INFO:colcon.colcon_core.shell:Creating package script '/home/enesisaoglu/rmis_ws/install/rmis_description/share/rmis_description/package.ps1'
[0.431s] INFO:colcon.colcon_core.shell:Creating package descriptor '/home/enesisaoglu/rmis_ws/install/rmis_description/share/rmis_description/package.dsv'
[0.431s] INFO:colcon.colcon_core.shell:Creating package script '/home/enesisaoglu/rmis_ws/install/rmis_description/share/rmis_description/package.sh'
[0.431s] INFO:colcon.colcon_core.shell:Creating package script '/home/enesisaoglu/rmis_ws/install/rmis_description/share/rmis_description/package.bash'
[0.431s] INFO:colcon.colcon_core.shell:Creating package script '/home/enesisaoglu/rmis_ws/install/rmis_description/share/rmis_description/package.zsh'
[0.432s] Level 1:colcon.colcon_core.environment:create_file_with_runtime_dependencies(/home/enesisaoglu/rmis_ws/install/rmis_description/share/colcon-core/packages/rmis_description)
[0.432s] Level 1:colcon.colcon_core.environment:create_environment_scripts_only(rmis_description)
[0.433s] Level 1:colcon.colcon_core.environment:checking '/home/enesisaoglu/rmis_ws/install/rmis_description' for CMake module files
[0.433s] Level 1:colcon.colcon_core.environment:checking '/home/enesisaoglu/rmis_ws/install/rmis_description' for CMake config files
[0.433s] Level 1:colcon.colcon_core.shell:create_environment_hook('rmis_description', 'cmake_prefix_path')
[0.433s] INFO:colcon.colcon_core.shell:Creating environment hook '/home/enesisaoglu/rmis_ws/install/rmis_description/share/rmis_description/hook/cmake_prefix_path.ps1'
[0.434s] INFO:colcon.colcon_core.shell:Creating environment descriptor '/home/enesisaoglu/rmis_ws/install/rmis_description/share/rmis_description/hook/cmake_prefix_path.dsv'
[0.434s] INFO:colcon.colcon_core.shell:Creating environment hook '/home/enesisaoglu/rmis_ws/install/rmis_description/share/rmis_description/hook/cmake_prefix_path.sh'
[0.434s] Level 1:colcon.colcon_core.environment:checking '/home/enesisaoglu/rmis_ws/install/rmis_description/bin'
[0.434s] Level 1:colcon.colcon_core.environment:checking '/home/enesisaoglu/rmis_ws/install/rmis_description/lib/pkgconfig/rmis_description.pc'
[0.435s] Level 1:colcon.colcon_core.environment:checking '/home/enesisaoglu/rmis_ws/install/rmis_description/lib/python3.10/site-packages'
[0.435s] Level 1:colcon.colcon_core.environment:checking '/home/enesisaoglu/rmis_ws/install/rmis_description/bin'
[0.435s] INFO:colcon.colcon_core.shell:Creating package script '/home/enesisaoglu/rmis_ws/install/rmis_description/share/rmis_description/package.ps1'
[0.435s] INFO:colcon.colcon_core.shell:Creating package descriptor '/home/enesisaoglu/rmis_ws/install/rmis_description/share/rmis_description/package.dsv'
[0.436s] INFO:colcon.colcon_core.shell:Creating package script '/home/enesisaoglu/rmis_ws/install/rmis_description/share/rmis_description/package.sh'
[0.436s] INFO:colcon.colcon_core.shell:Creating package script '/home/enesisaoglu/rmis_ws/install/rmis_description/share/rmis_description/package.bash'
[0.436s] INFO:colcon.colcon_core.shell:Creating package script '/home/enesisaoglu/rmis_ws/install/rmis_description/share/rmis_description/package.zsh'
[0.437s] Level 1:colcon.colcon_core.environment:create_file_with_runtime_dependencies(/home/enesisaoglu/rmis_ws/install/rmis_description/share/colcon-core/packages/rmis_description)
[0.463s] DEBUG:colcon.colcon_core.event_handler.log_command:Invoked command in '/home/enesisaoglu/rmis_ws/build/kinect2_bridge' returned '0': AMENT_PREFIX_PATH=/home/enesisaoglu/rmis_ws/install/kinect2_registration:${AMENT_PREFIX_PATH} CMAKE_PREFIX_PATH=/home/enesisaoglu/rmis_ws/install/kinect2_registration:/opt/ros/humble LD_LIBRARY_PATH=/home/enesisaoglu/rmis_ws/install/kinect2_registration/lib:${LD_LIBRARY_PATH} /usr/bin/cmake --build /home/enesisaoglu/rmis_ws/build/kinect2_bridge -- -j22 -l22
[0.465s] DEBUG:colcon.colcon_core.event_handler.log_command:Invoking command in '/home/enesisaoglu/rmis_ws/build/kinect2_bridge': AMENT_PREFIX_PATH=/home/enesisaoglu/rmis_ws/install/kinect2_registration:${AMENT_PREFIX_PATH} CMAKE_PREFIX_PATH=/home/enesisaoglu/rmis_ws/install/kinect2_registration:/opt/ros/humble LD_LIBRARY_PATH=/home/enesisaoglu/rmis_ws/install/kinect2_registration/lib:${LD_LIBRARY_PATH} /usr/bin/cmake --install /home/enesisaoglu/rmis_ws/build/kinect2_bridge
[0.476s] Level 1:colcon.colcon_core.environment:create_environment_scripts_only(kinect2_bridge)
[0.476s] Level 1:colcon.colcon_core.environment:checking '/home/enesisaoglu/rmis_ws/install/kinect2_bridge' for CMake module files
[0.476s] DEBUG:colcon.colcon_core.event_handler.log_command:Invoked command in '/home/enesisaoglu/rmis_ws/build/kinect2_bridge' returned '0': AMENT_PREFIX_PATH=/home/enesisaoglu/rmis_ws/install/kinect2_registration:${AMENT_PREFIX_PATH} CMAKE_PREFIX_PATH=/home/enesisaoglu/rmis_ws/install/kinect2_registration:/opt/ros/humble LD_LIBRARY_PATH=/home/enesisaoglu/rmis_ws/install/kinect2_registration/lib:${LD_LIBRARY_PATH} /usr/bin/cmake --install /home/enesisaoglu/rmis_ws/build/kinect2_bridge
[0.476s] Level 1:colcon.colcon_core.environment:checking '/home/enesisaoglu/rmis_ws/install/kinect2_bridge' for CMake config files
[0.477s] Level 1:colcon.colcon_core.shell:create_environment_hook('kinect2_bridge', 'cmake_prefix_path')
[0.477s] INFO:colcon.colcon_core.shell:Creating environment hook '/home/enesisaoglu/rmis_ws/install/kinect2_bridge/share/kinect2_bridge/hook/cmake_prefix_path.ps1'
[0.477s] INFO:colcon.colcon_core.shell:Creating environment descriptor '/home/enesisaoglu/rmis_ws/install/kinect2_bridge/share/kinect2_bridge/hook/cmake_prefix_path.dsv'
[0.477s] INFO:colcon.colcon_core.shell:Creating environment hook '/home/enesisaoglu/rmis_ws/install/kinect2_bridge/share/kinect2_bridge/hook/cmake_prefix_path.sh'
[0.478s] Level 1:colcon.colcon_core.environment:checking '/home/enesisaoglu/rmis_ws/install/kinect2_bridge/lib'
[0.478s] Level 1:colcon.colcon_core.environment:checking '/home/enesisaoglu/rmis_ws/install/kinect2_bridge/bin'
[0.478s] Level 1:colcon.colcon_core.environment:checking '/home/enesisaoglu/rmis_ws/install/kinect2_bridge/lib/pkgconfig/kinect2_bridge.pc'
[0.478s] Level 1:colcon.colcon_core.environment:checking '/home/enesisaoglu/rmis_ws/install/kinect2_bridge/lib/python3.10/site-packages'
[0.478s] Level 1:colcon.colcon_core.environment:checking '/home/enesisaoglu/rmis_ws/install/kinect2_bridge/bin'
[0.479s] INFO:colcon.colcon_core.shell:Creating package script '/home/enesisaoglu/rmis_ws/install/kinect2_bridge/share/kinect2_bridge/package.ps1'
[0.479s] INFO:colcon.colcon_core.shell:Creating package descriptor '/home/enesisaoglu/rmis_ws/install/kinect2_bridge/share/kinect2_bridge/package.dsv'
[0.479s] INFO:colcon.colcon_core.shell:Creating package script '/home/enesisaoglu/rmis_ws/install/kinect2_bridge/share/kinect2_bridge/package.sh'
[0.480s] INFO:colcon.colcon_core.shell:Creating package script '/home/enesisaoglu/rmis_ws/install/kinect2_bridge/share/kinect2_bridge/package.bash'
[0.480s] INFO:colcon.colcon_core.shell:Creating package script '/home/enesisaoglu/rmis_ws/install/kinect2_bridge/share/kinect2_bridge/package.zsh'
[0.480s] Level 1:colcon.colcon_core.environment:create_file_with_runtime_dependencies(/home/enesisaoglu/rmis_ws/install/kinect2_bridge/share/colcon-core/packages/kinect2_bridge)
[0.480s] Level 1:colcon.colcon_core.environment:create_environment_scripts_only(kinect2_bridge)
[0.480s] Level 1:colcon.colcon_core.environment:checking '/home/enesisaoglu/rmis_ws/install/kinect2_bridge' for CMake module files
[0.481s] Level 1:colcon.colcon_core.environment:checking '/home/enesisaoglu/rmis_ws/install/kinect2_bridge' for CMake config files
[0.481s] Level 1:colcon.colcon_core.shell:create_environment_hook('kinect2_bridge', 'cmake_prefix_path')
[0.481s] INFO:colcon.colcon_core.shell:Creating environment hook '/home/enesisaoglu/rmis_ws/install/kinect2_bridge/share/kinect2_bridge/hook/cmake_prefix_path.ps1'
[0.481s] INFO:colcon.colcon_core.shell:Creating environment descriptor '/home/enesisaoglu/rmis_ws/install/kinect2_bridge/share/kinect2_bridge/hook/cmake_prefix_path.dsv'
[0.481s] INFO:colcon.colcon_core.shell:Creating environment hook '/home/enesisaoglu/rmis_ws/install/kinect2_bridge/share/kinect2_bridge/hook/cmake_prefix_path.sh'
[0.481s] Level 1:colcon.colcon_core.environment:checking '/home/enesisaoglu/rmis_ws/install/kinect2_bridge/lib'
[0.481s] Level 1:colcon.colcon_core.environment:checking '/home/enesisaoglu/rmis_ws/install/kinect2_bridge/bin'
[0.481s] Level 1:colcon.colcon_core.environment:checking '/home/enesisaoglu/rmis_ws/install/kinect2_bridge/lib/pkgconfig/kinect2_bridge.pc'
[0.482s] Level 1:colcon.colcon_core.environment:checking '/home/enesisaoglu/rmis_ws/install/kinect2_bridge/lib/python3.10/site-packages'
[0.482s] Level 1:colcon.colcon_core.environment:checking '/home/enesisaoglu/rmis_ws/install/kinect2_bridge/bin'
[0.482s] INFO:colcon.colcon_core.shell:Creating package script '/home/enesisaoglu/rmis_ws/install/kinect2_bridge/share/kinect2_bridge/package.ps1'
[0.482s] INFO:colcon.colcon_core.shell:Creating package descriptor '/home/enesisaoglu/rmis_ws/install/kinect2_bridge/share/kinect2_bridge/package.dsv'
[0.482s] INFO:colcon.colcon_core.shell:Creating package script '/home/enesisaoglu/rmis_ws/install/kinect2_bridge/share/kinect2_bridge/package.sh'
[0.482s] INFO:colcon.colcon_core.shell:Creating package script '/home/enesisaoglu/rmis_ws/install/kinect2_bridge/share/kinect2_bridge/package.bash'
[0.483s] INFO:colcon.colcon_core.shell:Creating package script '/home/enesisaoglu/rmis_ws/install/kinect2_bridge/share/kinect2_bridge/package.zsh'
[0.483s] Level 1:colcon.colcon_core.environment:create_file_with_runtime_dependencies(/home/enesisaoglu/rmis_ws/install/kinect2_bridge/share/colcon-core/packages/kinect2_bridge)
[0.483s] DEBUG:colcon.colcon_parallel_executor.executor.parallel:closing loop
[0.483s] DEBUG:colcon.colcon_parallel_executor.executor.parallel:loop closed
[0.483s] DEBUG:colcon.colcon_parallel_executor.executor.parallel:run_until_complete finished with '0'
[0.483s] DEBUG:colcon.colcon_core.event_reactor:joining thread
[0.487s] INFO:colcon.colcon_core.plugin_system:Skipping extension 'colcon_notification.desktop_notification.terminal_notifier': Not used on non-Darwin systems
[0.487s] INFO:colcon.colcon_core.plugin_system:Skipping extension 'colcon_notification.desktop_notification.win32': Not used on non-Windows systems
[0.487s] INFO:colcon.colcon_notification.desktop_notification:Sending desktop notification using 'notify2'
[0.505s] DEBUG:colcon.colcon_core.event_reactor:joined thread
[0.506s] INFO:colcon.colcon_core.shell:Creating prefix script '/home/enesisaoglu/rmis_ws/install/local_setup.ps1'
[0.507s] INFO:colcon.colcon_core.shell:Creating prefix util module '/home/enesisaoglu/rmis_ws/install/_local_setup_util_ps1.py'
[0.508s] INFO:colcon.colcon_core.shell:Creating prefix chain script '/home/enesisaoglu/rmis_ws/install/setup.ps1'
[0.508s] INFO:colcon.colcon_core.shell:Creating prefix script '/home/enesisaoglu/rmis_ws/install/local_setup.sh'
[0.509s] INFO:colcon.colcon_core.shell:Creating prefix util module '/home/enesisaoglu/rmis_ws/install/_local_setup_util_sh.py'
[0.509s] INFO:colcon.colcon_core.shell:Creating prefix chain script '/home/enesisaoglu/rmis_ws/install/setup.sh'
[0.510s] INFO:colcon.colcon_core.shell:Creating prefix script '/home/enesisaoglu/rmis_ws/install/local_setup.bash'
[0.510s] INFO:colcon.colcon_core.shell:Creating prefix chain script '/home/enesisaoglu/rmis_ws/install/setup.bash'
[0.511s] INFO:colcon.colcon_core.shell:Creating prefix script '/home/enesisaoglu/rmis_ws/install/local_setup.zsh'
[0.511s] INFO:colcon.colcon_core.shell:Creating prefix chain script '/home/enesisaoglu/rmis_ws/install/setup.zsh'
