running egg_info
writing ../../build/rmis_data_publisher/rmis_data_publisher.egg-info/PKG-INFO
writing dependency_links to ../../build/rmis_data_publisher/rmis_data_publisher.egg-info/dependency_links.txt
writing entry points to ../../build/rmis_data_publisher/rmis_data_publisher.egg-info/entry_points.txt
writing requirements to ../../build/rmis_data_publisher/rmis_data_publisher.egg-info/requires.txt
writing top-level names to ../../build/rmis_data_publisher/rmis_data_publisher.egg-info/top_level.txt
reading manifest file '../../build/rmis_data_publisher/rmis_data_publisher.egg-info/SOURCES.txt'
writing manifest file '../../build/rmis_data_publisher/rmis_data_publisher.egg-info/SOURCES.txt'
running build
running build_py
copying rmis_data_publisher/topic_publisher.py -> /home/enesisaoglu/rmis_ws/build/rmis_data_publisher/build/lib/rmis_data_publisher
running install
running install_lib
copying /home/enesisaoglu/rmis_ws/build/rmis_data_publisher/build/lib/rmis_data_publisher/topic_publisher.py -> /home/enesisaoglu/rmis_ws/install/rmis_data_publisher/lib/python3.10/site-packages/rmis_data_publisher
byte-compiling /home/enesisaoglu/rmis_ws/install/rmis_data_publisher/lib/python3.10/site-packages/rmis_data_publisher/topic_publisher.py to topic_publisher.cpython-310.pyc
running install_data
running install_egg_info
removing '/home/enesisaoglu/rmis_ws/install/rmis_data_publisher/lib/python3.10/site-packages/rmis_data_publisher-0.0.0-py3.10.egg-info' (and everything under it)
Copying ../../build/rmis_data_publisher/rmis_data_publisher.egg-info to /home/enesisaoglu/rmis_ws/install/rmis_data_publisher/lib/python3.10/site-packages/rmis_data_publisher-0.0.0-py3.10.egg-info
running install_scripts
Installing topic_publisher script to /home/enesisaoglu/rmis_ws/install/rmis_data_publisher/lib/rmis_data_publisher
writing list of installed files to '/home/enesisaoglu/rmis_ws/build/rmis_data_publisher/install.log'
