[0.009s] Invoking command in '/home/enesisaoglu/rmis_ws/build/rmis_description': CMAKE_PREFIX_PATH=/opt/ros/humble /usr/bin/cmake --build /home/enesisaoglu/rmis_ws/build/rmis_description -- -j22 -l22
[0.053s] Invoked command in '/home/enesisaoglu/rmis_ws/build/rmis_description' returned '0': CMAKE_PREFIX_PATH=/opt/ros/humble /usr/bin/cmake --build /home/enesisaoglu/rmis_ws/build/rmis_description -- -j22 -l22
[0.062s] Invoking command in '/home/enesisaoglu/rmis_ws/build/rmis_description': CMAKE_PREFIX_PATH=/opt/ros/humble /usr/bin/cmake --install /home/enesisaoglu/rmis_ws/build/rmis_description
[0.066s] -- Install configuration: ""
[0.067s] -- Up-to-date: /home/enesisaoglu/rmis_ws/install/rmis_description/share/rmis_description/launch
[0.067s] -- Up-to-date: /home/enesisaoglu/rmis_ws/install/rmis_description/share/rmis_description/launch/display.launch.py
[0.067s] -- Up-to-date: /home/enesisaoglu/rmis_ws/install/rmis_description/share/rmis_description/urdf
[0.067s] -- Installing: /home/enesisaoglu/rmis_ws/install/rmis_description/share/rmis_description/urdf/rmis_robot.urdf
[0.067s] -- Up-to-date: /home/enesisaoglu/rmis_ws/install/rmis_description/share/rmis_description/meshes
[0.067s] -- Up-to-date: /home/enesisaoglu/rmis_ws/install/rmis_description/share/rmis_description/meshes/dae
[0.067s] -- Installing: /home/enesisaoglu/rmis_ws/install/rmis_description/share/rmis_description/meshes/dae/Hub_torque.020.dae
[0.075s] -- Installing: /home/enesisaoglu/rmis_ws/install/rmis_description/share/rmis_description/meshes/dae/Hub_torque.011.dae_history.log
[0.075s] -- Installing: /home/enesisaoglu/rmis_ws/install/rmis_description/share/rmis_description/meshes/dae/u_bracket.007.dae
[0.076s] -- Installing: /home/enesisaoglu/rmis_ws/install/rmis_description/share/rmis_description/meshes/dae/u_bracket.014.dae_history.log
[0.077s] -- Installing: /home/enesisaoglu/rmis_ws/install/rmis_description/share/rmis_description/meshes/dae/Cube.005.dae_history.log
[0.077s] -- Installing: /home/enesisaoglu/rmis_ws/install/rmis_description/share/rmis_description/meshes/dae/u_bracket.001.dae_history.log
[0.077s] -- Installing: /home/enesisaoglu/rmis_ws/install/rmis_description/share/rmis_description/meshes/dae/Cube.021.dae
[0.083s] -- Installing: /home/enesisaoglu/rmis_ws/install/rmis_description/share/rmis_description/meshes/dae/Hub_torque.010.dae_history.log
[0.083s] -- Installing: /home/enesisaoglu/rmis_ws/install/rmis_description/share/rmis_description/meshes/dae/u_bracket.007.dae_history.log
[0.083s] -- Installing: /home/enesisaoglu/rmis_ws/install/rmis_description/share/rmis_description/meshes/dae/Hub_torque.dae
[0.086s] -- Installing: /home/enesisaoglu/rmis_ws/install/rmis_description/share/rmis_description/meshes/dae/Cube.008.dae
[0.089s] -- Installing: /home/enesisaoglu/rmis_ws/install/rmis_description/share/rmis_description/meshes/dae/Cube.007.dae_history.log
[0.089s] -- Installing: /home/enesisaoglu/rmis_ws/install/rmis_description/share/rmis_description/meshes/dae/Cube.019.dae_history.log
[0.089s] -- Installing: /home/enesisaoglu/rmis_ws/install/rmis_description/share/rmis_description/meshes/dae/Hub_torque.035.dae
[0.091s] -- Installing: /home/enesisaoglu/rmis_ws/install/rmis_description/share/rmis_description/meshes/dae/u_bracket.005.dae
[0.092s] -- Installing: /home/enesisaoglu/rmis_ws/install/rmis_description/share/rmis_description/meshes/dae/u_bracket.003.dae_history.log
[0.092s] -- Installing: /home/enesisaoglu/rmis_ws/install/rmis_description/share/rmis_description/meshes/dae/u_bracket.004.dae_history.log
[0.092s] -- Installing: /home/enesisaoglu/rmis_ws/install/rmis_description/share/rmis_description/meshes/dae/Hub_torque.035.dae_history.log
[0.092s] -- Installing: /home/enesisaoglu/rmis_ws/install/rmis_description/share/rmis_description/meshes/dae/Cube.017.dae_history.log
[0.093s] -- Installing: /home/enesisaoglu/rmis_ws/install/rmis_description/share/rmis_description/meshes/dae/27-1a.001.dae
[0.094s] -- Installing: /home/enesisaoglu/rmis_ws/install/rmis_description/share/rmis_description/meshes/dae/offset_bracket.001.dae
[0.096s] -- Installing: /home/enesisaoglu/rmis_ws/install/rmis_description/share/rmis_description/meshes/dae/Hub_torque.010.dae
[0.100s] -- Installing: /home/enesisaoglu/rmis_ws/install/rmis_description/share/rmis_description/meshes/dae/Hub_torque.036.dae
[0.102s] -- Installing: /home/enesisaoglu/rmis_ws/install/rmis_description/share/rmis_description/meshes/dae/Cube.008.dae_history.log
[0.102s] -- Installing: /home/enesisaoglu/rmis_ws/install/rmis_description/share/rmis_description/meshes/dae/Cube.020.dae_history.log
[0.102s] -- Installing: /home/enesisaoglu/rmis_ws/install/rmis_description/share/rmis_description/meshes/dae/u_bracket.014.dae
[0.103s] -- Installing: /home/enesisaoglu/rmis_ws/install/rmis_description/share/rmis_description/meshes/dae/u_bracket.015.dae
[0.104s] -- Installing: /home/enesisaoglu/rmis_ws/install/rmis_description/share/rmis_description/meshes/dae/Cube.007.dae
[0.112s] -- Installing: /home/enesisaoglu/rmis_ws/install/rmis_description/share/rmis_description/meshes/dae/u_bracket.011.dae_history.log
[0.112s] -- Installing: /home/enesisaoglu/rmis_ws/install/rmis_description/share/rmis_description/meshes/dae/Cube.017.dae
[0.114s] -- Installing: /home/enesisaoglu/rmis_ws/install/rmis_description/share/rmis_description/meshes/dae/u_bracket.001.dae
[0.114s] -- Installing: /home/enesisaoglu/rmis_ws/install/rmis_description/share/rmis_description/meshes/dae/Hub_torque.036.dae_history.log
[0.115s] -- Installing: /home/enesisaoglu/rmis_ws/install/rmis_description/share/rmis_description/meshes/dae/Hub_torque.002.dae
[0.119s] -- Installing: /home/enesisaoglu/rmis_ws/install/rmis_description/share/rmis_description/meshes/dae/Cube.001.dae
[0.119s] -- Installing: /home/enesisaoglu/rmis_ws/install/rmis_description/share/rmis_description/meshes/dae/u_bracket.004.dae
[0.121s] -- Installing: /home/enesisaoglu/rmis_ws/install/rmis_description/share/rmis_description/meshes/dae/Cube.020.dae
[0.138s] -- Installing: /home/enesisaoglu/rmis_ws/install/rmis_description/share/rmis_description/meshes/dae/u_bracket.010.dae
[0.139s] -- Installing: /home/enesisaoglu/rmis_ws/install/rmis_description/share/rmis_description/meshes/dae/u_bracket.012.dae_history.log
[0.140s] -- Installing: /home/enesisaoglu/rmis_ws/install/rmis_description/share/rmis_description/meshes/dae/Cube.029.dae
[0.140s] -- Installing: /home/enesisaoglu/rmis_ws/install/rmis_description/share/rmis_description/meshes/dae/Hub_torque.020.dae_history.log
[0.140s] -- Installing: /home/enesisaoglu/rmis_ws/install/rmis_description/share/rmis_description/meshes/dae/u_bracket.011.dae
[0.141s] -- Installing: /home/enesisaoglu/rmis_ws/install/rmis_description/share/rmis_description/meshes/dae/u_bracket.015.dae_history.log
[0.141s] -- Installing: /home/enesisaoglu/rmis_ws/install/rmis_description/share/rmis_description/meshes/dae/u_bracket.012.dae
[0.142s] -- Installing: /home/enesisaoglu/rmis_ws/install/rmis_description/share/rmis_description/meshes/dae/27-1a.001.dae_history.log
[0.143s] -- Installing: /home/enesisaoglu/rmis_ws/install/rmis_description/share/rmis_description/meshes/dae/Hub_torque.dae_history.log
[0.143s] -- Installing: /home/enesisaoglu/rmis_ws/install/rmis_description/share/rmis_description/meshes/dae/offset_bracket.003.dae
[0.145s] -- Installing: /home/enesisaoglu/rmis_ws/install/rmis_description/share/rmis_description/meshes/dae/Cube.029.dae_history.log
[0.145s] -- Installing: /home/enesisaoglu/rmis_ws/install/rmis_description/share/rmis_description/meshes/dae/offset_bracket.001.dae_history.log
[0.145s] -- Installing: /home/enesisaoglu/rmis_ws/install/rmis_description/share/rmis_description/meshes/dae/Hub_torque.011.dae
[0.149s] -- Installing: /home/enesisaoglu/rmis_ws/install/rmis_description/share/rmis_description/meshes/dae/Hub_torque.002.dae_history.log
[0.149s] -- Installing: /home/enesisaoglu/rmis_ws/install/rmis_description/share/rmis_description/meshes/dae/u_bracket.005.dae_history.log
[0.149s] -- Installing: /home/enesisaoglu/rmis_ws/install/rmis_description/share/rmis_description/meshes/dae/Cube.023.dae_history.log
[0.149s] -- Installing: /home/enesisaoglu/rmis_ws/install/rmis_description/share/rmis_description/meshes/dae/Hub_torque.008.dae
[0.153s] -- Installing: /home/enesisaoglu/rmis_ws/install/rmis_description/share/rmis_description/meshes/dae/Cube.019.dae
[0.159s] -- Installing: /home/enesisaoglu/rmis_ws/install/rmis_description/share/rmis_description/meshes/dae/Hub_torque.008.dae_history.log
[0.160s] -- Installing: /home/enesisaoglu/rmis_ws/install/rmis_description/share/rmis_description/meshes/dae/u_bracket.003.dae
[0.161s] -- Installing: /home/enesisaoglu/rmis_ws/install/rmis_description/share/rmis_description/meshes/dae/Cube.021.dae_history.log
[0.161s] -- Installing: /home/enesisaoglu/rmis_ws/install/rmis_description/share/rmis_description/meshes/dae/Cube.001.dae_history.log
[0.161s] -- Installing: /home/enesisaoglu/rmis_ws/install/rmis_description/share/rmis_description/meshes/dae/Cube.005.dae
[0.163s] -- Installing: /home/enesisaoglu/rmis_ws/install/rmis_description/share/rmis_description/meshes/dae/u_bracket.010.dae_history.log
[0.163s] -- Installing: /home/enesisaoglu/rmis_ws/install/rmis_description/share/rmis_description/meshes/dae/Cube.023.dae
[0.165s] -- Installing: /home/enesisaoglu/rmis_ws/install/rmis_description/share/rmis_description/meshes/dae/offset_bracket.003.dae_history.log
[0.165s] -- Up-to-date: /home/enesisaoglu/rmis_ws/install/rmis_description/share/ament_index/resource_index/package_run_dependencies/rmis_description
[0.165s] -- Up-to-date: /home/enesisaoglu/rmis_ws/install/rmis_description/share/ament_index/resource_index/parent_prefix_path/rmis_description
[0.166s] -- Up-to-date: /home/enesisaoglu/rmis_ws/install/rmis_description/share/rmis_description/environment/ament_prefix_path.sh
[0.166s] -- Up-to-date: /home/enesisaoglu/rmis_ws/install/rmis_description/share/rmis_description/environment/ament_prefix_path.dsv
[0.166s] -- Up-to-date: /home/enesisaoglu/rmis_ws/install/rmis_description/share/rmis_description/environment/path.sh
[0.166s] -- Up-to-date: /home/enesisaoglu/rmis_ws/install/rmis_description/share/rmis_description/environment/path.dsv
[0.166s] -- Up-to-date: /home/enesisaoglu/rmis_ws/install/rmis_description/share/rmis_description/local_setup.bash
[0.166s] -- Up-to-date: /home/enesisaoglu/rmis_ws/install/rmis_description/share/rmis_description/local_setup.sh
[0.166s] -- Up-to-date: /home/enesisaoglu/rmis_ws/install/rmis_description/share/rmis_description/local_setup.zsh
[0.166s] -- Up-to-date: /home/enesisaoglu/rmis_ws/install/rmis_description/share/rmis_description/local_setup.dsv
[0.166s] -- Installing: /home/enesisaoglu/rmis_ws/install/rmis_description/share/rmis_description/package.dsv
[0.166s] -- Up-to-date: /home/enesisaoglu/rmis_ws/install/rmis_description/share/ament_index/resource_index/packages/rmis_description
[0.166s] -- Up-to-date: /home/enesisaoglu/rmis_ws/install/rmis_description/share/rmis_description/cmake/rmis_descriptionConfig.cmake
[0.166s] -- Up-to-date: /home/enesisaoglu/rmis_ws/install/rmis_description/share/rmis_description/cmake/rmis_descriptionConfig-version.cmake
[0.166s] -- Up-to-date: /home/enesisaoglu/rmis_ws/install/rmis_description/share/rmis_description/package.xml
[0.167s] Invoked command in '/home/enesisaoglu/rmis_ws/build/rmis_description' returned '0': CMAKE_PREFIX_PATH=/opt/ros/humble /usr/bin/cmake --install /home/enesisaoglu/rmis_ws/build/rmis_description
