[0.055s] DEBUG:colcon:Command line arguments: ['/usr/bin/colcon', 'build']
[0.055s] DEBUG:colcon:Parsed command line arguments: Namespace(log_base=None, log_level=None, verb_name='build', build_base='build', install_base='install', merge_install=False, symlink_install=False, test_result_base=None, continue_on_error=False, executor='parallel', parallel_workers=22, event_handlers=None, ignore_user_meta=False, metas=['./colcon.meta'], base_paths=['.'], packages_ignore=None, packages_ignore_regex=None, paths=None, packages_up_to=None, packages_up_to_regex=None, packages_above=None, packages_above_and_dependencies=None, packages_above_depth=None, packages_select_by_dep=None, packages_skip_by_dep=None, packages_skip_up_to=None, packages_select_build_failed=False, packages_skip_build_finished=False, packages_select_test_failures=False, packages_skip_test_passed=False, packages_select=None, packages_skip=None, packages_select_regex=None, packages_skip_regex=None, packages_start=None, packages_end=None, allow_overriding=[], cmake_args=None, cmake_target=None, cmake_target_skip_unavailable=False, cmake_clean_cache=False, cmake_clean_first=False, cmake_force_configure=False, ament_cmake_args=None, catkin_cmake_args=None, catkin_skip_building_tests=False, mixin_files=None, mixin=None, verb_parser=<colcon_mixin.mixin.mixin_argument.MixinArgumentDecorator object at 0x7930cdd519c0>, verb_extension=<colcon_core.verb.build.BuildVerb object at 0x7930cdd51240>, main=<bound method BuildVerb.main of <colcon_core.verb.build.BuildVerb object at 0x7930cdd51240>>, mixin_verb=('build',))
[0.136s] Level 1:colcon.colcon_core.package_discovery:discover_packages(colcon_meta) check parameters
[0.136s] Level 1:colcon.colcon_core.package_discovery:discover_packages(recursive) check parameters
[0.136s] Level 1:colcon.colcon_core.package_discovery:discover_packages(ignore) check parameters
[0.136s] Level 1:colcon.colcon_core.package_discovery:discover_packages(path) check parameters
[0.136s] Level 1:colcon.colcon_core.package_discovery:discover_packages(colcon_meta) discover
[0.136s] Level 1:colcon.colcon_core.package_discovery:discover_packages(recursive) discover
[0.136s] INFO:colcon.colcon_core.package_discovery:Crawling recursively for packages in '/home/enesisaoglu/rmis_ws'
[0.136s] Level 1:colcon.colcon_core.package_identification:_identify(.) by extensions ['ignore', 'ignore_ament_install']
[0.136s] Level 1:colcon.colcon_core.package_identification:_identify(.) by extension 'ignore'
[0.136s] Level 1:colcon.colcon_core.package_identification:_identify(.) by extension 'ignore_ament_install'
[0.136s] Level 1:colcon.colcon_core.package_identification:_identify(.) by extensions ['colcon_pkg']
[0.136s] Level 1:colcon.colcon_core.package_identification:_identify(.) by extension 'colcon_pkg'
[0.136s] Level 1:colcon.colcon_core.package_identification:_identify(.) by extensions ['colcon_meta']
[0.136s] Level 1:colcon.colcon_core.package_identification:_identify(.) by extension 'colcon_meta'
[0.136s] Level 1:colcon.colcon_core.package_identification:_identify(.) by extensions ['ros']
[0.136s] Level 1:colcon.colcon_core.package_identification:_identify(.) by extension 'ros'
[0.142s] Level 1:colcon.colcon_core.package_identification:_identify(.) by extensions ['cmake', 'python']
[0.142s] Level 1:colcon.colcon_core.package_identification:_identify(.) by extension 'cmake'
[0.142s] Level 1:colcon.colcon_core.package_identification:_identify(.) by extension 'python'
[0.142s] Level 1:colcon.colcon_core.package_identification:_identify(.) by extensions ['python_setup_py']
[0.142s] Level 1:colcon.colcon_core.package_identification:_identify(.) by extension 'python_setup_py'
[0.142s] Level 1:colcon.colcon_core.package_identification:_identify(build) by extensions ['ignore', 'ignore_ament_install']
[0.142s] Level 1:colcon.colcon_core.package_identification:_identify(build) by extension 'ignore'
[0.142s] Level 1:colcon.colcon_core.package_identification:_identify(build) ignored
[0.142s] Level 1:colcon.colcon_core.package_identification:_identify(install) by extensions ['ignore', 'ignore_ament_install']
[0.142s] Level 1:colcon.colcon_core.package_identification:_identify(install) by extension 'ignore'
[0.142s] Level 1:colcon.colcon_core.package_identification:_identify(install) ignored
[0.142s] Level 1:colcon.colcon_core.package_identification:_identify(log) by extensions ['ignore', 'ignore_ament_install']
[0.142s] Level 1:colcon.colcon_core.package_identification:_identify(log) by extension 'ignore'
[0.142s] Level 1:colcon.colcon_core.package_identification:_identify(log) ignored
[0.142s] Level 1:colcon.colcon_core.package_identification:_identify(src) by extensions ['ignore', 'ignore_ament_install']
[0.143s] Level 1:colcon.colcon_core.package_identification:_identify(src) by extension 'ignore'
[0.143s] Level 1:colcon.colcon_core.package_identification:_identify(src) by extension 'ignore_ament_install'
[0.143s] Level 1:colcon.colcon_core.package_identification:_identify(src) by extensions ['colcon_pkg']
[0.143s] Level 1:colcon.colcon_core.package_identification:_identify(src) by extension 'colcon_pkg'
[0.143s] Level 1:colcon.colcon_core.package_identification:_identify(src) by extensions ['colcon_meta']
[0.143s] Level 1:colcon.colcon_core.package_identification:_identify(src) by extension 'colcon_meta'
[0.143s] Level 1:colcon.colcon_core.package_identification:_identify(src) by extensions ['ros']
[0.143s] Level 1:colcon.colcon_core.package_identification:_identify(src) by extension 'ros'
[0.143s] Level 1:colcon.colcon_core.package_identification:_identify(src) by extensions ['cmake', 'python']
[0.143s] Level 1:colcon.colcon_core.package_identification:_identify(src) by extension 'cmake'
[0.143s] Level 1:colcon.colcon_core.package_identification:_identify(src) by extension 'python'
[0.143s] Level 1:colcon.colcon_core.package_identification:_identify(src) by extensions ['python_setup_py']
[0.143s] Level 1:colcon.colcon_core.package_identification:_identify(src) by extension 'python_setup_py'
[0.143s] Level 1:colcon.colcon_core.package_identification:_identify(src/rmis_description) by extensions ['ignore', 'ignore_ament_install']
[0.143s] Level 1:colcon.colcon_core.package_identification:_identify(src/rmis_description) by extension 'ignore'
[0.143s] Level 1:colcon.colcon_core.package_identification:_identify(src/rmis_description) by extension 'ignore_ament_install'
[0.143s] Level 1:colcon.colcon_core.package_identification:_identify(src/rmis_description) by extensions ['colcon_pkg']
[0.143s] Level 1:colcon.colcon_core.package_identification:_identify(src/rmis_description) by extension 'colcon_pkg'
[0.143s] Level 1:colcon.colcon_core.package_identification:_identify(src/rmis_description) by extensions ['colcon_meta']
[0.143s] Level 1:colcon.colcon_core.package_identification:_identify(src/rmis_description) by extension 'colcon_meta'
[0.143s] Level 1:colcon.colcon_core.package_identification:_identify(src/rmis_description) by extensions ['ros']
[0.143s] Level 1:colcon.colcon_core.package_identification:_identify(src/rmis_description) by extension 'ros'
[0.144s] DEBUG:colcon.colcon_core.package_identification:Package 'src/rmis_description' with type 'ros.ament_cmake' and name 'rmis_description'
[0.144s] Level 1:colcon.colcon_core.package_discovery:discover_packages(recursive) using defaults
[0.144s] Level 1:colcon.colcon_core.package_discovery:discover_packages(ignore) discover
[0.144s] Level 1:colcon.colcon_core.package_discovery:discover_packages(ignore) using defaults
[0.144s] Level 1:colcon.colcon_core.package_discovery:discover_packages(path) discover
[0.144s] Level 1:colcon.colcon_core.package_discovery:discover_packages(path) using defaults
[0.160s] Level 1:colcon.colcon_core.package_discovery:discover_packages(prefix_path) check parameters
[0.160s] Level 1:colcon.colcon_core.package_discovery:discover_packages(prefix_path) discover
[0.161s] WARNING:colcon.colcon_ros.prefix_path.ament:The path '/home/enesisaoglu/rmis_ws/install/rmis_description' in the environment variable AMENT_PREFIX_PATH doesn't exist
[0.161s] WARNING:colcon.colcon_ros.prefix_path.ament:The path '/home/enesisaoglu/rmis_ws/install/rmis_control' in the environment variable AMENT_PREFIX_PATH doesn't exist
[0.161s] WARNING:colcon.colcon_ros.prefix_path.catkin:The path '/home/enesisaoglu/rmis_ws/install/rmis_description' in the environment variable CMAKE_PREFIX_PATH doesn't exist
[0.161s] DEBUG:colcon.colcon_installed_package_information.package_discovery:Found 0 installed packages in /home/enesisaoglu/rmis_ws/install
[0.162s] DEBUG:colcon.colcon_installed_package_information.package_discovery:Found 329 installed packages in /opt/ros/humble
[0.163s] Level 1:colcon.colcon_core.package_discovery:discover_packages(prefix_path) using defaults
[0.184s] Level 5:colcon.colcon_core.verb:set package 'rmis_description' build argument 'cmake_args' from command line to 'None'
[0.184s] Level 5:colcon.colcon_core.verb:set package 'rmis_description' build argument 'cmake_target' from command line to 'None'
[0.184s] Level 5:colcon.colcon_core.verb:set package 'rmis_description' build argument 'cmake_target_skip_unavailable' from command line to 'False'
[0.184s] Level 5:colcon.colcon_core.verb:set package 'rmis_description' build argument 'cmake_clean_cache' from command line to 'False'
[0.184s] Level 5:colcon.colcon_core.verb:set package 'rmis_description' build argument 'cmake_clean_first' from command line to 'False'
[0.184s] Level 5:colcon.colcon_core.verb:set package 'rmis_description' build argument 'cmake_force_configure' from command line to 'False'
[0.184s] Level 5:colcon.colcon_core.verb:set package 'rmis_description' build argument 'ament_cmake_args' from command line to 'None'
[0.184s] Level 5:colcon.colcon_core.verb:set package 'rmis_description' build argument 'catkin_cmake_args' from command line to 'None'
[0.184s] Level 5:colcon.colcon_core.verb:set package 'rmis_description' build argument 'catkin_skip_building_tests' from command line to 'False'
[0.184s] DEBUG:colcon.colcon_core.verb:Building package 'rmis_description' with the following arguments: {'ament_cmake_args': None, 'build_base': '/home/enesisaoglu/rmis_ws/build/rmis_description', 'catkin_cmake_args': None, 'catkin_skip_building_tests': False, 'cmake_args': None, 'cmake_clean_cache': False, 'cmake_clean_first': False, 'cmake_force_configure': False, 'cmake_target': None, 'cmake_target_skip_unavailable': False, 'install_base': '/home/enesisaoglu/rmis_ws/install/rmis_description', 'merge_install': False, 'path': '/home/enesisaoglu/rmis_ws/src/rmis_description', 'symlink_install': False, 'test_result_base': None}
[0.184s] INFO:colcon.colcon_core.executor:Executing jobs using 'parallel' executor
[0.185s] DEBUG:colcon.colcon_parallel_executor.executor.parallel:run_until_complete
[0.185s] INFO:colcon.colcon_ros.task.ament_cmake.build:Building ROS package in '/home/enesisaoglu/rmis_ws/src/rmis_description' with build type 'ament_cmake'
[0.185s] INFO:colcon.colcon_cmake.task.cmake.build:Building CMake package in '/home/enesisaoglu/rmis_ws/src/rmis_description'
[0.187s] INFO:colcon.colcon_core.plugin_system:Skipping extension 'colcon_core.shell.bat': Not used on non-Windows systems
[0.187s] INFO:colcon.colcon_core.shell:Skip shell extension 'powershell' for command environment: Not usable outside of PowerShell
[0.187s] DEBUG:colcon.colcon_core.shell:Skip shell extension 'dsv' for command environment
[0.195s] DEBUG:colcon.colcon_core.event_handler.log_command:Invoking command in '/home/enesisaoglu/rmis_ws/build/rmis_description': CMAKE_PREFIX_PATH=${CMAKE_PREFIX_PATH}:/home/enesisaoglu/rmis_ws/install/rmis_control:/opt/ros/humble /usr/bin/cmake /home/enesisaoglu/rmis_ws/src/rmis_description -DCMAKE_INSTALL_PREFIX=/home/enesisaoglu/rmis_ws/install/rmis_description
[1.591s] DEBUG:colcon.colcon_core.event_handler.log_command:Invoked command in '/home/enesisaoglu/rmis_ws/build/rmis_description' returned '0': CMAKE_PREFIX_PATH=${CMAKE_PREFIX_PATH}:/home/enesisaoglu/rmis_ws/install/rmis_control:/opt/ros/humble /usr/bin/cmake /home/enesisaoglu/rmis_ws/src/rmis_description -DCMAKE_INSTALL_PREFIX=/home/enesisaoglu/rmis_ws/install/rmis_description
[1.593s] DEBUG:colcon.colcon_core.event_handler.log_command:Invoking command in '/home/enesisaoglu/rmis_ws/build/rmis_description': CMAKE_PREFIX_PATH=${CMAKE_PREFIX_PATH}:/home/enesisaoglu/rmis_ws/install/rmis_control:/opt/ros/humble /usr/bin/cmake --build /home/enesisaoglu/rmis_ws/build/rmis_description -- -j22 -l22
[1.625s] DEBUG:colcon.colcon_core.event_handler.log_command:Invoked command in '/home/enesisaoglu/rmis_ws/build/rmis_description' returned '0': CMAKE_PREFIX_PATH=${CMAKE_PREFIX_PATH}:/home/enesisaoglu/rmis_ws/install/rmis_control:/opt/ros/humble /usr/bin/cmake --build /home/enesisaoglu/rmis_ws/build/rmis_description -- -j22 -l22
[1.632s] DEBUG:colcon.colcon_core.event_handler.log_command:Invoking command in '/home/enesisaoglu/rmis_ws/build/rmis_description': CMAKE_PREFIX_PATH=${CMAKE_PREFIX_PATH}:/home/enesisaoglu/rmis_ws/install/rmis_control:/opt/ros/humble /usr/bin/cmake --install /home/enesisaoglu/rmis_ws/build/rmis_description
[1.663s] Level 1:colcon.colcon_core.environment:create_environment_scripts_only(rmis_description)
[1.664s] DEBUG:colcon.colcon_core.event_handler.log_command:Invoked command in '/home/enesisaoglu/rmis_ws/build/rmis_description' returned '0': CMAKE_PREFIX_PATH=${CMAKE_PREFIX_PATH}:/home/enesisaoglu/rmis_ws/install/rmis_control:/opt/ros/humble /usr/bin/cmake --install /home/enesisaoglu/rmis_ws/build/rmis_description
[1.665s] Level 1:colcon.colcon_core.environment:checking '/home/enesisaoglu/rmis_ws/install/rmis_description' for CMake module files
[1.665s] Level 1:colcon.colcon_core.environment:checking '/home/enesisaoglu/rmis_ws/install/rmis_description' for CMake config files
[1.665s] Level 1:colcon.colcon_core.shell:create_environment_hook('rmis_description', 'cmake_prefix_path')
[1.665s] INFO:colcon.colcon_core.shell:Creating environment hook '/home/enesisaoglu/rmis_ws/install/rmis_description/share/rmis_description/hook/cmake_prefix_path.ps1'
[1.666s] INFO:colcon.colcon_core.shell:Creating environment descriptor '/home/enesisaoglu/rmis_ws/install/rmis_description/share/rmis_description/hook/cmake_prefix_path.dsv'
[1.666s] INFO:colcon.colcon_core.shell:Creating environment hook '/home/enesisaoglu/rmis_ws/install/rmis_description/share/rmis_description/hook/cmake_prefix_path.sh'
[1.666s] Level 1:colcon.colcon_core.environment:checking '/home/enesisaoglu/rmis_ws/install/rmis_description/bin'
[1.666s] Level 1:colcon.colcon_core.environment:checking '/home/enesisaoglu/rmis_ws/install/rmis_description/lib/pkgconfig/rmis_description.pc'
[1.666s] Level 1:colcon.colcon_core.environment:checking '/home/enesisaoglu/rmis_ws/install/rmis_description/lib/python3.10/site-packages'
[1.667s] Level 1:colcon.colcon_core.environment:checking '/home/enesisaoglu/rmis_ws/install/rmis_description/bin'
[1.667s] INFO:colcon.colcon_core.shell:Creating package script '/home/enesisaoglu/rmis_ws/install/rmis_description/share/rmis_description/package.ps1'
[1.667s] INFO:colcon.colcon_core.shell:Creating package descriptor '/home/enesisaoglu/rmis_ws/install/rmis_description/share/rmis_description/package.dsv'
[1.667s] INFO:colcon.colcon_core.shell:Creating package script '/home/enesisaoglu/rmis_ws/install/rmis_description/share/rmis_description/package.sh'
[1.668s] INFO:colcon.colcon_core.shell:Creating package script '/home/enesisaoglu/rmis_ws/install/rmis_description/share/rmis_description/package.bash'
[1.668s] INFO:colcon.colcon_core.shell:Creating package script '/home/enesisaoglu/rmis_ws/install/rmis_description/share/rmis_description/package.zsh'
[1.668s] Level 1:colcon.colcon_core.environment:create_file_with_runtime_dependencies(/home/enesisaoglu/rmis_ws/install/rmis_description/share/colcon-core/packages/rmis_description)
[1.669s] Level 1:colcon.colcon_core.environment:create_environment_scripts_only(rmis_description)
[1.669s] Level 1:colcon.colcon_core.environment:checking '/home/enesisaoglu/rmis_ws/install/rmis_description' for CMake module files
[1.669s] Level 1:colcon.colcon_core.environment:checking '/home/enesisaoglu/rmis_ws/install/rmis_description' for CMake config files
[1.669s] Level 1:colcon.colcon_core.shell:create_environment_hook('rmis_description', 'cmake_prefix_path')
[1.669s] INFO:colcon.colcon_core.shell:Creating environment hook '/home/enesisaoglu/rmis_ws/install/rmis_description/share/rmis_description/hook/cmake_prefix_path.ps1'
[1.669s] INFO:colcon.colcon_core.shell:Creating environment descriptor '/home/enesisaoglu/rmis_ws/install/rmis_description/share/rmis_description/hook/cmake_prefix_path.dsv'
[1.669s] INFO:colcon.colcon_core.shell:Creating environment hook '/home/enesisaoglu/rmis_ws/install/rmis_description/share/rmis_description/hook/cmake_prefix_path.sh'
[1.670s] Level 1:colcon.colcon_core.environment:checking '/home/enesisaoglu/rmis_ws/install/rmis_description/bin'
[1.670s] Level 1:colcon.colcon_core.environment:checking '/home/enesisaoglu/rmis_ws/install/rmis_description/lib/pkgconfig/rmis_description.pc'
[1.670s] Level 1:colcon.colcon_core.environment:checking '/home/enesisaoglu/rmis_ws/install/rmis_description/lib/python3.10/site-packages'
[1.670s] Level 1:colcon.colcon_core.environment:checking '/home/enesisaoglu/rmis_ws/install/rmis_description/bin'
[1.670s] INFO:colcon.colcon_core.shell:Creating package script '/home/enesisaoglu/rmis_ws/install/rmis_description/share/rmis_description/package.ps1'
[1.670s] INFO:colcon.colcon_core.shell:Creating package descriptor '/home/enesisaoglu/rmis_ws/install/rmis_description/share/rmis_description/package.dsv'
[1.670s] INFO:colcon.colcon_core.shell:Creating package script '/home/enesisaoglu/rmis_ws/install/rmis_description/share/rmis_description/package.sh'
[1.671s] INFO:colcon.colcon_core.shell:Creating package script '/home/enesisaoglu/rmis_ws/install/rmis_description/share/rmis_description/package.bash'
[1.671s] INFO:colcon.colcon_core.shell:Creating package script '/home/enesisaoglu/rmis_ws/install/rmis_description/share/rmis_description/package.zsh'
[1.671s] Level 1:colcon.colcon_core.environment:create_file_with_runtime_dependencies(/home/enesisaoglu/rmis_ws/install/rmis_description/share/colcon-core/packages/rmis_description)
[1.671s] DEBUG:colcon.colcon_parallel_executor.executor.parallel:closing loop
[1.671s] DEBUG:colcon.colcon_parallel_executor.executor.parallel:loop closed
[1.671s] DEBUG:colcon.colcon_parallel_executor.executor.parallel:run_until_complete finished with '0'
[1.671s] DEBUG:colcon.colcon_core.event_reactor:joining thread
[1.674s] INFO:colcon.colcon_core.plugin_system:Skipping extension 'colcon_notification.desktop_notification.terminal_notifier': Not used on non-Darwin systems
[1.674s] INFO:colcon.colcon_core.plugin_system:Skipping extension 'colcon_notification.desktop_notification.win32': Not used on non-Windows systems
[1.674s] INFO:colcon.colcon_notification.desktop_notification:Sending desktop notification using 'notify2'
[1.687s] DEBUG:colcon.colcon_core.event_reactor:joined thread
[1.687s] INFO:colcon.colcon_core.shell:Creating prefix script '/home/enesisaoglu/rmis_ws/install/local_setup.ps1'
[1.688s] INFO:colcon.colcon_core.shell:Creating prefix util module '/home/enesisaoglu/rmis_ws/install/_local_setup_util_ps1.py'
[1.689s] INFO:colcon.colcon_core.shell:Creating prefix chain script '/home/enesisaoglu/rmis_ws/install/setup.ps1'
[1.690s] INFO:colcon.colcon_core.shell:Creating prefix script '/home/enesisaoglu/rmis_ws/install/local_setup.sh'
[1.690s] INFO:colcon.colcon_core.shell:Creating prefix util module '/home/enesisaoglu/rmis_ws/install/_local_setup_util_sh.py'
[1.690s] INFO:colcon.colcon_core.shell:Creating prefix chain script '/home/enesisaoglu/rmis_ws/install/setup.sh'
[1.691s] INFO:colcon.colcon_core.shell:Creating prefix script '/home/enesisaoglu/rmis_ws/install/local_setup.bash'
[1.692s] INFO:colcon.colcon_core.shell:Creating prefix chain script '/home/enesisaoglu/rmis_ws/install/setup.bash'
[1.692s] INFO:colcon.colcon_core.shell:Creating prefix script '/home/enesisaoglu/rmis_ws/install/local_setup.zsh'
[1.692s] INFO:colcon.colcon_core.shell:Creating prefix chain script '/home/enesisaoglu/rmis_ws/install/setup.zsh'
