-- The C compiler identification is GNU 11.4.0
-- The CXX compiler identification is GNU 11.4.0
-- Detecting C compiler ABI info
-- Detecting C compiler ABI info - done
-- Check for working C compiler: /usr/bin/cc - skipped
-- Detecting C compile features
-- Detecting C compile features - done
-- Detecting CXX compiler ABI info
-- Detecting CXX compiler ABI info - done
-- Check for working CXX compiler: /usr/bin/c++ - skipped
-- Detecting CXX compile features
-- Detecting CXX compile features - done
-- Found ament_cmake: 1.3.11 (/opt/ros/humble/share/ament_cmake/cmake)
-- Found Python3: /usr/bin/python3 (found version "3.10.12") found components: Interpreter 
-- Found rclcpp: 16.0.11 (/opt/ros/humble/share/rclcpp/cmake)
-- Found rosidl_generator_c: 3.1.6 (/opt/ros/humble/share/rosidl_generator_c/cmake)
-- Found rosidl_adapter: 3.1.6 (/opt/ros/humble/share/rosidl_adapter/cmake)
-- Found rosidl_generator_cpp: 3.1.6 (/opt/ros/humble/share/rosidl_generator_cpp/cmake)
-- Using all available rosidl_typesupport_c: rosidl_typesupport_fastrtps_c;rosidl_typesupport_introspection_c
-- Using all available rosidl_typesupport_cpp: rosidl_typesupport_fastrtps_cpp;rosidl_typesupport_introspection_cpp
-- Found rmw_implementation_cmake: 6.1.2 (/opt/ros/humble/share/rmw_implementation_cmake/cmake)
-- Found rmw_fastrtps_cpp: 6.2.7 (/opt/ros/humble/share/rmw_fastrtps_cpp/cmake)
-- Found OpenSSL: /usr/lib/x86_64-linux-gnu/libcrypto.so (found version "3.0.2")  
-- Found FastRTPS: /opt/ros/humble/include  
-- Using RMW implementation 'rmw_fastrtps_cpp' as default
-- Looking for pthread.h
-- Looking for pthread.h - found
-- Performing Test CMAKE_HAVE_LIBC_PTHREAD
-- Performing Test CMAKE_HAVE_LIBC_PTHREAD - Success
-- Found Threads: TRUE  
-- Found rclcpp_components: 16.0.11 (/opt/ros/humble/share/rclcpp_components/cmake)
-- Found OpenCV: /usr (found version "4.5.4") 
-- Found OpenMP_C: -fopenmp (found version "4.5") 
-- Found OpenMP_CXX: -fopenmp (found version "4.5") 
-- Found OpenMP: TRUE (found version "4.5")  
-- Looking for CL_VERSION_2_2
-- Looking for CL_VERSION_2_2 - not found
-- Looking for CL_VERSION_2_1
-- Looking for CL_VERSION_2_1 - not found
-- Looking for CL_VERSION_2_0
-- Looking for CL_VERSION_2_0 - not found
-- Looking for CL_VERSION_1_2
-- Looking for CL_VERSION_1_2 - not found
-- Looking for CL_VERSION_1_1
-- Looking for CL_VERSION_1_1 - not found
-- Looking for CL_VERSION_1_0
-- Looking for CL_VERSION_1_0 - not found
-- Could NOT find OpenCL (missing: OpenCL_LIBRARY OpenCL_INCLUDE_DIR) 
-- CPU based depth registration enabled
-- OpenCL based depth registration disabled
[0m[0m
-- Configuring done
-- Generating done
-- Build files have been written to: /home/enesisaoglu/rmis_ws/build/kinect2_registration
[ 33%] [32mBuilding CXX object CMakeFiles/kinect2_registration.dir/src/depth_registration_cpu.cpp.o[0m
[ 66%] [32mBuilding CXX object CMakeFiles/kinect2_registration.dir/src/kinect2_registration.cpp.o[0m
[01m[K/home/enesisaoglu/rmis_ws/src/kinect2_ros2/kinect2_registration/src/depth_registration_cpu.cpp:[m[K In member function ‘[01m[Kvirtual bool DepthRegistrationCPU::init(int)[m[K’:
[01m[K/home/enesisaoglu/rmis_ws/src/kinect2_ros2/kinect2_registration/src/depth_registration_cpu.cpp:29:43:[m[K [01;35m[Kwarning: [m[Kunused parameter ‘[01m[KdeviceId[m[K’ [[01;35m[K]8;;https://gcc.gnu.org/onlinedocs/gcc/Warning-Options.html#index-Wunused-parameter-Wunused-parameter]8;;[m[K]
   29 | bool DepthRegistrationCPU::init([01;35m[Kconst int deviceId[m[K)
      |                                 [01;35m[K~~~~~~~~~~^~~~~~~~[m[K
[100%] [32m[1mLinking CXX shared library libkinect2_registration.so[0m
[100%] Built target kinect2_registration
-- Install configuration: ""
-- Installing: /home/enesisaoglu/rmis_ws/install/kinect2_registration/lib/libkinect2_registration.so
-- Set runtime path of "/home/enesisaoglu/rmis_ws/install/kinect2_registration/lib/libkinect2_registration.so" to ""
-- Installing: /home/enesisaoglu/rmis_ws/install/kinect2_registration/include
-- Installing: /home/enesisaoglu/rmis_ws/install/kinect2_registration/include/kinect2_registration
-- Installing: /home/enesisaoglu/rmis_ws/install/kinect2_registration/include/kinect2_registration/kinect2_console.h
-- Installing: /home/enesisaoglu/rmis_ws/install/kinect2_registration/include/kinect2_registration/kinect2_registration.h
-- Installing: /home/enesisaoglu/rmis_ws/install/kinect2_registration/include/internal
-- Installing: /home/enesisaoglu/rmis_ws/install/kinect2_registration/include/internal/CL
-- Installing: /home/enesisaoglu/rmis_ws/install/kinect2_registration/include/internal/CL/cl.hpp
-- Installing: /home/enesisaoglu/rmis_ws/install/kinect2_registration/share/kinect2_registration/environment/library_path.sh
-- Installing: /home/enesisaoglu/rmis_ws/install/kinect2_registration/share/kinect2_registration/environment/library_path.dsv
-- Installing: /home/enesisaoglu/rmis_ws/install/kinect2_registration/share/ament_index/resource_index/package_run_dependencies/kinect2_registration
-- Installing: /home/enesisaoglu/rmis_ws/install/kinect2_registration/share/ament_index/resource_index/parent_prefix_path/kinect2_registration
-- Installing: /home/enesisaoglu/rmis_ws/install/kinect2_registration/share/kinect2_registration/environment/ament_prefix_path.sh
-- Installing: /home/enesisaoglu/rmis_ws/install/kinect2_registration/share/kinect2_registration/environment/ament_prefix_path.dsv
-- Installing: /home/enesisaoglu/rmis_ws/install/kinect2_registration/share/kinect2_registration/environment/path.sh
-- Installing: /home/enesisaoglu/rmis_ws/install/kinect2_registration/share/kinect2_registration/environment/path.dsv
-- Installing: /home/enesisaoglu/rmis_ws/install/kinect2_registration/share/kinect2_registration/local_setup.bash
-- Installing: /home/enesisaoglu/rmis_ws/install/kinect2_registration/share/kinect2_registration/local_setup.sh
-- Installing: /home/enesisaoglu/rmis_ws/install/kinect2_registration/share/kinect2_registration/local_setup.zsh
-- Installing: /home/enesisaoglu/rmis_ws/install/kinect2_registration/share/kinect2_registration/local_setup.dsv
-- Installing: /home/enesisaoglu/rmis_ws/install/kinect2_registration/share/kinect2_registration/package.dsv
-- Installing: /home/enesisaoglu/rmis_ws/install/kinect2_registration/share/ament_index/resource_index/packages/kinect2_registration
-- Installing: /home/enesisaoglu/rmis_ws/install/kinect2_registration/share/kinect2_registration/cmake/kinect2_registration.cmake
-- Installing: /home/enesisaoglu/rmis_ws/install/kinect2_registration/share/kinect2_registration/cmake/ament_cmake_export_include_directories-extras.cmake
-- Installing: /home/enesisaoglu/rmis_ws/install/kinect2_registration/share/kinect2_registration/cmake/ament_cmake_export_libraries-extras.cmake
-- Installing: /home/enesisaoglu/rmis_ws/install/kinect2_registration/share/kinect2_registration/cmake/kinect2_registrationConfig.cmake
-- Installing: /home/enesisaoglu/rmis_ws/install/kinect2_registration/share/kinect2_registration/cmake/kinect2_registrationConfig-version.cmake
-- Installing: /home/enesisaoglu/rmis_ws/install/kinect2_registration/share/kinect2_registration/package.xml
