[0.008s] Invoking command in '/home/enesisaoglu/rmis_ws/build/kinect2_registration': CMAKE_PREFIX_PATH=${CMAKE_PREFIX_PATH}:/opt/ros/humble /usr/bin/cmake /home/enesisaoglu/rmis_ws/src/kinect2_ros2/kinect2_registration -DCMAKE_INSTALL_PREFIX=/home/enesisaoglu/rmis_ws/install/kinect2_registration
[0.094s] -- The C compiler identification is GNU 11.4.0
[0.166s] -- The CXX compiler identification is GNU 11.4.0
[0.172s] -- Detecting C compiler ABI info
[0.226s] -- Detecting C compiler ABI info - done
[0.230s] -- Check for working C compiler: /usr/bin/cc - skipped
[0.231s] -- Detecting C compile features
[0.231s] -- Detecting C compile features - done
[0.233s] -- Detecting CXX compiler ABI info
[0.288s] -- Detecting CXX compiler ABI info - done
[0.293s] -- Check for working CXX compiler: /usr/bin/c++ - skipped
[0.294s] -- Detecting CXX compile features
[0.294s] -- Detecting CXX compile features - done
[0.295s] -- Found ament_cmake: 1.3.11 (/opt/ros/humble/share/ament_cmake/cmake)
[0.386s] -- Found Python3: /usr/bin/python3 (found version "3.10.12") found components: Interpreter 
[0.442s] -- Found rclcpp: 16.0.11 (/opt/ros/humble/share/rclcpp/cmake)
[0.467s] -- Found rosidl_generator_c: 3.1.6 (/opt/ros/humble/share/rosidl_generator_c/cmake)
[0.470s] -- Found rosidl_adapter: 3.1.6 (/opt/ros/humble/share/rosidl_adapter/cmake)
[0.476s] -- Found rosidl_generator_cpp: 3.1.6 (/opt/ros/humble/share/rosidl_generator_cpp/cmake)
[0.484s] -- Using all available rosidl_typesupport_c: rosidl_typesupport_fastrtps_c;rosidl_typesupport_introspection_c
[0.495s] -- Using all available rosidl_typesupport_cpp: rosidl_typesupport_fastrtps_cpp;rosidl_typesupport_introspection_cpp
[0.527s] -- Found rmw_implementation_cmake: 6.1.2 (/opt/ros/humble/share/rmw_implementation_cmake/cmake)
[0.529s] -- Found rmw_fastrtps_cpp: 6.2.7 (/opt/ros/humble/share/rmw_fastrtps_cpp/cmake)
[0.602s] -- Found OpenSSL: /usr/lib/x86_64-linux-gnu/libcrypto.so (found version "3.0.2")  
[0.621s] -- Found FastRTPS: /opt/ros/humble/include  
[0.651s] -- Using RMW implementation 'rmw_fastrtps_cpp' as default
[0.656s] -- Looking for pthread.h
[0.719s] -- Looking for pthread.h - found
[0.720s] -- Performing Test CMAKE_HAVE_LIBC_PTHREAD
[0.773s] -- Performing Test CMAKE_HAVE_LIBC_PTHREAD - Success
[0.775s] -- Found Threads: TRUE  
[0.810s] -- Found rclcpp_components: 16.0.11 (/opt/ros/humble/share/rclcpp_components/cmake)
[0.835s] -- Found OpenCV: /usr (found version "4.5.4") 
[1.040s] -- Found OpenMP_C: -fopenmp (found version "4.5") 
[1.102s] -- Found OpenMP_CXX: -fopenmp (found version "4.5") 
[1.102s] -- Found OpenMP: TRUE (found version "4.5")  
[1.107s] -- Looking for CL_VERSION_2_2
[1.127s] -- Looking for CL_VERSION_2_2 - not found
[1.127s] -- Looking for CL_VERSION_2_1
[1.145s] -- Looking for CL_VERSION_2_1 - not found
[1.146s] -- Looking for CL_VERSION_2_0
[1.164s] -- Looking for CL_VERSION_2_0 - not found
[1.165s] -- Looking for CL_VERSION_1_2
[1.185s] -- Looking for CL_VERSION_1_2 - not found
[1.186s] -- Looking for CL_VERSION_1_1
[1.209s] -- Looking for CL_VERSION_1_1 - not found
[1.210s] -- Looking for CL_VERSION_1_0
[1.231s] -- Looking for CL_VERSION_1_0 - not found
[1.234s] -- Could NOT find OpenCL (missing: OpenCL_LIBRARY OpenCL_INCLUDE_DIR) 
[1.234s] -- CPU based depth registration enabled
[1.234s] -- OpenCL based depth registration disabled
[1.236s] [0m[0m
[1.280s] -- Configuring done
[1.285s] -- Generating done
[1.287s] -- Build files have been written to: /home/enesisaoglu/rmis_ws/build/kinect2_registration
[1.295s] Invoked command in '/home/enesisaoglu/rmis_ws/build/kinect2_registration' returned '0': CMAKE_PREFIX_PATH=${CMAKE_PREFIX_PATH}:/opt/ros/humble /usr/bin/cmake /home/enesisaoglu/rmis_ws/src/kinect2_ros2/kinect2_registration -DCMAKE_INSTALL_PREFIX=/home/enesisaoglu/rmis_ws/install/kinect2_registration
[1.296s] Invoking command in '/home/enesisaoglu/rmis_ws/build/kinect2_registration': CMAKE_PREFIX_PATH=${CMAKE_PREFIX_PATH}:/opt/ros/humble /usr/bin/cmake --build /home/enesisaoglu/rmis_ws/build/kinect2_registration -- -j22 -l22
[1.339s] [ 33%] [32mBuilding CXX object CMakeFiles/kinect2_registration.dir/src/depth_registration_cpu.cpp.o[0m
[1.340s] [ 66%] [32mBuilding CXX object CMakeFiles/kinect2_registration.dir/src/kinect2_registration.cpp.o[0m
[2.399s] [01m[K/home/enesisaoglu/rmis_ws/src/kinect2_ros2/kinect2_registration/src/depth_registration_cpu.cpp:[m[K In member function ‘[01m[Kvirtual bool DepthRegistrationCPU::init(int)[m[K’:
[2.399s] [01m[K/home/enesisaoglu/rmis_ws/src/kinect2_ros2/kinect2_registration/src/depth_registration_cpu.cpp:29:43:[m[K [01;35m[Kwarning: [m[Kunused parameter ‘[01m[KdeviceId[m[K’ [[01;35m[K]8;;https://gcc.gnu.org/onlinedocs/gcc/Warning-Options.html#index-Wunused-parameter-Wunused-parameter]8;;[m[K]
[2.399s]    29 | bool DepthRegistrationCPU::init([01;35m[Kconst int deviceId[m[K)
[2.399s]       |                                 [01;35m[K~~~~~~~~~~^~~~~~~~[m[K
[3.974s] [100%] [32m[1mLinking CXX shared library libkinect2_registration.so[0m
[4.115s] [100%] Built target kinect2_registration
[4.125s] Invoked command in '/home/enesisaoglu/rmis_ws/build/kinect2_registration' returned '0': CMAKE_PREFIX_PATH=${CMAKE_PREFIX_PATH}:/opt/ros/humble /usr/bin/cmake --build /home/enesisaoglu/rmis_ws/build/kinect2_registration -- -j22 -l22
[4.127s] Invoking command in '/home/enesisaoglu/rmis_ws/build/kinect2_registration': CMAKE_PREFIX_PATH=${CMAKE_PREFIX_PATH}:/opt/ros/humble /usr/bin/cmake --install /home/enesisaoglu/rmis_ws/build/kinect2_registration
[4.131s] -- Install configuration: ""
[4.132s] -- Installing: /home/enesisaoglu/rmis_ws/install/kinect2_registration/lib/libkinect2_registration.so
[4.132s] -- Set runtime path of "/home/enesisaoglu/rmis_ws/install/kinect2_registration/lib/libkinect2_registration.so" to ""
[4.132s] -- Installing: /home/enesisaoglu/rmis_ws/install/kinect2_registration/include
[4.132s] -- Installing: /home/enesisaoglu/rmis_ws/install/kinect2_registration/include/kinect2_registration
[4.132s] -- Installing: /home/enesisaoglu/rmis_ws/install/kinect2_registration/include/kinect2_registration/kinect2_console.h
[4.132s] -- Installing: /home/enesisaoglu/rmis_ws/install/kinect2_registration/include/kinect2_registration/kinect2_registration.h
[4.132s] -- Installing: /home/enesisaoglu/rmis_ws/install/kinect2_registration/include/internal
[4.132s] -- Installing: /home/enesisaoglu/rmis_ws/install/kinect2_registration/include/internal/CL
[4.132s] -- Installing: /home/enesisaoglu/rmis_ws/install/kinect2_registration/include/internal/CL/cl.hpp
[4.133s] -- Installing: /home/enesisaoglu/rmis_ws/install/kinect2_registration/share/kinect2_registration/environment/library_path.sh
[4.133s] -- Installing: /home/enesisaoglu/rmis_ws/install/kinect2_registration/share/kinect2_registration/environment/library_path.dsv
[4.133s] -- Installing: /home/enesisaoglu/rmis_ws/install/kinect2_registration/share/ament_index/resource_index/package_run_dependencies/kinect2_registration
[4.133s] -- Installing: /home/enesisaoglu/rmis_ws/install/kinect2_registration/share/ament_index/resource_index/parent_prefix_path/kinect2_registration
[4.133s] -- Installing: /home/enesisaoglu/rmis_ws/install/kinect2_registration/share/kinect2_registration/environment/ament_prefix_path.sh
[4.133s] -- Installing: /home/enesisaoglu/rmis_ws/install/kinect2_registration/share/kinect2_registration/environment/ament_prefix_path.dsv
[4.133s] -- Installing: /home/enesisaoglu/rmis_ws/install/kinect2_registration/share/kinect2_registration/environment/path.sh
[4.133s] -- Installing: /home/enesisaoglu/rmis_ws/install/kinect2_registration/share/kinect2_registration/environment/path.dsv
[4.133s] -- Installing: /home/enesisaoglu/rmis_ws/install/kinect2_registration/share/kinect2_registration/local_setup.bash
[4.133s] -- Installing: /home/enesisaoglu/rmis_ws/install/kinect2_registration/share/kinect2_registration/local_setup.sh
[4.134s] -- Installing: /home/enesisaoglu/rmis_ws/install/kinect2_registration/share/kinect2_registration/local_setup.zsh
[4.134s] -- Installing: /home/enesisaoglu/rmis_ws/install/kinect2_registration/share/kinect2_registration/local_setup.dsv
[4.134s] -- Installing: /home/enesisaoglu/rmis_ws/install/kinect2_registration/share/kinect2_registration/package.dsv
[4.134s] -- Installing: /home/enesisaoglu/rmis_ws/install/kinect2_registration/share/ament_index/resource_index/packages/kinect2_registration
[4.134s] -- Installing: /home/enesisaoglu/rmis_ws/install/kinect2_registration/share/kinect2_registration/cmake/kinect2_registration.cmake
[4.134s] -- Installing: /home/enesisaoglu/rmis_ws/install/kinect2_registration/share/kinect2_registration/cmake/ament_cmake_export_include_directories-extras.cmake
[4.134s] -- Installing: /home/enesisaoglu/rmis_ws/install/kinect2_registration/share/kinect2_registration/cmake/ament_cmake_export_libraries-extras.cmake
[4.134s] -- Installing: /home/enesisaoglu/rmis_ws/install/kinect2_registration/share/kinect2_registration/cmake/kinect2_registrationConfig.cmake
[4.134s] -- Installing: /home/enesisaoglu/rmis_ws/install/kinect2_registration/share/kinect2_registration/cmake/kinect2_registrationConfig-version.cmake
[4.134s] -- Installing: /home/enesisaoglu/rmis_ws/install/kinect2_registration/share/kinect2_registration/package.xml
[4.135s] Invoked command in '/home/enesisaoglu/rmis_ws/build/kinect2_registration' returned '0': CMAKE_PREFIX_PATH=${CMAKE_PREFIX_PATH}:/opt/ros/humble /usr/bin/cmake --install /home/enesisaoglu/rmis_ws/build/kinect2_registration
